# JRE version: OpenJDK Runtime Environment Temurin-17.0.10+7 (17.0.10+7) (build 17.0.10+7)
# Java VM: OpenJDK 64-Bit Server VM Temurin-17.0.10+7 (17.0.10+7, mixed mode, tiered, compressed oops, compressed class ptrs, parallel gc, windows-amd64)
GC Precious Log:
 CPUs: 16 total, 16 available
 Memory: 7599M
 Large Page Support: Disabled
 NUMA Support: Disabled
 Compressed Oops: Enabled (32-bit)
 Alignments: Space 512K, Generation 512K, Heap 2M
 Heap Min Capacity: 100M
 Heap Initial Capacity: 100M
 Heap Max Capacity: 1G
 Pre-touch: Disabled
 Parallel Workers: 13
Heap:
 PSYoungGen      total 5120K, used 4075K [0x00000000eab00000, 0x00000000eb100000, 0x0000000100000000)
  eden space 4096K, 78% used [0x00000000eab00000,0x00000000eae279c0,0x00000000eaf00000)
  from space 1024K, 82% used [0x00000000eaf00000,0x00000000eafd34b8,0x00000000eb000000)
  to   space 1024K, 0% used [0x00000000eb000000,0x00000000eb000000,0x00000000eb100000)
 ParOldGen       total 123904K, used 98117K [0x00000000c0000000, 0x00000000c7900000, 0x00000000eab00000)
  object space 123904K, 79% used [0x00000000c0000000,0x00000000c5fd15f0,0x00000000c7900000)
 Metaspace       used 81880K, committed 83264K, reserved 1179648K
  class space    used 8386K, committed 9024K, reserved 1048576K
GC Heap History (20 events):
Event: 2124.211 GC heap before
{Heap before GC invocations=311 (full 11):
 PSYoungGen      total 3072K, used 2560K [0x00000000eab00000, 0x00000000eaf80000, 0x0000000100000000)
  eden space 2048K, 100% used [0x00000000eab00000,0x00000000ead00000,0x00000000ead00000)
  from space 1024K, 50% used [0x00000000ead00000,0x00000000ead80000,0x00000000eae00000)
  to   space 1024K, 0% used [0x00000000eae80000,0x00000000eae80000,0x00000000eaf80000)
 ParOldGen       total 129024K, used 127602K [0x00000000c0000000, 0x00000000c7e00000, 0x00000000eab00000)
  object space 129024K, 98% used [0x00000000c0000000,0x00000000c7c9cb58,0x00000000c7e00000)
 Metaspace       used 81239K, committed 82560K, reserved 1179648K
  class space    used 8338K, committed 9024K, reserved 1048576K
}
Event: 2124.213 GC heap after
{Heap after GC invocations=311 (full 11):
 PSYoungGen      total 3072K, used 448K [0x00000000eab00000, 0x00000000eaf00000, 0x0000000100000000)
  eden space 2560K, 0% used [0x00000000eab00000,0x00000000eab00000,0x00000000ead80000)
  from space 512K, 87% used [0x00000000eae80000,0x00000000eaef0000,0x00000000eaf00000)
  to   space 512K, 0% used [0x00000000eae00000,0x00000000eae00000,0x00000000eae80000)
 ParOldGen       total 129024K, used 127890K [0x00000000c0000000, 0x00000000c7e00000, 0x00000000eab00000)
  object space 129024K, 99% used [0x00000000c0000000,0x00000000c7ce4b78,0x00000000c7e00000)
 Metaspace       used 81239K, committed 82560K, reserved 1179648K
  class space    used 8338K, committed 9024K, reserved 1048576K
}
Event: 2124.225 GC heap before
{Heap before GC invocations=312 (full 11):
 PSYoungGen      total 3072K, used 3008K [0x00000000eab00000, 0x00000000eaf00000, 0x0000000100000000)
  eden space 2560K, 100% used [0x00000000eab00000,0x00000000ead80000,0x00000000ead80000)
  from space 512K, 87% used [0x00000000eae80000,0x00000000eaef0000,0x00000000eaf00000)
  to   space 512K, 0% used [0x00000000eae00000,0x00000000eae00000,0x00000000eae80000)
 ParOldGen       total 129024K, used 127890K [0x00000000c0000000, 0x00000000c7e00000, 0x00000000eab00000)
  object space 129024K, 99% used [0x00000000c0000000,0x00000000c7ce4b78,0x00000000c7e00000)
 Metaspace       used 81239K, committed 82560K, reserved 1179648K
  class space    used 8338K, committed 9024K, reserved 1048576K
}
Event: 2124.227 GC heap after
{Heap after GC invocations=312 (full 11):
 PSYoungGen      total 3584K, used 506K [0x00000000eab00000, 0x00000000eb000000, 0x0000000100000000)
  eden space 3072K, 0% used [0x00000000eab00000,0x00000000eab00000,0x00000000eae00000)
  from space 512K, 98% used [0x00000000eae00000,0x00000000eae7e900,0x00000000eae80000)
  to   space 1024K, 0% used [0x00000000eaf00000,0x00000000eaf00000,0x00000000eb000000)
 ParOldGen       total 129024K, used 128214K [0x00000000c0000000, 0x00000000c7e00000, 0x00000000eab00000)
  object space 129024K, 99% used [0x00000000c0000000,0x00000000c7d35b98,0x00000000c7e00000)
 Metaspace       used 81239K, committed 82560K, reserved 1179648K
  class space    used 8338K, committed 9024K, reserved 1048576K
}
Event: 2124.251 GC heap before
{Heap before GC invocations=313 (full 11):
 PSYoungGen      total 3584K, used 3578K [0x00000000eab00000, 0x00000000eb000000, 0x0000000100000000)
  eden space 3072K, 100% used [0x00000000eab00000,0x00000000eae00000,0x00000000eae00000)
  from space 512K, 98% used [0x00000000eae00000,0x00000000eae7e900,0x00000000eae80000)
  to   space 1024K, 0% used [0x00000000eaf00000,0x00000000eaf00000,0x00000000eb000000)
 ParOldGen       total 129024K, used 128214K [0x00000000c0000000, 0x00000000c7e00000, 0x00000000eab00000)
  object space 129024K, 99% used [0x00000000c0000000,0x00000000c7d35b98,0x00000000c7e00000)
 Metaspace       used 81275K, committed 82624K, reserved 1179648K
  class space    used 8338K, committed 9024K, reserved 1048576K
}
Event: 2124.254 GC heap after
{Heap after GC invocations=313 (full 11):
 PSYoungGen      total 4096K, used 640K [0x00000000eab00000, 0x00000000eb100000, 0x0000000100000000)
  eden space 3072K, 0% used [0x00000000eab00000,0x00000000eab00000,0x00000000eae00000)
  from space 1024K, 62% used [0x00000000eaf00000,0x00000000eafa0000,0x00000000eb000000)
  to   space 1024K, 0% used [0x00000000eae00000,0x00000000eae00000,0x00000000eaf00000)
 ParOldGen       total 129024K, used 128753K [0x00000000c0000000, 0x00000000c7e00000, 0x00000000eab00000)
  object space 129024K, 99% used [0x00000000c0000000,0x00000000c7dbc790,0x00000000c7e00000)
 Metaspace       used 81275K, committed 82624K, reserved 1179648K
  class space    used 8338K, committed 9024K, reserved 1048576K
}
Event: 2124.254 GC heap before
{Heap before GC invocations=314 (full 12):
 PSYoungGen      total 4096K, used 640K [0x00000000eab00000, 0x00000000eb100000, 0x0000000100000000)
  eden space 3072K, 0% used [0x00000000eab00000,0x00000000eab00000,0x00000000eae00000)
  from space 1024K, 62% used [0x00000000eaf00000,0x00000000eafa0000,0x00000000eb000000)
  to   space 1024K, 0% used [0x00000000eae00000,0x00000000eae00000,0x00000000eaf00000)
 ParOldGen       total 129024K, used 128753K [0x00000000c0000000, 0x00000000c7e00000, 0x00000000eab00000)
  object space 129024K, 99% used [0x00000000c0000000,0x00000000c7dbc790,0x00000000c7e00000)
 Metaspace       used 81275K, committed 82624K, reserved 1179648K
  class space    used 8338K, committed 9024K, reserved 1048576K
}
Event: 2124.389 GC heap after
{Heap after GC invocations=314 (full 12):
 PSYoungGen      total 4096K, used 0K [0x00000000eab00000, 0x00000000eb100000, 0x0000000100000000)
  eden space 3072K, 0% used [0x00000000eab00000,0x00000000eab00000,0x00000000eae00000)
  from space 1024K, 0% used [0x00000000eae00000,0x00000000eae00000,0x00000000eaf00000)
  to   space 1024K, 0% used [0x00000000eb000000,0x00000000eb000000,0x00000000eb100000)
 ParOldGen       total 123904K, used 97356K [0x00000000c0000000, 0x00000000c7900000, 0x00000000eab00000)
  object space 123904K, 78% used [0x00000000c0000000,0x00000000c5f13138,0x00000000c7900000)
 Metaspace       used 81227K, committed 82624K, reserved 1179648K
  class space    used 8326K, committed 9024K, reserved 1048576K
}
Event: 2124.909 GC heap before
{Heap before GC invocations=315 (full 12):
 PSYoungGen      total 4096K, used 3072K [0x00000000eab00000, 0x00000000eb100000, 0x0000000100000000)
  eden space 3072K, 100% used [0x00000000eab00000,0x00000000eae00000,0x00000000eae00000)
  from space 1024K, 0% used [0x00000000eae00000,0x00000000eae00000,0x00000000eaf00000)
  to   space 1024K, 0% used [0x00000000eb000000,0x00000000eb000000,0x00000000eb100000)
 ParOldGen       total 123904K, used 97356K [0x00000000c0000000, 0x00000000c7900000, 0x00000000eab00000)
  object space 123904K, 78% used [0x00000000c0000000,0x00000000c5f13138,0x00000000c7900000)
 Metaspace       used 81513K, committed 82880K, reserved 1179648K
  class space    used 8358K, committed 9024K, reserved 1048576K
}
Event: 2124.910 GC heap after
{Heap after GC invocations=315 (full 12):
 PSYoungGen      total 5120K, used 448K [0x00000000eab00000, 0x00000000eb100000, 0x0000000100000000)
  eden space 4096K, 0% used [0x00000000eab00000,0x00000000eab00000,0x00000000eaf00000)
  from space 1024K, 43% used [0x00000000eb000000,0x00000000eb070000,0x00000000eb100000)
  to   space 1024K, 0% used [0x00000000eaf00000,0x00000000eaf00000,0x00000000eb000000)
 ParOldGen       total 123904K, used 97356K [0x00000000c0000000, 0x00000000c7900000, 0x00000000eab00000)
  object space 123904K, 78% used [0x00000000c0000000,0x00000000c5f13138,0x00000000c7900000)
 Metaspace       used 81513K, committed 82880K, reserved 1179648K
  class space    used 8358K, committed 9024K, reserved 1048576K
}
Event: 5917.031 GC heap before
{Heap before GC invocations=316 (full 12):
 PSYoungGen      total 5120K, used 4544K [0x00000000eab00000, 0x00000000eb100000, 0x0000000100000000)
  eden space 4096K, 100% used [0x00000000eab00000,0x00000000eaf00000,0x00000000eaf00000)
  from space 1024K, 43% used [0x00000000eb000000,0x00000000eb070000,0x00000000eb100000)
  to   space 1024K, 0% used [0x00000000eaf00000,0x00000000eaf00000,0x00000000eb000000)
 ParOldGen       total 123904K, used 97356K [0x00000000c0000000, 0x00000000c7900000, 0x00000000eab00000)
  object space 123904K, 78% used [0x00000000c0000000,0x00000000c5f13138,0x00000000c7900000)
 Metaspace       used 81714K, committed 83072K, reserved 1179648K
  class space    used 8377K, committed 9024K, reserved 1048576K
}
Event: 5917.075 GC heap after
{Heap after GC invocations=316 (full 12):
 PSYoungGen      total 5120K, used 384K [0x00000000eab00000, 0x00000000eb080000, 0x0000000100000000)
  eden space 4096K, 0% used [0x00000000eab00000,0x00000000eab00000,0x00000000eaf00000)
  from space 1024K, 37% used [0x00000000eaf00000,0x00000000eaf60000,0x00000000eb000000)
  to   space 512K, 0% used [0x00000000eb000000,0x00000000eb000000,0x00000000eb080000)
 ParOldGen       total 123904K, used 97604K [0x00000000c0000000, 0x00000000c7900000, 0x00000000eab00000)
  object space 123904K, 78% used [0x00000000c0000000,0x00000000c5f51138,0x00000000c7900000)
 Metaspace       used 81714K, committed 83072K, reserved 1179648K
  class space    used 8377K, committed 9024K, reserved 1048576K
}
Event: 5922.122 GC heap before
{Heap before GC invocations=317 (full 12):
 PSYoungGen      total 5120K, used 4480K [0x00000000eab00000, 0x00000000eb080000, 0x0000000100000000)
  eden space 4096K, 100% used [0x00000000eab00000,0x00000000eaf00000,0x00000000eaf00000)
  from space 1024K, 37% used [0x00000000eaf00000,0x00000000eaf60000,0x00000000eb000000)
  to   space 512K, 0% used [0x00000000eb000000,0x00000000eb000000,0x00000000eb080000)
 ParOldGen       total 123904K, used 97604K [0x00000000c0000000, 0x00000000c7900000, 0x00000000eab00000)
  object space 123904K, 78% used [0x00000000c0000000,0x00000000c5f51138,0x00000000c7900000)
 Metaspace       used 81719K, committed 83072K, reserved 1179648K
  class space    used 8377K, committed 9024K, reserved 1048576K
}
Event: 5922.124 GC heap after
{Heap after GC invocations=317 (full 12):
 PSYoungGen      total 4608K, used 192K [0x00000000eab00000, 0x00000000eb080000, 0x0000000100000000)
  eden space 4096K, 0% used [0x00000000eab00000,0x00000000eab00000,0x00000000eaf00000)
  from space 512K, 37% used [0x00000000eb000000,0x00000000eb030000,0x00000000eb080000)
  to   space 512K, 0% used [0x00000000eaf80000,0x00000000eaf80000,0x00000000eb000000)
 ParOldGen       total 123904K, used 97708K [0x00000000c0000000, 0x00000000c7900000, 0x00000000eab00000)
  object space 123904K, 78% used [0x00000000c0000000,0x00000000c5f6b138,0x00000000c7900000)
 Metaspace       used 81719K, committed 83072K, reserved 1179648K
  class space    used 8377K, committed 9024K, reserved 1048576K
}
Event: 5927.928 GC heap before
{Heap before GC invocations=318 (full 12):
 PSYoungGen      total 4608K, used 4287K [0x00000000eab00000, 0x00000000eb080000, 0x0000000100000000)
  eden space 4096K, 99% used [0x00000000eab00000,0x00000000eaefffe8,0x00000000eaf00000)
  from space 512K, 37% used [0x00000000eb000000,0x00000000eb030000,0x00000000eb080000)
  to   space 512K, 0% used [0x00000000eaf80000,0x00000000eaf80000,0x00000000eb000000)
 ParOldGen       total 123904K, used 97708K [0x00000000c0000000, 0x00000000c7900000, 0x00000000eab00000)
  object space 123904K, 78% used [0x00000000c0000000,0x00000000c5f6b138,0x00000000c7900000)
 Metaspace       used 81731K, committed 83072K, reserved 1179648K
  class space    used 8377K, committed 9024K, reserved 1048576K
}
Event: 5927.931 GC heap after
{Heap after GC invocations=318 (full 12):
 PSYoungGen      total 4608K, used 384K [0x00000000eab00000, 0x00000000eb080000, 0x0000000100000000)
  eden space 4096K, 0% used [0x00000000eab00000,0x00000000eab00000,0x00000000eaf00000)
  from space 512K, 75% used [0x00000000eaf80000,0x00000000eafe0000,0x00000000eb000000)
  to   space 512K, 0% used [0x00000000eb000000,0x00000000eb000000,0x00000000eb080000)
 ParOldGen       total 123904K, used 97708K [0x00000000c0000000, 0x00000000c7900000, 0x00000000eab00000)
  object space 123904K, 78% used [0x00000000c0000000,0x00000000c5f6b138,0x00000000c7900000)
 Metaspace       used 81731K, committed 83072K, reserved 1179648K
  class space    used 8377K, committed 9024K, reserved 1048576K
}
Event: 5928.193 GC heap before
{Heap before GC invocations=319 (full 12):
 PSYoungGen      total 4608K, used 4480K [0x00000000eab00000, 0x00000000eb080000, 0x0000000100000000)
  eden space 4096K, 100% used [0x00000000eab00000,0x00000000eaf00000,0x00000000eaf00000)
  from space 512K, 75% used [0x00000000eaf80000,0x00000000eafe0000,0x00000000eb000000)
  to   space 512K, 0% used [0x00000000eb000000,0x00000000eb000000,0x00000000eb080000)
 ParOldGen       total 123904K, used 97708K [0x00000000c0000000, 0x00000000c7900000, 0x00000000eab00000)
  object space 123904K, 78% used [0x00000000c0000000,0x00000000c5f6b138,0x00000000c7900000)
 Metaspace       used 81746K, committed 83136K, reserved 1179648K
  class space    used 8380K, committed 9024K, reserved 1048576K
}
Event: 5928.196 GC heap after
{Heap after GC invocations=319 (full 12):
 PSYoungGen      total 4608K, used 490K [0x00000000eab00000, 0x00000000eb100000, 0x0000000100000000)
  eden space 4096K, 0% used [0x00000000eab00000,0x00000000eab00000,0x00000000eaf00000)
  from space 512K, 95% used [0x00000000eb000000,0x00000000eb07a930,0x00000000eb080000)
  to   space 1024K, 0% used [0x00000000eaf00000,0x00000000eaf00000,0x00000000eb000000)
 ParOldGen       total 123904K, used 97838K [0x00000000c0000000, 0x00000000c7900000, 0x00000000eab00000)
  object space 123904K, 78% used [0x00000000c0000000,0x00000000c5f8ba38,0x00000000c7900000)
 Metaspace       used 81746K, committed 83136K, reserved 1179648K
  class space    used 8380K, committed 9024K, reserved 1048576K
}
Event: 5928.394 GC heap before
{Heap before GC invocations=320 (full 12):
 PSYoungGen      total 4608K, used 4586K [0x00000000eab00000, 0x00000000eb100000, 0x0000000100000000)
  eden space 4096K, 100% used [0x00000000eab00000,0x00000000eaf00000,0x00000000eaf00000)
  from space 512K, 95% used [0x00000000eb000000,0x00000000eb07a930,0x00000000eb080000)
  to   space 1024K, 0% used [0x00000000eaf00000,0x00000000eaf00000,0x00000000eb000000)
 ParOldGen       total 123904K, used 97838K [0x00000000c0000000, 0x00000000c7900000, 0x00000000eab00000)
  object space 123904K, 78% used [0x00000000c0000000,0x00000000c5f8ba38,0x00000000c7900000)
 Metaspace       used 81765K, committed 83136K, reserved 1179648K
  class space    used 8384K, committed 9024K, reserved 1048576K
}
Event: 5928.404 GC heap after
{Heap after GC invocations=320 (full 12):
 PSYoungGen      total 5120K, used 845K [0x00000000eab00000, 0x00000000eb100000, 0x0000000100000000)
  eden space 4096K, 0% used [0x00000000eab00000,0x00000000eab00000,0x00000000eaf00000)
  from space 1024K, 82% used [0x00000000eaf00000,0x00000000eafd34b8,0x00000000eb000000)
  to   space 1024K, 0% used [0x00000000eb000000,0x00000000eb000000,0x00000000eb100000)
 ParOldGen       total 123904K, used 98117K [0x00000000c0000000, 0x00000000c7900000, 0x00000000eab00000)
  object space 123904K, 79% used [0x00000000c0000000,0x00000000c5fd15f0,0x00000000c7900000)
 Metaspace       used 81765K, committed 83136K, reserved 1179648K
  class space    used 8384K, committed 9024K, reserved 1048576K
}

