# JRE version: OpenJDK Runtime Environment Temurin-17.0.10+7 (17.0.10+7) (build 17.0.10+7)
# Java VM: OpenJDK 64-Bit Server VM Temurin-17.0.10+7 (17.0.10+7, mixed mode, emulated-client, tiered, compressed oops, compressed class ptrs, g1 gc, windows-amd64)
GC Precious Log:
 CPUs: 16 total, 16 available
 Memory: 7599M
 Large Page Support: Disabled
 NUMA Support: Disabled
 Compressed Oops: Enabled (32-bit)
 Heap Region Size: 1M
 Heap Min Capacity: 8M
 Heap Initial Capacity: 120M
 Heap Max Capacity: 1G
 Pre-touch: Disabled
 Parallel Workers: 13
 Concurrent Workers: 3
 Concurrent Refinement Workers: 13
 Periodic GC: Disabled
Heap:
 garbage-first heap   total 75776K, used 24001K [0x00000000c0000000, 0x0000000100000000)
  region size 1024K, 1 young (1024K), 0 survivors (0K)
 Metaspace       used 38809K, committed 39360K, reserved 1114112K
  class space    used 5120K, committed 5376K, reserved 1048576K
GC Heap History (20 events):
Event: 483.142 GC heap before
{Heap before GC invocations=47 (full 39):
 garbage-first heap   total 75776K, used 24001K [0x00000000c0000000, 0x0000000100000000)
  region size 1024K, 1 young (1024K), 0 survivors (0K)
 Metaspace       used 38809K, committed 39360K, reserved 1114112K
  class space    used 5120K, committed 5376K, reserved 1048576K
}
Event: 483.161 GC heap after
{Heap after GC invocations=48 (full 40):
 garbage-first heap   total 75776K, used 24001K [0x00000000c0000000, 0x0000000100000000)
  region size 1024K, 0 young (0K), 0 survivors (0K)
 Metaspace       used 38809K, committed 39360K, reserved 1114112K
  class space    used 5120K, committed 5376K, reserved 1048576K
}
Event: 493.301 GC heap before
{Heap before GC invocations=48 (full 40):
 garbage-first heap   total 75776K, used 24001K [0x00000000c0000000, 0x0000000100000000)
  region size 1024K, 1 young (1024K), 0 survivors (0K)
 Metaspace       used 38809K, committed 39360K, reserved 1114112K
  class space    used 5120K, committed 5376K, reserved 1048576K
}
Event: 493.318 GC heap after
{Heap after GC invocations=49 (full 41):
 garbage-first heap   total 75776K, used 24001K [0x00000000c0000000, 0x0000000100000000)
  region size 1024K, 0 young (0K), 0 survivors (0K)
 Metaspace       used 38809K, committed 39360K, reserved 1114112K
  class space    used 5120K, committed 5376K, reserved 1048576K
}
Event: 503.442 GC heap before
{Heap before GC invocations=49 (full 41):
 garbage-first heap   total 75776K, used 24001K [0x00000000c0000000, 0x0000000100000000)
  region size 1024K, 1 young (1024K), 0 survivors (0K)
 Metaspace       used 38809K, committed 39360K, reserved 1114112K
  class space    used 5120K, committed 5376K, reserved 1048576K
}
Event: 503.456 GC heap after
{Heap after GC invocations=50 (full 42):
 garbage-first heap   total 75776K, used 24001K [0x00000000c0000000, 0x0000000100000000)
  region size 1024K, 0 young (0K), 0 survivors (0K)
 Metaspace       used 38809K, committed 39360K, reserved 1114112K
  class space    used 5120K, committed 5376K, reserved 1048576K
}
Event: 513.570 GC heap before
{Heap before GC invocations=50 (full 42):
 garbage-first heap   total 75776K, used 24001K [0x00000000c0000000, 0x0000000100000000)
  region size 1024K, 1 young (1024K), 0 survivors (0K)
 Metaspace       used 38809K, committed 39360K, reserved 1114112K
  class space    used 5120K, committed 5376K, reserved 1048576K
}
Event: 513.585 GC heap after
{Heap after GC invocations=51 (full 43):
 garbage-first heap   total 75776K, used 24001K [0x00000000c0000000, 0x0000000100000000)
  region size 1024K, 0 young (0K), 0 survivors (0K)
 Metaspace       used 38809K, committed 39360K, reserved 1114112K
  class space    used 5120K, committed 5376K, reserved 1048576K
}
Event: 523.708 GC heap before
{Heap before GC invocations=51 (full 43):
 garbage-first heap   total 75776K, used 24001K [0x00000000c0000000, 0x0000000100000000)
  region size 1024K, 1 young (1024K), 0 survivors (0K)
 Metaspace       used 38809K, committed 39360K, reserved 1114112K
  class space    used 5120K, committed 5376K, reserved 1048576K
}
Event: 523.722 GC heap after
{Heap after GC invocations=52 (full 44):
 garbage-first heap   total 75776K, used 24001K [0x00000000c0000000, 0x0000000100000000)
  region size 1024K, 0 young (0K), 0 survivors (0K)
 Metaspace       used 38809K, committed 39360K, reserved 1114112K
  class space    used 5120K, committed 5376K, reserved 1048576K
}
Event: 533.882 GC heap before
{Heap before GC invocations=52 (full 44):
 garbage-first heap   total 75776K, used 24001K [0x00000000c0000000, 0x0000000100000000)
  region size 1024K, 1 young (1024K), 0 survivors (0K)
 Metaspace       used 38809K, committed 39360K, reserved 1114112K
  class space    used 5120K, committed 5376K, reserved 1048576K
}
Event: 533.899 GC heap after
{Heap after GC invocations=53 (full 45):
 garbage-first heap   total 75776K, used 24001K [0x00000000c0000000, 0x0000000100000000)
  region size 1024K, 0 young (0K), 0 survivors (0K)
 Metaspace       used 38809K, committed 39360K, reserved 1114112K
  class space    used 5120K, committed 5376K, reserved 1048576K
}
Event: 544.612 GC heap before
{Heap before GC invocations=53 (full 45):
 garbage-first heap   total 75776K, used 24001K [0x00000000c0000000, 0x0000000100000000)
  region size 1024K, 1 young (1024K), 0 survivors (0K)
 Metaspace       used 38809K, committed 39360K, reserved 1114112K
  class space    used 5120K, committed 5376K, reserved 1048576K
}
Event: 544.637 GC heap after
{Heap after GC invocations=54 (full 46):
 garbage-first heap   total 75776K, used 24001K [0x00000000c0000000, 0x0000000100000000)
  region size 1024K, 0 young (0K), 0 survivors (0K)
 Metaspace       used 38809K, committed 39360K, reserved 1114112K
  class space    used 5120K, committed 5376K, reserved 1048576K
}
Event: 554.764 GC heap before
{Heap before GC invocations=54 (full 46):
 garbage-first heap   total 75776K, used 24001K [0x00000000c0000000, 0x0000000100000000)
  region size 1024K, 1 young (1024K), 0 survivors (0K)
 Metaspace       used 38809K, committed 39360K, reserved 1114112K
  class space    used 5120K, committed 5376K, reserved 1048576K
}
Event: 554.778 GC heap after
{Heap after GC invocations=55 (full 47):
 garbage-first heap   total 75776K, used 24001K [0x00000000c0000000, 0x0000000100000000)
  region size 1024K, 0 young (0K), 0 survivors (0K)
 Metaspace       used 38809K, committed 39360K, reserved 1114112K
  class space    used 5120K, committed 5376K, reserved 1048576K
}
Event: 564.911 GC heap before
{Heap before GC invocations=55 (full 47):
 garbage-first heap   total 75776K, used 24001K [0x00000000c0000000, 0x0000000100000000)
  region size 1024K, 1 young (1024K), 0 survivors (0K)
 Metaspace       used 38809K, committed 39360K, reserved 1114112K
  class space    used 5120K, committed 5376K, reserved 1048576K
}
Event: 564.925 GC heap after
{Heap after GC invocations=56 (full 48):
 garbage-first heap   total 75776K, used 24001K [0x00000000c0000000, 0x0000000100000000)
  region size 1024K, 0 young (0K), 0 survivors (0K)
 Metaspace       used 38809K, committed 39360K, reserved 1114112K
  class space    used 5120K, committed 5376K, reserved 1048576K
}
Event: 575.063 GC heap before
{Heap before GC invocations=56 (full 48):
 garbage-first heap   total 75776K, used 24001K [0x00000000c0000000, 0x0000000100000000)
  region size 1024K, 1 young (1024K), 0 survivors (0K)
 Metaspace       used 38809K, committed 39360K, reserved 1114112K
  class space    used 5120K, committed 5376K, reserved 1048576K
}
Event: 575.078 GC heap after
{Heap after GC invocations=57 (full 49):
 garbage-first heap   total 75776K, used 24001K [0x00000000c0000000, 0x0000000100000000)
  region size 1024K, 0 young (0K), 0 survivors (0K)
 Metaspace       used 38809K, committed 39360K, reserved 1114112K
  class space    used 5120K, committed 5376K, reserved 1048576K
}

