# JRE version: OpenJDK Runtime Environment Temurin-17.0.9+9 (17.0.9+9) (build 17.0.9+9)
# Java VM: OpenJDK 64-Bit Server VM Temurin-17.0.9+9 (17.0.9+9, mixed mode, tiered, compressed oops, compressed class ptrs, parallel gc, windows-amd64)
GC Precious Log:
 CPUs: 16 total, 16 available
 Memory: 7599M
 Large Page Support: Disabled
 NUMA Support: Disabled
 Compressed Oops: Enabled (32-bit)
 Alignments: Space 512K, Generation 512K, Heap 2M
 Heap Min Capacity: 100M
 Heap Initial Capacity: 100M
 Heap Max Capacity: 1G
 Pre-touch: Disabled
 Parallel Workers: 13
Heap:
 PSYoungGen      total 19456K, used 4838K [0x00000000eab00000, 0x00000000ec000000, 0x0000000100000000)
  eden space 18432K, 20% used [0x00000000eab00000,0x00000000eaebd9a8,0x00000000ebd00000)
  from space 1024K, 98% used [0x00000000ebe80000,0x00000000ebf7c010,0x00000000ebf80000)
  to   space 1536K, 0% used [0x00000000ebd00000,0x00000000ebd00000,0x00000000ebe80000)
 ParOldGen       total 68608K, used 39822K [0x00000000c0000000, 0x00000000c4300000, 0x00000000eab00000)
  object space 68608K, 58% used [0x00000000c0000000,0x00000000c26e3b38,0x00000000c4300000)
 Metaspace       used 60757K, committed 62016K, reserved 1114112K
  class space    used 6556K, committed 7168K, reserved 1048576K
GC Heap History (20 events):
Event: 6.907 GC heap before
{Heap before GC invocations=26 (full 2):
 PSYoungGen      total 22528K, used 22176K [0x00000000eab00000, 0x00000000ec380000, 0x0000000100000000)
  eden space 19968K, 100% used [0x00000000eab00000,0x00000000ebe80000,0x00000000ebe80000)
  from space 2560K, 86% used [0x00000000ebf00000,0x00000000ec128010,0x00000000ec180000)
  to   space 2048K, 0% used [0x00000000ec180000,0x00000000ec180000,0x00000000ec380000)
 ParOldGen       total 68608K, used 30937K [0x00000000c0000000, 0x00000000c4300000, 0x00000000eab00000)
  object space 68608K, 45% used [0x00000000c0000000,0x00000000c1e36638,0x00000000c4300000)
 Metaspace       used 52963K, committed 54080K, reserved 1114112K
  class space    used 5730K, committed 6208K, reserved 1048576K
}
Event: 6.910 GC heap after
{Heap after GC invocations=26 (full 2):
 PSYoungGen      total 20480K, used 2048K [0x00000000eab00000, 0x00000000ec780000, 0x0000000100000000)
  eden space 18432K, 0% used [0x00000000eab00000,0x00000000eab00000,0x00000000ebd00000)
  from space 2048K, 100% used [0x00000000ec180000,0x00000000ec380000,0x00000000ec380000)
  to   space 4608K, 0% used [0x00000000ebd00000,0x00000000ebd00000,0x00000000ec180000)
 ParOldGen       total 68608K, used 33057K [0x00000000c0000000, 0x00000000c4300000, 0x00000000eab00000)
  object space 68608K, 48% used [0x00000000c0000000,0x00000000c2048648,0x00000000c4300000)
 Metaspace       used 52963K, committed 54080K, reserved 1114112K
  class space    used 5730K, committed 6208K, reserved 1048576K
}
Event: 7.101 GC heap before
{Heap before GC invocations=27 (full 2):
 PSYoungGen      total 20480K, used 20479K [0x00000000eab00000, 0x00000000ec780000, 0x0000000100000000)
  eden space 18432K, 99% used [0x00000000eab00000,0x00000000ebcffff8,0x00000000ebd00000)
  from space 2048K, 100% used [0x00000000ec180000,0x00000000ec380000,0x00000000ec380000)
  to   space 4608K, 0% used [0x00000000ebd00000,0x00000000ebd00000,0x00000000ec180000)
 ParOldGen       total 68608K, used 33057K [0x00000000c0000000, 0x00000000c4300000, 0x00000000eab00000)
  object space 68608K, 48% used [0x00000000c0000000,0x00000000c2048648,0x00000000c4300000)
 Metaspace       used 54055K, committed 55296K, reserved 1114112K
  class space    used 5845K, committed 6400K, reserved 1048576K
}
Event: 7.106 GC heap after
{Heap after GC invocations=27 (full 2):
 PSYoungGen      total 19968K, used 1424K [0x00000000eab00000, 0x00000000ec200000, 0x0000000100000000)
  eden space 18432K, 0% used [0x00000000eab00000,0x00000000eab00000,0x00000000ebd00000)
  from space 1536K, 92% used [0x00000000ebd00000,0x00000000ebe64010,0x00000000ebe80000)
  to   space 2560K, 0% used [0x00000000ebf80000,0x00000000ebf80000,0x00000000ec200000)
 ParOldGen       total 68608K, used 35135K [0x00000000c0000000, 0x00000000c4300000, 0x00000000eab00000)
  object space 68608K, 51% used [0x00000000c0000000,0x00000000c224fec8,0x00000000c4300000)
 Metaspace       used 54055K, committed 55296K, reserved 1114112K
  class space    used 5845K, committed 6400K, reserved 1048576K
}
Event: 7.221 GC heap before
{Heap before GC invocations=28 (full 2):
 PSYoungGen      total 19968K, used 19856K [0x00000000eab00000, 0x00000000ec200000, 0x0000000100000000)
  eden space 18432K, 100% used [0x00000000eab00000,0x00000000ebd00000,0x00000000ebd00000)
  from space 1536K, 92% used [0x00000000ebd00000,0x00000000ebe64010,0x00000000ebe80000)
  to   space 2560K, 0% used [0x00000000ebf80000,0x00000000ebf80000,0x00000000ec200000)
 ParOldGen       total 68608K, used 35135K [0x00000000c0000000, 0x00000000c4300000, 0x00000000eab00000)
  object space 68608K, 51% used [0x00000000c0000000,0x00000000c224fec8,0x00000000c4300000)
 Metaspace       used 55252K, committed 56448K, reserved 1114112K
  class space    used 5974K, committed 6528K, reserved 1048576K
}
Event: 7.224 GC heap after
{Heap after GC invocations=28 (full 2):
 PSYoungGen      total 20480K, used 1728K [0x00000000eab00000, 0x00000000ec180000, 0x0000000100000000)
  eden space 18432K, 0% used [0x00000000eab00000,0x00000000eab00000,0x00000000ebd00000)
  from space 2048K, 84% used [0x00000000ebf80000,0x00000000ec130000,0x00000000ec180000)
  to   space 2048K, 0% used [0x00000000ebd80000,0x00000000ebd80000,0x00000000ebf80000)
 ParOldGen       total 68608K, used 36388K [0x00000000c0000000, 0x00000000c4300000, 0x00000000eab00000)
  object space 68608K, 53% used [0x00000000c0000000,0x00000000c2389378,0x00000000c4300000)
 Metaspace       used 55252K, committed 56448K, reserved 1114112K
  class space    used 5974K, committed 6528K, reserved 1048576K
}
Event: 7.408 GC heap before
{Heap before GC invocations=29 (full 2):
 PSYoungGen      total 20480K, used 20160K [0x00000000eab00000, 0x00000000ec180000, 0x0000000100000000)
  eden space 18432K, 100% used [0x00000000eab00000,0x00000000ebd00000,0x00000000ebd00000)
  from space 2048K, 84% used [0x00000000ebf80000,0x00000000ec130000,0x00000000ec180000)
  to   space 2048K, 0% used [0x00000000ebd80000,0x00000000ebd80000,0x00000000ebf80000)
 ParOldGen       total 68608K, used 36388K [0x00000000c0000000, 0x00000000c4300000, 0x00000000eab00000)
  object space 68608K, 53% used [0x00000000c0000000,0x00000000c2389378,0x00000000c4300000)
 Metaspace       used 56608K, committed 57792K, reserved 1114112K
  class space    used 6121K, committed 6656K, reserved 1048576K
}
Event: 7.410 GC heap after
{Heap after GC invocations=29 (full 2):
 PSYoungGen      total 20480K, used 1577K [0x00000000eab00000, 0x00000000ec100000, 0x0000000100000000)
  eden space 18432K, 0% used [0x00000000eab00000,0x00000000eab00000,0x00000000ebd00000)
  from space 2048K, 77% used [0x00000000ebd80000,0x00000000ebf0a620,0x00000000ebf80000)
  to   space 1536K, 0% used [0x00000000ebf80000,0x00000000ebf80000,0x00000000ec100000)
 ParOldGen       total 68608K, used 37832K [0x00000000c0000000, 0x00000000c4300000, 0x00000000eab00000)
  object space 68608K, 55% used [0x00000000c0000000,0x00000000c24f2058,0x00000000c4300000)
 Metaspace       used 56608K, committed 57792K, reserved 1114112K
  class space    used 6121K, committed 6656K, reserved 1048576K
}
Event: 7.580 GC heap before
{Heap before GC invocations=30 (full 2):
 PSYoungGen      total 20480K, used 20009K [0x00000000eab00000, 0x00000000ec100000, 0x0000000100000000)
  eden space 18432K, 100% used [0x00000000eab00000,0x00000000ebd00000,0x00000000ebd00000)
  from space 2048K, 77% used [0x00000000ebd80000,0x00000000ebf0a620,0x00000000ebf80000)
  to   space 1536K, 0% used [0x00000000ebf80000,0x00000000ebf80000,0x00000000ec100000)
 ParOldGen       total 68608K, used 37832K [0x00000000c0000000, 0x00000000c4300000, 0x00000000eab00000)
  object space 68608K, 55% used [0x00000000c0000000,0x00000000c24f2058,0x00000000c4300000)
 Metaspace       used 56963K, committed 58240K, reserved 1114112K
  class space    used 6172K, committed 6720K, reserved 1048576K
}
Event: 7.583 GC heap after
{Heap after GC invocations=30 (full 2):
 PSYoungGen      total 19968K, used 1424K [0x00000000eab00000, 0x00000000ec100000, 0x0000000100000000)
  eden space 18432K, 0% used [0x00000000eab00000,0x00000000eab00000,0x00000000ebd00000)
  from space 1536K, 92% used [0x00000000ebf80000,0x00000000ec0e4010,0x00000000ec100000)
  to   space 1536K, 0% used [0x00000000ebe00000,0x00000000ebe00000,0x00000000ebf80000)
 ParOldGen       total 68608K, used 39114K [0x00000000c0000000, 0x00000000c4300000, 0x00000000eab00000)
  object space 68608K, 57% used [0x00000000c0000000,0x00000000c26328b0,0x00000000c4300000)
 Metaspace       used 56963K, committed 58240K, reserved 1114112K
  class space    used 6172K, committed 6720K, reserved 1048576K
}
Event: 7.783 GC heap before
{Heap before GC invocations=31 (full 2):
 PSYoungGen      total 19968K, used 19856K [0x00000000eab00000, 0x00000000ec100000, 0x0000000100000000)
  eden space 18432K, 100% used [0x00000000eab00000,0x00000000ebd00000,0x00000000ebd00000)
  from space 1536K, 92% used [0x00000000ebf80000,0x00000000ec0e4010,0x00000000ec100000)
  to   space 1536K, 0% used [0x00000000ebe00000,0x00000000ebe00000,0x00000000ebf80000)
 ParOldGen       total 68608K, used 39114K [0x00000000c0000000, 0x00000000c4300000, 0x00000000eab00000)
  object space 68608K, 57% used [0x00000000c0000000,0x00000000c26328b0,0x00000000c4300000)
 Metaspace       used 57447K, committed 58688K, reserved 1114112K
  class space    used 6211K, committed 6784K, reserved 1048576K
}
Event: 7.785 GC heap after
{Heap after GC invocations=31 (full 2):
 PSYoungGen      total 19456K, used 768K [0x00000000eab00000, 0x00000000ec000000, 0x0000000100000000)
  eden space 18432K, 0% used [0x00000000eab00000,0x00000000eab00000,0x00000000ebd00000)
  from space 1024K, 75% used [0x00000000ebe00000,0x00000000ebec0000,0x00000000ebf00000)
  to   space 1024K, 0% used [0x00000000ebf00000,0x00000000ebf00000,0x00000000ec000000)
 ParOldGen       total 68608K, used 40387K [0x00000000c0000000, 0x00000000c4300000, 0x00000000eab00000)
  object space 68608K, 58% used [0x00000000c0000000,0x00000000c2770fe8,0x00000000c4300000)
 Metaspace       used 57447K, committed 58688K, reserved 1114112K
  class space    used 6211K, committed 6784K, reserved 1048576K
}
Event: 7.916 GC heap before
{Heap before GC invocations=32 (full 2):
 PSYoungGen      total 19456K, used 19200K [0x00000000eab00000, 0x00000000ec000000, 0x0000000100000000)
  eden space 18432K, 100% used [0x00000000eab00000,0x00000000ebd00000,0x00000000ebd00000)
  from space 1024K, 75% used [0x00000000ebe00000,0x00000000ebec0000,0x00000000ebf00000)
  to   space 1024K, 0% used [0x00000000ebf00000,0x00000000ebf00000,0x00000000ec000000)
 ParOldGen       total 68608K, used 40387K [0x00000000c0000000, 0x00000000c4300000, 0x00000000eab00000)
  object space 68608K, 58% used [0x00000000c0000000,0x00000000c2770fe8,0x00000000c4300000)
 Metaspace       used 58023K, committed 59200K, reserved 1114112K
  class space    used 6260K, committed 6784K, reserved 1048576K
}
Event: 7.918 GC heap after
{Heap after GC invocations=32 (full 2):
 PSYoungGen      total 19456K, used 992K [0x00000000eab00000, 0x00000000ec100000, 0x0000000100000000)
  eden space 18432K, 0% used [0x00000000eab00000,0x00000000eab00000,0x00000000ebd00000)
  from space 1024K, 96% used [0x00000000ebf00000,0x00000000ebff8010,0x00000000ec000000)
  to   space 2048K, 0% used [0x00000000ebd00000,0x00000000ebd00000,0x00000000ebf00000)
 ParOldGen       total 68608K, used 41065K [0x00000000c0000000, 0x00000000c4300000, 0x00000000eab00000)
  object space 68608K, 59% used [0x00000000c0000000,0x00000000c281a6b8,0x00000000c4300000)
 Metaspace       used 58023K, committed 59200K, reserved 1114112K
  class space    used 6260K, committed 6784K, reserved 1048576K
}
Event: 7.973 GC heap before
{Heap before GC invocations=33 (full 2):
 PSYoungGen      total 19456K, used 9132K [0x00000000eab00000, 0x00000000ec100000, 0x0000000100000000)
  eden space 18432K, 44% used [0x00000000eab00000,0x00000000eb2f31b8,0x00000000ebd00000)
  from space 1024K, 96% used [0x00000000ebf00000,0x00000000ebff8010,0x00000000ec000000)
  to   space 2048K, 0% used [0x00000000ebd00000,0x00000000ebd00000,0x00000000ebf00000)
 ParOldGen       total 68608K, used 41065K [0x00000000c0000000, 0x00000000c4300000, 0x00000000eab00000)
  object space 68608K, 59% used [0x00000000c0000000,0x00000000c281a6b8,0x00000000c4300000)
 Metaspace       used 58575K, committed 59776K, reserved 1114112K
  class space    used 6322K, committed 6912K, reserved 1048576K
}
Event: 7.974 GC heap after
{Heap after GC invocations=33 (full 2):
 PSYoungGen      total 18944K, used 480K [0x00000000eab00000, 0x00000000ebf80000, 0x0000000100000000)
  eden space 18432K, 0% used [0x00000000eab00000,0x00000000eab00000,0x00000000ebd00000)
  from space 512K, 93% used [0x00000000ebd00000,0x00000000ebd78000,0x00000000ebd80000)
  to   space 1024K, 0% used [0x00000000ebe80000,0x00000000ebe80000,0x00000000ebf80000)
 ParOldGen       total 68608K, used 41973K [0x00000000c0000000, 0x00000000c4300000, 0x00000000eab00000)
  object space 68608K, 61% used [0x00000000c0000000,0x00000000c28fd6c8,0x00000000c4300000)
 Metaspace       used 58575K, committed 59776K, reserved 1114112K
  class space    used 6322K, committed 6912K, reserved 1048576K
}
Event: 7.974 GC heap before
{Heap before GC invocations=34 (full 3):
 PSYoungGen      total 18944K, used 480K [0x00000000eab00000, 0x00000000ebf80000, 0x0000000100000000)
  eden space 18432K, 0% used [0x00000000eab00000,0x00000000eab00000,0x00000000ebd00000)
  from space 512K, 93% used [0x00000000ebd00000,0x00000000ebd78000,0x00000000ebd80000)
  to   space 1024K, 0% used [0x00000000ebe80000,0x00000000ebe80000,0x00000000ebf80000)
 ParOldGen       total 68608K, used 41973K [0x00000000c0000000, 0x00000000c4300000, 0x00000000eab00000)
  object space 68608K, 61% used [0x00000000c0000000,0x00000000c28fd6c8,0x00000000c4300000)
 Metaspace       used 58575K, committed 59776K, reserved 1114112K
  class space    used 6322K, committed 6912K, reserved 1048576K
}
Event: 8.027 GC heap after
{Heap after GC invocations=34 (full 3):
 PSYoungGen      total 18944K, used 0K [0x00000000eab00000, 0x00000000ebf80000, 0x0000000100000000)
  eden space 18432K, 0% used [0x00000000eab00000,0x00000000eab00000,0x00000000ebd00000)
  from space 512K, 0% used [0x00000000ebd00000,0x00000000ebd00000,0x00000000ebd80000)
  to   space 1024K, 0% used [0x00000000ebe80000,0x00000000ebe80000,0x00000000ebf80000)
 ParOldGen       total 68608K, used 39798K [0x00000000c0000000, 0x00000000c4300000, 0x00000000eab00000)
  object space 68608K, 58% used [0x00000000c0000000,0x00000000c26ddb38,0x00000000c4300000)
 Metaspace       used 58575K, committed 59776K, reserved 1114112K
  class space    used 6322K, committed 6912K, reserved 1048576K
}
Event: 8.250 GC heap before
{Heap before GC invocations=35 (full 3):
 PSYoungGen      total 18944K, used 18432K [0x00000000eab00000, 0x00000000ebf80000, 0x0000000100000000)
  eden space 18432K, 100% used [0x00000000eab00000,0x00000000ebd00000,0x00000000ebd00000)
  from space 512K, 0% used [0x00000000ebd00000,0x00000000ebd00000,0x00000000ebd80000)
  to   space 1024K, 0% used [0x00000000ebe80000,0x00000000ebe80000,0x00000000ebf80000)
 ParOldGen       total 68608K, used 39798K [0x00000000c0000000, 0x00000000c4300000, 0x00000000eab00000)
  object space 68608K, 58% used [0x00000000c0000000,0x00000000c26ddb38,0x00000000c4300000)
 Metaspace       used 60436K, committed 61696K, reserved 1114112K
  class space    used 6527K, committed 7104K, reserved 1048576K
}
Event: 8.253 GC heap after
{Heap after GC invocations=35 (full 3):
 PSYoungGen      total 19456K, used 1008K [0x00000000eab00000, 0x00000000ec000000, 0x0000000100000000)
  eden space 18432K, 0% used [0x00000000eab00000,0x00000000eab00000,0x00000000ebd00000)
  from space 1024K, 98% used [0x00000000ebe80000,0x00000000ebf7c010,0x00000000ebf80000)
  to   space 1536K, 0% used [0x00000000ebd00000,0x00000000ebd00000,0x00000000ebe80000)
 ParOldGen       total 68608K, used 39822K [0x00000000c0000000, 0x00000000c4300000, 0x00000000eab00000)
  object space 68608K, 58% used [0x00000000c0000000,0x00000000c26e3b38,0x00000000c4300000)
 Metaspace       used 60436K, committed 61696K, reserved 1114112K
  class space    used 6527K, committed 7104K, reserved 1048576K
}

