# JRE version: OpenJDK Runtime Environment Temurin-17.0.10+7 (17.0.10+7) (build 17.0.10+7)
# Java VM: OpenJDK 64-Bit Server VM Temurin-17.0.10+7 (17.0.10+7, mixed mode, tiered, compressed oops, compressed class ptrs, parallel gc, windows-amd64)
GC Precious Log:
 CPUs: 16 total, 16 available
 Memory: 7599M
 Large Page Support: Disabled
 NUMA Support: Disabled
 Compressed Oops: Enabled (32-bit)
 Alignments: Space 512K, Generation 512K, Heap 2M
 Heap Min Capacity: 100M
 Heap Initial Capacity: 100M
 Heap Max Capacity: 1G
 Pre-touch: Disabled
 Parallel Workers: 13
Heap:
 PSYoungGen      total 17920K, used 8533K [0x00000000eab00000, 0x00000000ebf80000, 0x0000000100000000)
  eden space 16896K, 44% used [0x00000000eab00000,0x00000000eb25d5a8,0x00000000ebb80000)
  from space 1024K, 96% used [0x00000000ebe00000,0x00000000ebef8228,0x00000000ebf00000)
  to   space 2048K, 0% used [0x00000000ebb80000,0x00000000ebb80000,0x00000000ebd80000)
 ParOldGen       total 68608K, used 40076K [0x00000000c0000000, 0x00000000c4300000, 0x00000000eab00000)
  object space 68608K, 58% used [0x00000000c0000000,0x00000000c2723048,0x00000000c4300000)
 Metaspace       used 66041K, committed 67264K, reserved 1114112K
  class space    used 7175K, committed 7744K, reserved 1048576K
GC Heap History (20 events):
Event: 14.700 GC heap before
{Heap before GC invocations=26 (full 2):
 PSYoungGen      total 20992K, used 20896K [0x00000000eab00000, 0x00000000ec380000, 0x0000000100000000)
  eden space 18944K, 100% used [0x00000000eab00000,0x00000000ebd80000,0x00000000ebd80000)
  from space 2048K, 95% used [0x00000000ebd80000,0x00000000ebf68000,0x00000000ebf80000)
  to   space 3072K, 0% used [0x00000000ec080000,0x00000000ec080000,0x00000000ec380000)
 ParOldGen       total 68608K, used 30792K [0x00000000c0000000, 0x00000000c4300000, 0x00000000eab00000)
  object space 68608K, 44% used [0x00000000c0000000,0x00000000c1e12338,0x00000000c4300000)
 Metaspace       used 57349K, committed 58432K, reserved 1114112K
  class space    used 6287K, committed 6720K, reserved 1048576K
}
Event: 14.703 GC heap after
{Heap after GC invocations=26 (full 2):
 PSYoungGen      total 20992K, used 2016K [0x00000000eab00000, 0x00000000ec280000, 0x0000000100000000)
  eden space 18944K, 0% used [0x00000000eab00000,0x00000000eab00000,0x00000000ebd80000)
  from space 2048K, 98% used [0x00000000ec080000,0x00000000ec278010,0x00000000ec280000)
  to   space 2560K, 0% used [0x00000000ebd80000,0x00000000ebd80000,0x00000000ec000000)
 ParOldGen       total 68608K, used 32520K [0x00000000c0000000, 0x00000000c4300000, 0x00000000eab00000)
  object space 68608K, 47% used [0x00000000c0000000,0x00000000c1fc2338,0x00000000c4300000)
 Metaspace       used 57349K, committed 58432K, reserved 1114112K
  class space    used 6287K, committed 6720K, reserved 1048576K
}
Event: 14.722 GC heap before
{Heap before GC invocations=27 (full 2):
 PSYoungGen      total 20992K, used 20960K [0x00000000eab00000, 0x00000000ec280000, 0x0000000100000000)
  eden space 18944K, 100% used [0x00000000eab00000,0x00000000ebd80000,0x00000000ebd80000)
  from space 2048K, 98% used [0x00000000ec080000,0x00000000ec278010,0x00000000ec280000)
  to   space 2560K, 0% used [0x00000000ebd80000,0x00000000ebd80000,0x00000000ec000000)
 ParOldGen       total 68608K, used 32520K [0x00000000c0000000, 0x00000000c4300000, 0x00000000eab00000)
  object space 68608K, 47% used [0x00000000c0000000,0x00000000c1fc2338,0x00000000c4300000)
 Metaspace       used 57349K, committed 58432K, reserved 1114112K
  class space    used 6287K, committed 6720K, reserved 1048576K
}
Event: 14.725 GC heap after
{Heap after GC invocations=27 (full 2):
 PSYoungGen      total 20992K, used 1760K [0x00000000eab00000, 0x00000000ec180000, 0x0000000100000000)
  eden space 18944K, 0% used [0x00000000eab00000,0x00000000eab00000,0x00000000ebd80000)
  from space 2048K, 85% used [0x00000000ebd80000,0x00000000ebf38000,0x00000000ebf80000)
  to   space 2048K, 0% used [0x00000000ebf80000,0x00000000ebf80000,0x00000000ec180000)
 ParOldGen       total 68608K, used 34472K [0x00000000c0000000, 0x00000000c4300000, 0x00000000eab00000)
  object space 68608K, 50% used [0x00000000c0000000,0x00000000c21aa348,0x00000000c4300000)
 Metaspace       used 57349K, committed 58432K, reserved 1114112K
  class space    used 6287K, committed 6720K, reserved 1048576K
}
Event: 14.866 GC heap before
{Heap before GC invocations=28 (full 2):
 PSYoungGen      total 20992K, used 20704K [0x00000000eab00000, 0x00000000ec180000, 0x0000000100000000)
  eden space 18944K, 100% used [0x00000000eab00000,0x00000000ebd80000,0x00000000ebd80000)
  from space 2048K, 85% used [0x00000000ebd80000,0x00000000ebf38000,0x00000000ebf80000)
  to   space 2048K, 0% used [0x00000000ebf80000,0x00000000ebf80000,0x00000000ec180000)
 ParOldGen       total 68608K, used 34472K [0x00000000c0000000, 0x00000000c4300000, 0x00000000eab00000)
  object space 68608K, 50% used [0x00000000c0000000,0x00000000c21aa348,0x00000000c4300000)
 Metaspace       used 58256K, committed 59328K, reserved 1114112K
  class space    used 6382K, committed 6848K, reserved 1048576K
}
Event: 14.869 GC heap after
{Heap after GC invocations=28 (full 2):
 PSYoungGen      total 18944K, used 2048K [0x00000000eab00000, 0x00000000ec580000, 0x0000000100000000)
  eden space 16896K, 0% used [0x00000000eab00000,0x00000000eab00000,0x00000000ebb80000)
  from space 2048K, 100% used [0x00000000ebf80000,0x00000000ec180000,0x00000000ec180000)
  to   space 4096K, 0% used [0x00000000ebb80000,0x00000000ebb80000,0x00000000ebf80000)
 ParOldGen       total 68608K, used 36168K [0x00000000c0000000, 0x00000000c4300000, 0x00000000eab00000)
  object space 68608K, 52% used [0x00000000c0000000,0x00000000c2352348,0x00000000c4300000)
 Metaspace       used 58256K, committed 59328K, reserved 1114112K
  class space    used 6382K, committed 6848K, reserved 1048576K
}
Event: 14.920 GC heap before
{Heap before GC invocations=29 (full 2):
 PSYoungGen      total 18944K, used 16063K [0x00000000eab00000, 0x00000000ec580000, 0x0000000100000000)
  eden space 16896K, 82% used [0x00000000eab00000,0x00000000eb8afe80,0x00000000ebb80000)
  from space 2048K, 100% used [0x00000000ebf80000,0x00000000ec180000,0x00000000ec180000)
  to   space 4096K, 0% used [0x00000000ebb80000,0x00000000ebb80000,0x00000000ebf80000)
 ParOldGen       total 68608K, used 36168K [0x00000000c0000000, 0x00000000c4300000, 0x00000000eab00000)
  object space 68608K, 52% used [0x00000000c0000000,0x00000000c2352348,0x00000000c4300000)
 Metaspace       used 58694K, committed 59776K, reserved 1114112K
  class space    used 6417K, committed 6848K, reserved 1048576K
}
Event: 14.923 GC heap after
{Heap after GC invocations=29 (full 2):
 PSYoungGen      total 20992K, used 960K [0x00000000eab00000, 0x00000000ec180000, 0x0000000100000000)
  eden space 16896K, 0% used [0x00000000eab00000,0x00000000eab00000,0x00000000ebb80000)
  from space 4096K, 23% used [0x00000000ebb80000,0x00000000ebc70000,0x00000000ebf80000)
  to   space 2048K, 0% used [0x00000000ebf80000,0x00000000ebf80000,0x00000000ec180000)
 ParOldGen       total 68608K, used 38229K [0x00000000c0000000, 0x00000000c4300000, 0x00000000eab00000)
  object space 68608K, 55% used [0x00000000c0000000,0x00000000c2555480,0x00000000c4300000)
 Metaspace       used 58694K, committed 59776K, reserved 1114112K
  class space    used 6417K, committed 6848K, reserved 1048576K
}
Event: 14.923 GC heap before
{Heap before GC invocations=30 (full 3):
 PSYoungGen      total 20992K, used 960K [0x00000000eab00000, 0x00000000ec180000, 0x0000000100000000)
  eden space 16896K, 0% used [0x00000000eab00000,0x00000000eab00000,0x00000000ebb80000)
  from space 4096K, 23% used [0x00000000ebb80000,0x00000000ebc70000,0x00000000ebf80000)
  to   space 2048K, 0% used [0x00000000ebf80000,0x00000000ebf80000,0x00000000ec180000)
 ParOldGen       total 68608K, used 38229K [0x00000000c0000000, 0x00000000c4300000, 0x00000000eab00000)
  object space 68608K, 55% used [0x00000000c0000000,0x00000000c2555480,0x00000000c4300000)
 Metaspace       used 58694K, committed 59776K, reserved 1114112K
  class space    used 6417K, committed 6848K, reserved 1048576K
}
Event: 14.966 GC heap after
{Heap after GC invocations=30 (full 3):
 PSYoungGen      total 20992K, used 0K [0x00000000eab00000, 0x00000000ec180000, 0x0000000100000000)
  eden space 16896K, 0% used [0x00000000eab00000,0x00000000eab00000,0x00000000ebb80000)
  from space 4096K, 0% used [0x00000000ebb80000,0x00000000ebb80000,0x00000000ebf80000)
  to   space 2048K, 0% used [0x00000000ebf80000,0x00000000ebf80000,0x00000000ec180000)
 ParOldGen       total 68608K, used 36847K [0x00000000c0000000, 0x00000000c4300000, 0x00000000eab00000)
  object space 68608K, 53% used [0x00000000c0000000,0x00000000c23fbd90,0x00000000c4300000)
 Metaspace       used 58694K, committed 59776K, reserved 1114112K
  class space    used 6417K, committed 6848K, reserved 1048576K
}
Event: 15.043 GC heap before
{Heap before GC invocations=31 (full 3):
 PSYoungGen      total 20992K, used 16896K [0x00000000eab00000, 0x00000000ec180000, 0x0000000100000000)
  eden space 16896K, 100% used [0x00000000eab00000,0x00000000ebb80000,0x00000000ebb80000)
  from space 4096K, 0% used [0x00000000ebb80000,0x00000000ebb80000,0x00000000ebf80000)
  to   space 2048K, 0% used [0x00000000ebf80000,0x00000000ebf80000,0x00000000ec180000)
 ParOldGen       total 68608K, used 36847K [0x00000000c0000000, 0x00000000c4300000, 0x00000000eab00000)
  object space 68608K, 53% used [0x00000000c0000000,0x00000000c23fbd90,0x00000000c4300000)
 Metaspace       used 59786K, committed 60864K, reserved 1114112K
  class space    used 6557K, committed 7040K, reserved 1048576K
}
Event: 15.044 GC heap after
{Heap after GC invocations=31 (full 3):
 PSYoungGen      total 18432K, used 1504K [0x00000000eab00000, 0x00000000ec100000, 0x0000000100000000)
  eden space 16896K, 0% used [0x00000000eab00000,0x00000000eab00000,0x00000000ebb80000)
  from space 1536K, 97% used [0x00000000ebf80000,0x00000000ec0f8330,0x00000000ec100000)
  to   space 2048K, 0% used [0x00000000ebd00000,0x00000000ebd00000,0x00000000ebf00000)
 ParOldGen       total 68608K, used 36855K [0x00000000c0000000, 0x00000000c4300000, 0x00000000eab00000)
  object space 68608K, 53% used [0x00000000c0000000,0x00000000c23fdd90,0x00000000c4300000)
 Metaspace       used 59786K, committed 60864K, reserved 1114112K
  class space    used 6557K, committed 7040K, reserved 1048576K
}
Event: 15.226 GC heap before
{Heap before GC invocations=32 (full 3):
 PSYoungGen      total 18432K, used 18400K [0x00000000eab00000, 0x00000000ec100000, 0x0000000100000000)
  eden space 16896K, 100% used [0x00000000eab00000,0x00000000ebb80000,0x00000000ebb80000)
  from space 1536K, 97% used [0x00000000ebf80000,0x00000000ec0f8330,0x00000000ec100000)
  to   space 2048K, 0% used [0x00000000ebd00000,0x00000000ebd00000,0x00000000ebf00000)
 ParOldGen       total 68608K, used 36855K [0x00000000c0000000, 0x00000000c4300000, 0x00000000eab00000)
  object space 68608K, 53% used [0x00000000c0000000,0x00000000c23fdd90,0x00000000c4300000)
 Metaspace       used 61469K, committed 62592K, reserved 1114112K
  class space    used 6746K, committed 7232K, reserved 1048576K
}
Event: 15.227 GC heap after
{Heap after GC invocations=32 (full 3):
 PSYoungGen      total 17920K, used 856K [0x00000000eab00000, 0x00000000ec000000, 0x0000000100000000)
  eden space 16896K, 0% used [0x00000000eab00000,0x00000000eab00000,0x00000000ebb80000)
  from space 1024K, 83% used [0x00000000ebd00000,0x00000000ebdd6050,0x00000000ebe00000)
  to   space 1536K, 0% used [0x00000000ebe80000,0x00000000ebe80000,0x00000000ec000000)
 ParOldGen       total 68608K, used 38175K [0x00000000c0000000, 0x00000000c4300000, 0x00000000eab00000)
  object space 68608K, 55% used [0x00000000c0000000,0x00000000c2547de8,0x00000000c4300000)
 Metaspace       used 61469K, committed 62592K, reserved 1114112K
  class space    used 6746K, committed 7232K, reserved 1048576K
}
Event: 15.421 GC heap before
{Heap before GC invocations=33 (full 3):
 PSYoungGen      total 17920K, used 17752K [0x00000000eab00000, 0x00000000ec000000, 0x0000000100000000)
  eden space 16896K, 100% used [0x00000000eab00000,0x00000000ebb80000,0x00000000ebb80000)
  from space 1024K, 83% used [0x00000000ebd00000,0x00000000ebdd6050,0x00000000ebe00000)
  to   space 1536K, 0% used [0x00000000ebe80000,0x00000000ebe80000,0x00000000ec000000)
 ParOldGen       total 68608K, used 38175K [0x00000000c0000000, 0x00000000c4300000, 0x00000000eab00000)
  object space 68608K, 55% used [0x00000000c0000000,0x00000000c2547e00,0x00000000c4300000)
 Metaspace       used 62092K, committed 63168K, reserved 1114112K
  class space    used 6817K, committed 7296K, reserved 1048576K
}
Event: 15.422 GC heap after
{Heap after GC invocations=33 (full 3):
 PSYoungGen      total 17920K, used 992K [0x00000000eab00000, 0x00000000ebf80000, 0x0000000100000000)
  eden space 16896K, 0% used [0x00000000eab00000,0x00000000eab00000,0x00000000ebb80000)
  from space 1024K, 96% used [0x00000000ebe80000,0x00000000ebf78000,0x00000000ebf80000)
  to   space 1024K, 0% used [0x00000000ebd00000,0x00000000ebd00000,0x00000000ebe00000)
 ParOldGen       total 68608K, used 38876K [0x00000000c0000000, 0x00000000c4300000, 0x00000000eab00000)
  object space 68608K, 56% used [0x00000000c0000000,0x00000000c25f7158,0x00000000c4300000)
 Metaspace       used 62092K, committed 63168K, reserved 1114112K
  class space    used 6817K, committed 7296K, reserved 1048576K
}
Event: 15.619 GC heap before
{Heap before GC invocations=34 (full 3):
 PSYoungGen      total 17920K, used 17888K [0x00000000eab00000, 0x00000000ebf80000, 0x0000000100000000)
  eden space 16896K, 100% used [0x00000000eab00000,0x00000000ebb80000,0x00000000ebb80000)
  from space 1024K, 96% used [0x00000000ebe80000,0x00000000ebf78000,0x00000000ebf80000)
  to   space 1024K, 0% used [0x00000000ebd00000,0x00000000ebd00000,0x00000000ebe00000)
 ParOldGen       total 68608K, used 38878K [0x00000000c0000000, 0x00000000c4300000, 0x00000000eab00000)
  object space 68608K, 56% used [0x00000000c0000000,0x00000000c25f7930,0x00000000c4300000)
 Metaspace       used 63098K, committed 64192K, reserved 1114112K
  class space    used 6908K, committed 7360K, reserved 1048576K
}
Event: 15.620 GC heap after
{Heap after GC invocations=34 (full 3):
 PSYoungGen      total 17920K, used 784K [0x00000000eab00000, 0x00000000ebf00000, 0x0000000100000000)
  eden space 16896K, 0% used [0x00000000eab00000,0x00000000eab00000,0x00000000ebb80000)
  from space 1024K, 76% used [0x00000000ebd00000,0x00000000ebdc4020,0x00000000ebe00000)
  to   space 1024K, 0% used [0x00000000ebe00000,0x00000000ebe00000,0x00000000ebf00000)
 ParOldGen       total 68608K, used 39566K [0x00000000c0000000, 0x00000000c4300000, 0x00000000eab00000)
  object space 68608K, 57% used [0x00000000c0000000,0x00000000c26a3930,0x00000000c4300000)
 Metaspace       used 63098K, committed 64192K, reserved 1114112K
  class space    used 6908K, committed 7360K, reserved 1048576K
}
Event: 16.027 GC heap before
{Heap before GC invocations=35 (full 3):
 PSYoungGen      total 17920K, used 17680K [0x00000000eab00000, 0x00000000ebf00000, 0x0000000100000000)
  eden space 16896K, 100% used [0x00000000eab00000,0x00000000ebb80000,0x00000000ebb80000)
  from space 1024K, 76% used [0x00000000ebd00000,0x00000000ebdc4020,0x00000000ebe00000)
  to   space 1024K, 0% used [0x00000000ebe00000,0x00000000ebe00000,0x00000000ebf00000)
 ParOldGen       total 68608K, used 39566K [0x00000000c0000000, 0x00000000c4300000, 0x00000000eab00000)
  object space 68608K, 57% used [0x00000000c0000000,0x00000000c26a3930,0x00000000c4300000)
 Metaspace       used 65124K, committed 66368K, reserved 1114112K
  class space    used 7082K, committed 7680K, reserved 1048576K
}
Event: 16.030 GC heap after
{Heap after GC invocations=35 (full 3):
 PSYoungGen      total 17920K, used 992K [0x00000000eab00000, 0x00000000ebf80000, 0x0000000100000000)
  eden space 16896K, 0% used [0x00000000eab00000,0x00000000eab00000,0x00000000ebb80000)
  from space 1024K, 96% used [0x00000000ebe00000,0x00000000ebef8228,0x00000000ebf00000)
  to   space 2048K, 0% used [0x00000000ebb80000,0x00000000ebb80000,0x00000000ebd80000)
 ParOldGen       total 68608K, used 40076K [0x00000000c0000000, 0x00000000c4300000, 0x00000000eab00000)
  object space 68608K, 58% used [0x00000000c0000000,0x00000000c2723048,0x00000000c4300000)
 Metaspace       used 65124K, committed 66368K, reserved 1114112K
  class space    used 7082K, committed 7680K, reserved 1048576K
}

