# JRE version: OpenJDK Runtime Environment Temurin-17.0.10+7 (17.0.10+7) (build 17.0.10+7)
# Java VM: OpenJDK 64-Bit Server VM Temurin-17.0.10+7 (17.0.10+7, mixed mode, tiered, compressed oops, compressed class ptrs, parallel gc, windows-amd64)
GC Precious Log:
 CPUs: 16 total, 16 available
 Memory: 7599M
 Large Page Support: Disabled
 NUMA Support: Disabled
 Compressed Oops: Enabled (32-bit)
 Alignments: Space 512K, Generation 512K, Heap 2M
 Heap Min Capacity: 100M
 Heap Initial Capacity: 100M
 Heap Max Capacity: 1G
 Pre-touch: Disabled
 Parallel Workers: 13
Heap:
 PSYoungGen      total 7680K, used 1495K [0x00000000eab00000, 0x00000000eb400000, 0x0000000100000000)
  eden space 6656K, 13% used [0x00000000eab00000,0x00000000eabddca0,0x00000000eb180000)
  from space 1024K, 59% used [0x00000000eb300000,0x00000000eb398000,0x00000000eb400000)
  to   space 1024K, 0% used [0x00000000eb200000,0x00000000eb200000,0x00000000eb300000)
 ParOldGen       total 178688K, used 144029K [0x00000000c0000000, 0x00000000cae80000, 0x00000000eab00000)
  object space 178688K, 80% used [0x00000000c0000000,0x00000000c8ca77a8,0x00000000cae80000)
 Metaspace       used 79370K, committed 80960K, reserved 1179648K
  class space    used 8120K, committed 8768K, reserved 1048576K
GC Heap History (20 events):
Event: 861.144 GC heap before
{Heap before GC invocations=154 (full 7):
 PSYoungGen      total 6656K, used 6362K [0x00000000eab00000, 0x00000000eb780000, 0x0000000100000000)
  eden space 4096K, 100% used [0x00000000eab00000,0x00000000eaf00000,0x00000000eaf00000)
  from space 2560K, 88% used [0x00000000eb500000,0x00000000eb736920,0x00000000eb780000)
  to   space 3584K, 0% used [0x00000000eb080000,0x00000000eb080000,0x00000000eb400000)
 ParOldGen       total 178688K, used 125096K [0x00000000c0000000, 0x00000000cae80000, 0x00000000eab00000)
  object space 178688K, 70% used [0x00000000c0000000,0x00000000c7a2a320,0x00000000cae80000)
 Metaspace       used 79267K, committed 80832K, reserved 1179648K
  class space    used 8120K, committed 8768K, reserved 1048576K
}
Event: 861.151 GC heap after
{Heap after GC invocations=154 (full 7):
 PSYoungGen      total 8704K, used 576K [0x00000000eab00000, 0x00000000eb580000, 0x0000000100000000)
  eden space 5120K, 0% used [0x00000000eab00000,0x00000000eab00000,0x00000000eb000000)
  from space 3584K, 16% used [0x00000000eb080000,0x00000000eb110000,0x00000000eb400000)
  to   space 1536K, 0% used [0x00000000eb400000,0x00000000eb400000,0x00000000eb580000)
 ParOldGen       total 178688K, used 127269K [0x00000000c0000000, 0x00000000cae80000, 0x00000000eab00000)
  object space 178688K, 71% used [0x00000000c0000000,0x00000000c7c49540,0x00000000cae80000)
 Metaspace       used 79267K, committed 80832K, reserved 1179648K
  class space    used 8120K, committed 8768K, reserved 1048576K
}
Event: 861.174 GC heap before
{Heap before GC invocations=155 (full 7):
 PSYoungGen      total 8704K, used 5696K [0x00000000eab00000, 0x00000000eb580000, 0x0000000100000000)
  eden space 5120K, 100% used [0x00000000eab00000,0x00000000eb000000,0x00000000eb000000)
  from space 3584K, 16% used [0x00000000eb080000,0x00000000eb110000,0x00000000eb400000)
  to   space 1536K, 0% used [0x00000000eb400000,0x00000000eb400000,0x00000000eb580000)
 ParOldGen       total 178688K, used 127269K [0x00000000c0000000, 0x00000000cae80000, 0x00000000eab00000)
  object space 178688K, 71% used [0x00000000c0000000,0x00000000c7c49540,0x00000000cae80000)
 Metaspace       used 79279K, committed 80832K, reserved 1179648K
  class space    used 8120K, committed 8768K, reserved 1048576K
}
Event: 861.176 GC heap after
{Heap after GC invocations=155 (full 7):
 PSYoungGen      total 7168K, used 746K [0x00000000eab00000, 0x00000000eb500000, 0x0000000100000000)
  eden space 6144K, 0% used [0x00000000eab00000,0x00000000eab00000,0x00000000eb100000)
  from space 1024K, 72% used [0x00000000eb400000,0x00000000eb4ba910,0x00000000eb500000)
  to   space 1024K, 0% used [0x00000000eb300000,0x00000000eb300000,0x00000000eb400000)
 ParOldGen       total 178688K, used 127645K [0x00000000c0000000, 0x00000000cae80000, 0x00000000eab00000)
  object space 178688K, 71% used [0x00000000c0000000,0x00000000c7ca7560,0x00000000cae80000)
 Metaspace       used 79279K, committed 80832K, reserved 1179648K
  class space    used 8120K, committed 8768K, reserved 1048576K
}
Event: 861.198 GC heap before
{Heap before GC invocations=156 (full 7):
 PSYoungGen      total 7168K, used 6883K [0x00000000eab00000, 0x00000000eb500000, 0x0000000100000000)
  eden space 6144K, 99% used [0x00000000eab00000,0x00000000eb0fe4b8,0x00000000eb100000)
  from space 1024K, 72% used [0x00000000eb400000,0x00000000eb4ba910,0x00000000eb500000)
  to   space 1024K, 0% used [0x00000000eb300000,0x00000000eb300000,0x00000000eb400000)
 ParOldGen       total 178688K, used 127645K [0x00000000c0000000, 0x00000000cae80000, 0x00000000eab00000)
  object space 178688K, 71% used [0x00000000c0000000,0x00000000c7ca7560,0x00000000cae80000)
 Metaspace       used 79313K, committed 80896K, reserved 1179648K
  class space    used 8120K, committed 8768K, reserved 1048576K
}
Event: 861.200 GC heap after
{Heap after GC invocations=156 (full 7):
 PSYoungGen      total 8192K, used 768K [0x00000000eab00000, 0x00000000eb480000, 0x0000000100000000)
  eden space 7168K, 0% used [0x00000000eab00000,0x00000000eab00000,0x00000000eb200000)
  from space 1024K, 75% used [0x00000000eb300000,0x00000000eb3c0000,0x00000000eb400000)
  to   space 512K, 0% used [0x00000000eb400000,0x00000000eb400000,0x00000000eb480000)
 ParOldGen       total 178688K, used 128161K [0x00000000c0000000, 0x00000000cae80000, 0x00000000eab00000)
  object space 178688K, 71% used [0x00000000c0000000,0x00000000c7d287a0,0x00000000cae80000)
 Metaspace       used 79313K, committed 80896K, reserved 1179648K
  class space    used 8120K, committed 8768K, reserved 1048576K
}
Event: 1682.152 GC heap before
{Heap before GC invocations=157 (full 7):
 PSYoungGen      total 8192K, used 7936K [0x00000000eab00000, 0x00000000eb480000, 0x0000000100000000)
  eden space 7168K, 100% used [0x00000000eab00000,0x00000000eb200000,0x00000000eb200000)
  from space 1024K, 75% used [0x00000000eb300000,0x00000000eb3c0000,0x00000000eb400000)
  to   space 512K, 0% used [0x00000000eb400000,0x00000000eb400000,0x00000000eb480000)
 ParOldGen       total 178688K, used 128161K [0x00000000c0000000, 0x00000000cae80000, 0x00000000eab00000)
  object space 178688K, 71% used [0x00000000c0000000,0x00000000c7d287a0,0x00000000cae80000)
 Metaspace       used 79349K, committed 80960K, reserved 1179648K
  class space    used 8120K, committed 8768K, reserved 1048576K
}
Event: 1682.200 GC heap after
{Heap after GC invocations=157 (full 7):
 PSYoungGen      total 3584K, used 506K [0x00000000eab00000, 0x00000000ebf00000, 0x0000000100000000)
  eden space 3072K, 0% used [0x00000000eab00000,0x00000000eab00000,0x00000000eae00000)
  from space 512K, 98% used [0x00000000eb400000,0x00000000eb47e900,0x00000000eb480000)
  to   space 6144K, 0% used [0x00000000eae00000,0x00000000eae00000,0x00000000eb400000)
 ParOldGen       total 178688K, used 132787K [0x00000000c0000000, 0x00000000cae80000, 0x00000000eab00000)
  object space 178688K, 74% used [0x00000000c0000000,0x00000000c81accc0,0x00000000cae80000)
 Metaspace       used 79349K, committed 80960K, reserved 1179648K
  class space    used 8120K, committed 8768K, reserved 1048576K
}
Event: 1682.219 GC heap before
{Heap before GC invocations=158 (full 7):
 PSYoungGen      total 3584K, used 3578K [0x00000000eab00000, 0x00000000ebf00000, 0x0000000100000000)
  eden space 3072K, 100% used [0x00000000eab00000,0x00000000eae00000,0x00000000eae00000)
  from space 512K, 98% used [0x00000000eb400000,0x00000000eb47e900,0x00000000eb480000)
  to   space 6144K, 0% used [0x00000000eae00000,0x00000000eae00000,0x00000000eb400000)
 ParOldGen       total 178688K, used 132787K [0x00000000c0000000, 0x00000000cae80000, 0x00000000eab00000)
  object space 178688K, 74% used [0x00000000c0000000,0x00000000c81accc0,0x00000000cae80000)
 Metaspace       used 79349K, committed 80960K, reserved 1179648K
  class space    used 8120K, committed 8768K, reserved 1048576K
}
Event: 1682.223 GC heap after
{Heap after GC invocations=158 (full 7):
 PSYoungGen      total 6656K, used 3088K [0x00000000eab00000, 0x00000000eb700000, 0x0000000100000000)
  eden space 3072K, 0% used [0x00000000eab00000,0x00000000eab00000,0x00000000eae00000)
  from space 3584K, 86% used [0x00000000eae00000,0x00000000eb1041d0,0x00000000eb180000)
  to   space 4096K, 0% used [0x00000000eb300000,0x00000000eb300000,0x00000000eb700000)
 ParOldGen       total 178688K, used 133348K [0x00000000c0000000, 0x00000000cae80000, 0x00000000eab00000)
  object space 178688K, 74% used [0x00000000c0000000,0x00000000c8239158,0x00000000cae80000)
 Metaspace       used 79349K, committed 80960K, reserved 1179648K
  class space    used 8120K, committed 8768K, reserved 1048576K
}
Event: 1682.231 GC heap before
{Heap before GC invocations=159 (full 7):
 PSYoungGen      total 6656K, used 6160K [0x00000000eab00000, 0x00000000eb700000, 0x0000000100000000)
  eden space 3072K, 100% used [0x00000000eab00000,0x00000000eae00000,0x00000000eae00000)
  from space 3584K, 86% used [0x00000000eae00000,0x00000000eb1041d0,0x00000000eb180000)
  to   space 4096K, 0% used [0x00000000eb300000,0x00000000eb300000,0x00000000eb700000)
 ParOldGen       total 178688K, used 133348K [0x00000000c0000000, 0x00000000cae80000, 0x00000000eab00000)
  object space 178688K, 74% used [0x00000000c0000000,0x00000000c8239158,0x00000000cae80000)
 Metaspace       used 79349K, committed 80960K, reserved 1179648K
  class space    used 8120K, committed 8768K, reserved 1048576K
}
Event: 1682.239 GC heap after
{Heap after GC invocations=159 (full 7):
 PSYoungGen      total 7680K, used 3104K [0x00000000eab00000, 0x00000000eb680000, 0x0000000100000000)
  eden space 4096K, 0% used [0x00000000eab00000,0x00000000eab00000,0x00000000eaf00000)
  from space 3584K, 86% used [0x00000000eb300000,0x00000000eb608000,0x00000000eb680000)
  to   space 3584K, 0% used [0x00000000eaf80000,0x00000000eaf80000,0x00000000eb300000)
 ParOldGen       total 178688K, used 136292K [0x00000000c0000000, 0x00000000cae80000, 0x00000000eab00000)
  object space 178688K, 76% used [0x00000000c0000000,0x00000000c8519328,0x00000000cae80000)
 Metaspace       used 79349K, committed 80960K, reserved 1179648K
  class space    used 8120K, committed 8768K, reserved 1048576K
}
Event: 1682.279 GC heap before
{Heap before GC invocations=160 (full 7):
 PSYoungGen      total 7680K, used 7200K [0x00000000eab00000, 0x00000000eb680000, 0x0000000100000000)
  eden space 4096K, 100% used [0x00000000eab00000,0x00000000eaf00000,0x00000000eaf00000)
  from space 3584K, 86% used [0x00000000eb300000,0x00000000eb608000,0x00000000eb680000)
  to   space 3584K, 0% used [0x00000000eaf80000,0x00000000eaf80000,0x00000000eb300000)
 ParOldGen       total 178688K, used 136292K [0x00000000c0000000, 0x00000000cae80000, 0x00000000eab00000)
  object space 178688K, 76% used [0x00000000c0000000,0x00000000c8519328,0x00000000cae80000)
 Metaspace       used 79349K, committed 80960K, reserved 1179648K
  class space    used 8120K, committed 8768K, reserved 1048576K
}
Event: 1682.290 GC heap after
{Heap after GC invocations=160 (full 7):
 PSYoungGen      total 8192K, used 3482K [0x00000000eab00000, 0x00000000eb700000, 0x0000000100000000)
  eden space 4608K, 0% used [0x00000000eab00000,0x00000000eab00000,0x00000000eaf80000)
  from space 3584K, 97% used [0x00000000eaf80000,0x00000000eb2e6920,0x00000000eb300000)
  to   space 3584K, 0% used [0x00000000eb380000,0x00000000eb380000,0x00000000eb700000)
 ParOldGen       total 178688K, used 139316K [0x00000000c0000000, 0x00000000cae80000, 0x00000000eab00000)
  object space 178688K, 77% used [0x00000000c0000000,0x00000000c880d328,0x00000000cae80000)
 Metaspace       used 79349K, committed 80960K, reserved 1179648K
  class space    used 8120K, committed 8768K, reserved 1048576K
}
Event: 1682.329 GC heap before
{Heap before GC invocations=161 (full 7):
 PSYoungGen      total 8192K, used 8090K [0x00000000eab00000, 0x00000000eb700000, 0x0000000100000000)
  eden space 4608K, 99% used [0x00000000eab00000,0x00000000eaf7ffd0,0x00000000eaf80000)
  from space 3584K, 97% used [0x00000000eaf80000,0x00000000eb2e6920,0x00000000eb300000)
  to   space 3584K, 0% used [0x00000000eb380000,0x00000000eb380000,0x00000000eb700000)
 ParOldGen       total 178688K, used 139316K [0x00000000c0000000, 0x00000000cae80000, 0x00000000eab00000)
  object space 178688K, 77% used [0x00000000c0000000,0x00000000c880d328,0x00000000cae80000)
 Metaspace       used 79350K, committed 80960K, reserved 1179648K
  class space    used 8120K, committed 8768K, reserved 1048576K
}
Event: 1682.338 GC heap after
{Heap after GC invocations=161 (full 7):
 PSYoungGen      total 6656K, used 768K [0x00000000eab00000, 0x00000000eb480000, 0x0000000100000000)
  eden space 5632K, 0% used [0x00000000eab00000,0x00000000eab00000,0x00000000eb080000)
  from space 1024K, 75% used [0x00000000eb380000,0x00000000eb440000,0x00000000eb480000)
  to   space 2048K, 0% used [0x00000000eb080000,0x00000000eb080000,0x00000000eb280000)
 ParOldGen       total 178688K, used 142689K [0x00000000c0000000, 0x00000000cae80000, 0x00000000eab00000)
  object space 178688K, 79% used [0x00000000c0000000,0x00000000c8b58548,0x00000000cae80000)
 Metaspace       used 79350K, committed 80960K, reserved 1179648K
  class space    used 8120K, committed 8768K, reserved 1048576K
}
Event: 1682.362 GC heap before
{Heap before GC invocations=162 (full 7):
 PSYoungGen      total 6656K, used 6400K [0x00000000eab00000, 0x00000000eb480000, 0x0000000100000000)
  eden space 5632K, 100% used [0x00000000eab00000,0x00000000eb080000,0x00000000eb080000)
  from space 1024K, 75% used [0x00000000eb380000,0x00000000eb440000,0x00000000eb480000)
  to   space 2048K, 0% used [0x00000000eb080000,0x00000000eb080000,0x00000000eb280000)
 ParOldGen       total 178688K, used 142689K [0x00000000c0000000, 0x00000000cae80000, 0x00000000eab00000)
  object space 178688K, 79% used [0x00000000c0000000,0x00000000c8b58548,0x00000000cae80000)
 Metaspace       used 79356K, committed 80960K, reserved 1179648K
  class space    used 8120K, committed 8768K, reserved 1048576K
}
Event: 1682.364 GC heap after
{Heap after GC invocations=162 (full 7):
 PSYoungGen      total 7680K, used 922K [0x00000000eab00000, 0x00000000eb480000, 0x0000000100000000)
  eden space 5632K, 0% used [0x00000000eab00000,0x00000000eab00000,0x00000000eb080000)
  from space 2048K, 45% used [0x00000000eb080000,0x00000000eb166920,0x00000000eb280000)
  to   space 1536K, 0% used [0x00000000eb300000,0x00000000eb300000,0x00000000eb480000)
 ParOldGen       total 178688K, used 143265K [0x00000000c0000000, 0x00000000cae80000, 0x00000000eab00000)
  object space 178688K, 80% used [0x00000000c0000000,0x00000000c8be8568,0x00000000cae80000)
 Metaspace       used 79356K, committed 80960K, reserved 1179648K
  class space    used 8120K, committed 8768K, reserved 1048576K
}
Event: 1682.378 GC heap before
{Heap before GC invocations=163 (full 7):
 PSYoungGen      total 7680K, used 6554K [0x00000000eab00000, 0x00000000eb480000, 0x0000000100000000)
  eden space 5632K, 100% used [0x00000000eab00000,0x00000000eb080000,0x00000000eb080000)
  from space 2048K, 45% used [0x00000000eb080000,0x00000000eb166920,0x00000000eb280000)
  to   space 1536K, 0% used [0x00000000eb300000,0x00000000eb300000,0x00000000eb480000)
 ParOldGen       total 178688K, used 143265K [0x00000000c0000000, 0x00000000cae80000, 0x00000000eab00000)
  object space 178688K, 80% used [0x00000000c0000000,0x00000000c8be8568,0x00000000cae80000)
 Metaspace       used 79361K, committed 80960K, reserved 1179648K
  class space    used 8120K, committed 8768K, reserved 1048576K
}
Event: 1682.381 GC heap after
{Heap after GC invocations=163 (full 7):
 PSYoungGen      total 7680K, used 608K [0x00000000eab00000, 0x00000000eb400000, 0x0000000100000000)
  eden space 6656K, 0% used [0x00000000eab00000,0x00000000eab00000,0x00000000eb180000)
  from space 1024K, 59% used [0x00000000eb300000,0x00000000eb398000,0x00000000eb400000)
  to   space 1024K, 0% used [0x00000000eb200000,0x00000000eb200000,0x00000000eb300000)
 ParOldGen       total 178688K, used 144029K [0x00000000c0000000, 0x00000000cae80000, 0x00000000eab00000)
  object space 178688K, 80% used [0x00000000c0000000,0x00000000c8ca77a8,0x00000000cae80000)
 Metaspace       used 79361K, committed 80960K, reserved 1179648K
  class space    used 8120K, committed 8768K, reserved 1048576K
}

