# JRE version: Java(TM) SE Runtime Environment (21.0.1+12) (build 21.0.1+12-LTS-29)
# Java VM: Java HotSpot(TM) 64-Bit Server VM (21.0.1+12-LTS-29, mixed mode, emulated-client, sharing, tiered, compressed oops, compressed class ptrs, g1 gc, windows-amd64)
GC Precious Log:
 CardTable entry size: 512
 Card Set container configuration: InlinePtr #cards 5 size 8 Array Of Cards #cards 12 size 40 Howl #buckets 4 coarsen threshold 1843 Howl Bitmap #cards 512 size 80 coarsen threshold 460 Card regions per heap region 1 cards per card region 2048
 CPUs: 16 total, 16 available
 Memory: 7599M
 Large Page Support: Disabled
 NUMA Support: Disabled
 Compressed Oops: Enabled (32-bit)
 Heap Region Size: 1M
 Heap Min Capacity: 8M
 Heap Initial Capacity: 120M
 Heap Max Capacity: 1900M
 Pre-touch: Disabled
 Parallel Workers: 13
 Concurrent Workers: 3
 Concurrent Refinement Workers: 13
 Periodic GC: Disabled
Heap:
 garbage-first heap   total 106496K, used 33679K [0x0000000089400000, 0x0000000100000000)
  region size 1024K, 5 young (5120K), 5 survivors (5120K)
 Metaspace       used 56144K, committed 57344K, reserved 1114112K
  class space    used 7853K, committed 8576K, reserved 1048576K
GC Heap History (20 events):
Event: 7766.657 GC heap after
{Heap after GC invocations=221 (full 48):
 garbage-first heap   total 128000K, used 38106K [0x0000000089400000, 0x0000000100000000)
  region size 1024K, 0 young (0K), 0 survivors (0K)
 Metaspace       used 54623K, committed 55936K, reserved 1114112K
  class space    used 7690K, committed 8576K, reserved 1048576K
}
Event: 7767.173 GC heap before
{Heap before GC invocations=221 (full 48):
 garbage-first heap   total 128000K, used 110810K [0x0000000089400000, 0x0000000100000000)
  region size 1024K, 71 young (72704K), 0 survivors (0K)
 Metaspace       used 54834K, committed 56128K, reserved 1114112K
  class space    used 7718K, committed 8576K, reserved 1048576K
}
Event: 7767.178 GC heap after
{Heap after GC invocations=222 (full 48):
 garbage-first heap   total 128000K, used 43154K [0x0000000089400000, 0x0000000100000000)
  region size 1024K, 5 young (5120K), 5 survivors (5120K)
 Metaspace       used 54834K, committed 56128K, reserved 1114112K
  class space    used 7718K, committed 8576K, reserved 1048576K
}
Event: 7767.554 GC heap before
{Heap before GC invocations=223 (full 48):
 garbage-first heap   total 128000K, used 111762K [0x0000000089400000, 0x0000000100000000)
  region size 1024K, 72 young (73728K), 5 survivors (5120K)
 Metaspace       used 55063K, committed 56384K, reserved 1114112K
  class space    used 7735K, committed 8576K, reserved 1048576K
}
Event: 7767.559 GC heap after
{Heap after GC invocations=224 (full 48):
 garbage-first heap   total 128000K, used 45745K [0x0000000089400000, 0x0000000100000000)
  region size 1024K, 4 young (4096K), 4 survivors (4096K)
 Metaspace       used 55063K, committed 56384K, reserved 1114112K
  class space    used 7735K, committed 8576K, reserved 1048576K
}
Event: 7781.903 GC heap before
{Heap before GC invocations=224 (full 48):
 garbage-first heap   total 128000K, used 81585K [0x0000000089400000, 0x0000000100000000)
  region size 1024K, 40 young (40960K), 4 survivors (4096K)
 Metaspace       used 55071K, committed 56384K, reserved 1114112K
  class space    used 7737K, committed 8576K, reserved 1048576K
}
Event: 7781.952 GC heap after
{Heap after GC invocations=225 (full 49):
 garbage-first heap   total 128000K, used 43133K [0x0000000089400000, 0x0000000100000000)
  region size 1024K, 0 young (0K), 0 survivors (0K)
 Metaspace       used 55067K, committed 56384K, reserved 1114112K
  class space    used 7737K, committed 8576K, reserved 1048576K
}
Event: 7782.462 GC heap before
{Heap before GC invocations=225 (full 49):
 garbage-first heap   total 128000K, used 113789K [0x0000000089400000, 0x0000000100000000)
  region size 1024K, 69 young (70656K), 0 survivors (0K)
 Metaspace       used 55279K, committed 56576K, reserved 1114112K
  class space    used 7764K, committed 8576K, reserved 1048576K
}
Event: 7782.465 GC heap after
{Heap after GC invocations=226 (full 49):
 garbage-first heap   total 128000K, used 48094K [0x0000000089400000, 0x0000000100000000)
  region size 1024K, 5 young (5120K), 5 survivors (5120K)
 Metaspace       used 55279K, committed 56576K, reserved 1114112K
  class space    used 7764K, committed 8576K, reserved 1048576K
}
Event: 7782.825 GC heap before
{Heap before GC invocations=227 (full 49):
 garbage-first heap   total 128000K, used 113630K [0x0000000089400000, 0x0000000100000000)
  region size 1024K, 69 young (70656K), 5 survivors (5120K)
 Metaspace       used 55501K, committed 56768K, reserved 1114112K
  class space    used 7780K, committed 8576K, reserved 1048576K
}
Event: 7782.830 GC heap after
{Heap after GC invocations=228 (full 49):
 garbage-first heap   total 128000K, used 50864K [0x0000000089400000, 0x0000000100000000)
  region size 1024K, 8 young (8192K), 8 survivors (8192K)
 Metaspace       used 55501K, committed 56768K, reserved 1114112K
  class space    used 7780K, committed 8576K, reserved 1048576K
}
Event: 7866.750 GC heap before
{Heap before GC invocations=228 (full 49):
 garbage-first heap   total 128000K, used 106160K [0x0000000089400000, 0x0000000100000000)
  region size 1024K, 63 young (64512K), 8 survivors (8192K)
 Metaspace       used 55539K, committed 56832K, reserved 1114112K
  class space    used 7789K, committed 8576K, reserved 1048576K
}
Event: 7866.814 GC heap after
{Heap after GC invocations=229 (full 50):
 garbage-first heap   total 128000K, used 48723K [0x0000000089400000, 0x0000000100000000)
  region size 1024K, 0 young (0K), 0 survivors (0K)
 Metaspace       used 55536K, committed 56832K, reserved 1114112K
  class space    used 7789K, committed 8576K, reserved 1048576K
}
Event: 7867.761 GC heap before
{Heap before GC invocations=229 (full 50):
 garbage-first heap   total 128000K, used 114259K [0x0000000089400000, 0x0000000100000000)
  region size 1024K, 64 young (65536K), 0 survivors (0K)
 Metaspace       used 55748K, committed 56960K, reserved 1114112K
  class space    used 7816K, committed 8576K, reserved 1048576K
}
Event: 7867.767 GC heap after
{Heap after GC invocations=230 (full 50):
 garbage-first heap   total 128000K, used 53656K [0x0000000089400000, 0x0000000100000000)
  region size 1024K, 5 young (5120K), 5 survivors (5120K)
 Metaspace       used 55748K, committed 56960K, reserved 1114112K
  class space    used 7816K, committed 8576K, reserved 1048576K
}
Event: 7868.261 GC heap before
{Heap before GC invocations=231 (full 50):
 garbage-first heap   total 128000K, used 112024K [0x0000000089400000, 0x0000000100000000)
  region size 1024K, 62 young (63488K), 5 survivors (5120K)
 Metaspace       used 55936K, committed 57152K, reserved 1114112K
  class space    used 7824K, committed 8576K, reserved 1048576K
}
Event: 7868.266 GC heap after
{Heap after GC invocations=232 (full 50):
 garbage-first heap   total 128000K, used 56540K [0x0000000089400000, 0x0000000100000000)
  region size 1024K, 4 young (4096K), 4 survivors (4096K)
 Metaspace       used 55936K, committed 57152K, reserved 1114112K
  class space    used 7824K, committed 8576K, reserved 1048576K
}
Event: 7870.113 GC heap before
{Heap before GC invocations=232 (full 50):
 garbage-first heap   total 128000K, used 108764K [0x0000000089400000, 0x0000000100000000)
  region size 1024K, 56 young (57344K), 4 survivors (4096K)
 Metaspace       used 55946K, committed 57152K, reserved 1114112K
  class space    used 7828K, committed 8576K, reserved 1048576K
}
Event: 7870.173 GC heap after
{Heap after GC invocations=233 (full 51):
 garbage-first heap   total 106496K, used 29000K [0x0000000089400000, 0x0000000100000000)
  region size 1024K, 0 young (0K), 0 survivors (0K)
 Metaspace       used 55934K, committed 57152K, reserved 1114112K
  class space    used 7825K, committed 8576K, reserved 1048576K
}
Event: 7871.017 GC heap before
{Heap before GC invocations=233 (full 51):
 garbage-first heap   total 106496K, used 92488K [0x0000000089400000, 0x0000000100000000)
  region size 1024K, 62 young (63488K), 0 survivors (0K)
 Metaspace       used 56144K, committed 57344K, reserved 1114112K
  class space    used 7853K, committed 8576K, reserved 1048576K
}

