# JRE version: OpenJDK Runtime Environment Temurin-17.0.10+7 (17.0.10+7) (build 17.0.10+7)
# Java VM: OpenJDK 64-Bit Server VM Temurin-17.0.10+7 (17.0.10+7, mixed mode, emulated-client, tiered, compressed oops, compressed class ptrs, g1 gc, windows-amd64)
GC Precious Log:
 CPUs: 16 total, 16 available
 Memory: 7599M
 Large Page Support: Disabled
 NUMA Support: Disabled
 Compressed Oops: Enabled (32-bit)
 Heap Region Size: 1M
 Heap Min Capacity: 8M
 Heap Initial Capacity: 120M
 Heap Max Capacity: 1G
 Pre-touch: Disabled
 Parallel Workers: 13
 Concurrent Workers: 3
 Concurrent Refinement Workers: 13
 Periodic GC: Disabled
Heap:
 garbage-first heap   total 106496K, used 36153K [0x00000000c0000000, 0x0000000100000000)
  region size 1024K, 1 young (1024K), 0 survivors (0K)
 Metaspace       used 58263K, committed 59008K, reserved 1114112K
  class space    used 7237K, committed 7552K, reserved 1048576K
GC Heap History (20 events):
Event: 12998.008 GC heap before
{Heap before GC invocations=993 (full 972):
 garbage-first heap   total 106496K, used 36153K [0x00000000c0000000, 0x0000000100000000)
  region size 1024K, 1 young (1024K), 0 survivors (0K)
 Metaspace       used 58263K, committed 59008K, reserved 1114112K
  class space    used 7237K, committed 7552K, reserved 1048576K
}
Event: 12998.041 GC heap after
{Heap after GC invocations=994 (full 973):
 garbage-first heap   total 106496K, used 36153K [0x00000000c0000000, 0x0000000100000000)
  region size 1024K, 0 young (0K), 0 survivors (0K)
 Metaspace       used 58263K, committed 59008K, reserved 1114112K
  class space    used 7237K, committed 7552K, reserved 1048576K
}
Event: 13008.155 GC heap before
{Heap before GC invocations=994 (full 973):
 garbage-first heap   total 106496K, used 36153K [0x00000000c0000000, 0x0000000100000000)
  region size 1024K, 1 young (1024K), 0 survivors (0K)
 Metaspace       used 58263K, committed 59008K, reserved 1114112K
  class space    used 7237K, committed 7552K, reserved 1048576K
}
Event: 13008.180 GC heap after
{Heap after GC invocations=995 (full 974):
 garbage-first heap   total 106496K, used 36153K [0x00000000c0000000, 0x0000000100000000)
  region size 1024K, 0 young (0K), 0 survivors (0K)
 Metaspace       used 58263K, committed 59008K, reserved 1114112K
  class space    used 7237K, committed 7552K, reserved 1048576K
}
Event: 13018.304 GC heap before
{Heap before GC invocations=995 (full 974):
 garbage-first heap   total 106496K, used 36153K [0x00000000c0000000, 0x0000000100000000)
  region size 1024K, 1 young (1024K), 0 survivors (0K)
 Metaspace       used 58263K, committed 59008K, reserved 1114112K
  class space    used 7237K, committed 7552K, reserved 1048576K
}
Event: 13018.332 GC heap after
{Heap after GC invocations=996 (full 975):
 garbage-first heap   total 106496K, used 36153K [0x00000000c0000000, 0x0000000100000000)
  region size 1024K, 0 young (0K), 0 survivors (0K)
 Metaspace       used 58263K, committed 59008K, reserved 1114112K
  class space    used 7237K, committed 7552K, reserved 1048576K
}
Event: 13028.442 GC heap before
{Heap before GC invocations=996 (full 975):
 garbage-first heap   total 106496K, used 36153K [0x00000000c0000000, 0x0000000100000000)
  region size 1024K, 1 young (1024K), 0 survivors (0K)
 Metaspace       used 58263K, committed 59008K, reserved 1114112K
  class space    used 7237K, committed 7552K, reserved 1048576K
}
Event: 13028.468 GC heap after
{Heap after GC invocations=997 (full 976):
 garbage-first heap   total 106496K, used 36153K [0x00000000c0000000, 0x0000000100000000)
  region size 1024K, 0 young (0K), 0 survivors (0K)
 Metaspace       used 58263K, committed 59008K, reserved 1114112K
  class space    used 7237K, committed 7552K, reserved 1048576K
}
Event: 13038.609 GC heap before
{Heap before GC invocations=997 (full 976):
 garbage-first heap   total 106496K, used 36153K [0x00000000c0000000, 0x0000000100000000)
  region size 1024K, 1 young (1024K), 0 survivors (0K)
 Metaspace       used 58263K, committed 59008K, reserved 1114112K
  class space    used 7237K, committed 7552K, reserved 1048576K
}
Event: 13038.641 GC heap after
{Heap after GC invocations=998 (full 977):
 garbage-first heap   total 106496K, used 36153K [0x00000000c0000000, 0x0000000100000000)
  region size 1024K, 0 young (0K), 0 survivors (0K)
 Metaspace       used 58263K, committed 59008K, reserved 1114112K
  class space    used 7237K, committed 7552K, reserved 1048576K
}
Event: 13048.756 GC heap before
{Heap before GC invocations=998 (full 977):
 garbage-first heap   total 106496K, used 36153K [0x00000000c0000000, 0x0000000100000000)
  region size 1024K, 1 young (1024K), 0 survivors (0K)
 Metaspace       used 58263K, committed 59008K, reserved 1114112K
  class space    used 7237K, committed 7552K, reserved 1048576K
}
Event: 13048.796 GC heap after
{Heap after GC invocations=999 (full 978):
 garbage-first heap   total 106496K, used 36153K [0x00000000c0000000, 0x0000000100000000)
  region size 1024K, 0 young (0K), 0 survivors (0K)
 Metaspace       used 58263K, committed 59008K, reserved 1114112K
  class space    used 7237K, committed 7552K, reserved 1048576K
}
Event: 13058.964 GC heap before
{Heap before GC invocations=999 (full 978):
 garbage-first heap   total 106496K, used 36153K [0x00000000c0000000, 0x0000000100000000)
  region size 1024K, 1 young (1024K), 0 survivors (0K)
 Metaspace       used 58263K, committed 59008K, reserved 1114112K
  class space    used 7237K, committed 7552K, reserved 1048576K
}
Event: 13059.003 GC heap after
{Heap after GC invocations=1000 (full 979):
 garbage-first heap   total 106496K, used 36153K [0x00000000c0000000, 0x0000000100000000)
  region size 1024K, 0 young (0K), 0 survivors (0K)
 Metaspace       used 58263K, committed 59008K, reserved 1114112K
  class space    used 7237K, committed 7552K, reserved 1048576K
}
Event: 13069.166 GC heap before
{Heap before GC invocations=1000 (full 979):
 garbage-first heap   total 106496K, used 36153K [0x00000000c0000000, 0x0000000100000000)
  region size 1024K, 1 young (1024K), 0 survivors (0K)
 Metaspace       used 58263K, committed 59008K, reserved 1114112K
  class space    used 7237K, committed 7552K, reserved 1048576K
}
Event: 13069.197 GC heap after
{Heap after GC invocations=1001 (full 980):
 garbage-first heap   total 106496K, used 36153K [0x00000000c0000000, 0x0000000100000000)
  region size 1024K, 0 young (0K), 0 survivors (0K)
 Metaspace       used 58263K, committed 59008K, reserved 1114112K
  class space    used 7237K, committed 7552K, reserved 1048576K
}
Event: 13079.319 GC heap before
{Heap before GC invocations=1001 (full 980):
 garbage-first heap   total 106496K, used 36153K [0x00000000c0000000, 0x0000000100000000)
  region size 1024K, 1 young (1024K), 0 survivors (0K)
 Metaspace       used 58263K, committed 59008K, reserved 1114112K
  class space    used 7237K, committed 7552K, reserved 1048576K
}
Event: 13079.348 GC heap after
{Heap after GC invocations=1002 (full 981):
 garbage-first heap   total 106496K, used 36153K [0x00000000c0000000, 0x0000000100000000)
  region size 1024K, 0 young (0K), 0 survivors (0K)
 Metaspace       used 58263K, committed 59008K, reserved 1114112K
  class space    used 7237K, committed 7552K, reserved 1048576K
}
Event: 13089.466 GC heap before
{Heap before GC invocations=1002 (full 981):
 garbage-first heap   total 106496K, used 36153K [0x00000000c0000000, 0x0000000100000000)
  region size 1024K, 1 young (1024K), 0 survivors (0K)
 Metaspace       used 58263K, committed 59008K, reserved 1114112K
  class space    used 7237K, committed 7552K, reserved 1048576K
}
Event: 13089.491 GC heap after
{Heap after GC invocations=1003 (full 982):
 garbage-first heap   total 106496K, used 36153K [0x00000000c0000000, 0x0000000100000000)
  region size 1024K, 0 young (0K), 0 survivors (0K)
 Metaspace       used 58263K, committed 59008K, reserved 1114112K
  class space    used 7237K, committed 7552K, reserved 1048576K
}

