# JRE version: OpenJDK Runtime Environment Temurin-17.0.10+7 (17.0.10+7) (build 17.0.10+7)
# Java VM: OpenJDK 64-Bit Server VM Temurin-17.0.10+7 (17.0.10+7, mixed mode, emulated-client, tiered, compressed oops, compressed class ptrs, g1 gc, windows-amd64)
GC Precious Log:
 CPUs: 16 total, 16 available
 Memory: 7599M
 Large Page Support: Disabled
 NUMA Support: Disabled
 Compressed Oops: Enabled (32-bit)
 Heap Region Size: 1M
 Heap Min Capacity: 8M
 Heap Initial Capacity: 120M
 Heap Max Capacity: 1G
 Pre-touch: Disabled
 Parallel Workers: 13
 Concurrent Workers: 3
 Concurrent Refinement Workers: 13
 Periodic GC: Disabled
Heap:
 garbage-first heap   total 91136K, used 36817K [0x00000000c0000000, 0x0000000100000000)
  region size 1024K, 1 young (1024K), 0 survivors (0K)
 Metaspace       used 58499K, committed 58944K, reserved 1114112K
  class space    used 7258K, committed 7488K, reserved 1048576K
GC Heap History (20 events):
Event: 1418.585 GC heap before
{Heap before GC invocations=105 (full 93):
 garbage-first heap   total 91136K, used 36794K [0x00000000c0000000, 0x0000000100000000)
  region size 1024K, 1 young (1024K), 0 survivors (0K)
 Metaspace       used 58499K, committed 58944K, reserved 1114112K
  class space    used 7258K, committed 7488K, reserved 1048576K
}
Event: 1418.643 GC heap after
{Heap after GC invocations=106 (full 94):
 garbage-first heap   total 91136K, used 36795K [0x00000000c0000000, 0x0000000100000000)
  region size 1024K, 0 young (0K), 0 survivors (0K)
 Metaspace       used 58499K, committed 58944K, reserved 1114112K
  class space    used 7258K, committed 7488K, reserved 1048576K
}
Event: 1428.832 GC heap before
{Heap before GC invocations=106 (full 94):
 garbage-first heap   total 91136K, used 36795K [0x00000000c0000000, 0x0000000100000000)
  region size 1024K, 1 young (1024K), 0 survivors (0K)
 Metaspace       used 58499K, committed 58944K, reserved 1114112K
  class space    used 7258K, committed 7488K, reserved 1048576K
}
Event: 1428.869 GC heap after
{Heap after GC invocations=107 (full 95):
 garbage-first heap   total 91136K, used 36795K [0x00000000c0000000, 0x0000000100000000)
  region size 1024K, 0 young (0K), 0 survivors (0K)
 Metaspace       used 58499K, committed 58944K, reserved 1114112K
  class space    used 7258K, committed 7488K, reserved 1048576K
}
Event: 1439.084 GC heap before
{Heap before GC invocations=107 (full 95):
 garbage-first heap   total 91136K, used 36795K [0x00000000c0000000, 0x0000000100000000)
  region size 1024K, 1 young (1024K), 0 survivors (0K)
 Metaspace       used 58499K, committed 58944K, reserved 1114112K
  class space    used 7258K, committed 7488K, reserved 1048576K
}
Event: 1439.127 GC heap after
{Heap after GC invocations=108 (full 96):
 garbage-first heap   total 91136K, used 36795K [0x00000000c0000000, 0x0000000100000000)
  region size 1024K, 0 young (0K), 0 survivors (0K)
 Metaspace       used 58499K, committed 58944K, reserved 1114112K
  class space    used 7258K, committed 7488K, reserved 1048576K
}
Event: 1479.342 GC heap before
{Heap before GC invocations=108 (full 96):
 garbage-first heap   total 91136K, used 39867K [0x00000000c0000000, 0x0000000100000000)
  region size 1024K, 5 young (5120K), 0 survivors (0K)
 Metaspace       used 58499K, committed 58944K, reserved 1114112K
  class space    used 7258K, committed 7488K, reserved 1048576K
}
Event: 1479.374 GC heap after
{Heap after GC invocations=109 (full 97):
 garbage-first heap   total 91136K, used 37019K [0x00000000c0000000, 0x0000000100000000)
  region size 1024K, 0 young (0K), 0 survivors (0K)
 Metaspace       used 58499K, committed 58944K, reserved 1114112K
  class space    used 7258K, committed 7488K, reserved 1048576K
}
Event: 1489.521 GC heap before
{Heap before GC invocations=109 (full 97):
 garbage-first heap   total 91136K, used 37019K [0x00000000c0000000, 0x0000000100000000)
  region size 1024K, 1 young (1024K), 0 survivors (0K)
 Metaspace       used 58499K, committed 58944K, reserved 1114112K
  class space    used 7258K, committed 7488K, reserved 1048576K
}
Event: 1489.550 GC heap after
{Heap after GC invocations=110 (full 98):
 garbage-first heap   total 91136K, used 37027K [0x00000000c0000000, 0x0000000100000000)
  region size 1024K, 0 young (0K), 0 survivors (0K)
 Metaspace       used 58499K, committed 58944K, reserved 1114112K
  class space    used 7258K, committed 7488K, reserved 1048576K
}
Event: 1499.772 GC heap before
{Heap before GC invocations=110 (full 98):
 garbage-first heap   total 91136K, used 37027K [0x00000000c0000000, 0x0000000100000000)
  region size 1024K, 1 young (1024K), 0 survivors (0K)
 Metaspace       used 58499K, committed 58944K, reserved 1114112K
  class space    used 7258K, committed 7488K, reserved 1048576K
}
Event: 1499.829 GC heap after
{Heap after GC invocations=111 (full 99):
 garbage-first heap   total 91136K, used 37027K [0x00000000c0000000, 0x0000000100000000)
  region size 1024K, 0 young (0K), 0 survivors (0K)
 Metaspace       used 58499K, committed 58944K, reserved 1114112K
  class space    used 7258K, committed 7488K, reserved 1048576K
}
Event: 1540.089 GC heap before
{Heap before GC invocations=111 (full 99):
 garbage-first heap   total 91136K, used 41123K [0x00000000c0000000, 0x0000000100000000)
  region size 1024K, 5 young (5120K), 0 survivors (0K)
 Metaspace       used 58499K, committed 58944K, reserved 1114112K
  class space    used 7258K, committed 7488K, reserved 1048576K
}
Event: 1540.140 GC heap after
{Heap after GC invocations=112 (full 100):
 garbage-first heap   total 91136K, used 37019K [0x00000000c0000000, 0x0000000100000000)
  region size 1024K, 0 young (0K), 0 survivors (0K)
 Metaspace       used 58499K, committed 58944K, reserved 1114112K
  class space    used 7258K, committed 7488K, reserved 1048576K
}
Event: 1550.338 GC heap before
{Heap before GC invocations=112 (full 100):
 garbage-first heap   total 91136K, used 37019K [0x00000000c0000000, 0x0000000100000000)
  region size 1024K, 1 young (1024K), 0 survivors (0K)
 Metaspace       used 58499K, committed 58944K, reserved 1114112K
  class space    used 7258K, committed 7488K, reserved 1048576K
}
Event: 1550.378 GC heap after
{Heap after GC invocations=113 (full 101):
 garbage-first heap   total 91136K, used 37027K [0x00000000c0000000, 0x0000000100000000)
  region size 1024K, 0 young (0K), 0 survivors (0K)
 Metaspace       used 58499K, committed 58944K, reserved 1114112K
  class space    used 7258K, committed 7488K, reserved 1048576K
}
Event: 1560.530 GC heap before
{Heap before GC invocations=113 (full 101):
 garbage-first heap   total 91136K, used 37027K [0x00000000c0000000, 0x0000000100000000)
  region size 1024K, 1 young (1024K), 0 survivors (0K)
 Metaspace       used 58499K, committed 58944K, reserved 1114112K
  class space    used 7258K, committed 7488K, reserved 1048576K
}
Event: 1560.560 GC heap after
{Heap after GC invocations=114 (full 102):
 garbage-first heap   total 91136K, used 37027K [0x00000000c0000000, 0x0000000100000000)
  region size 1024K, 0 young (0K), 0 survivors (0K)
 Metaspace       used 58499K, committed 58944K, reserved 1114112K
  class space    used 7258K, committed 7488K, reserved 1048576K
}
Event: 1570.755 GC heap before
{Heap before GC invocations=114 (full 102):
 garbage-first heap   total 91136K, used 37027K [0x00000000c0000000, 0x0000000100000000)
  region size 1024K, 1 young (1024K), 0 survivors (0K)
 Metaspace       used 58499K, committed 58944K, reserved 1114112K
  class space    used 7258K, committed 7488K, reserved 1048576K
}
Event: 1570.793 GC heap after
{Heap after GC invocations=115 (full 103):
 garbage-first heap   total 91136K, used 36817K [0x00000000c0000000, 0x0000000100000000)
  region size 1024K, 0 young (0K), 0 survivors (0K)
 Metaspace       used 58499K, committed 58944K, reserved 1114112K
  class space    used 7258K, committed 7488K, reserved 1048576K
}

