# JRE version: OpenJDK Runtime Environment Temurin-17.0.10+7 (17.0.10+7) (build 17.0.10+7)
# Java VM: OpenJDK 64-Bit Server VM Temurin-17.0.10+7 (17.0.10+7, mixed mode, tiered, compressed oops, compressed class ptrs, parallel gc, windows-amd64)
GC Precious Log:
 CPUs: 16 total, 16 available
 Memory: 7599M
 Large Page Support: Disabled
 NUMA Support: Disabled
 Compressed Oops: Enabled (32-bit)
 Alignments: Space 512K, Generation 512K, Heap 2M
 Heap Min Capacity: 100M
 Heap Initial Capacity: 100M
 Heap Max Capacity: 1G
 Pre-touch: Disabled
 Parallel Workers: 13
Heap:
 PSYoungGen      total 9728K, used 6040K [0x00000000eab00000, 0x00000000eb680000, 0x0000000100000000)
  eden space 8704K, 58% used [0x00000000eab00000,0x00000000eafff920,0x00000000eb380000)
  from space 1024K, 90% used [0x00000000eb580000,0x00000000eb666900,0x00000000eb680000)
  to   space 1536K, 0% used [0x00000000eb380000,0x00000000eb380000,0x00000000eb500000)
 ParOldGen       total 628224K, used 551372K [0x00000000c0000000, 0x00000000e6580000, 0x00000000eab00000)
  object space 628224K, 87% used [0x00000000c0000000,0x00000000e1a732b0,0x00000000e6580000)
 Metaspace       used 100053K, committed 101632K, reserved 1179648K
  class space    used 10108K, committed 10816K, reserved 1048576K
GC Heap History (20 events):
Event: 2845.135 GC heap before
{Heap before GC invocations=1775 (full 51):
 PSYoungGen      total 9216K, used 7872K [0x00000000eab00000, 0x00000000eb680000, 0x0000000100000000)
  eden space 7168K, 100% used [0x00000000eab00000,0x00000000eb200000,0x00000000eb200000)
  from space 2048K, 34% used [0x00000000eb200000,0x00000000eb2b0000,0x00000000eb400000)
  to   space 1536K, 0% used [0x00000000eb500000,0x00000000eb500000,0x00000000eb680000)
 ParOldGen       total 628224K, used 544880K [0x00000000c0000000, 0x00000000e6580000, 0x00000000eab00000)
  object space 628224K, 86% used [0x00000000c0000000,0x00000000e141c3b0,0x00000000e6580000)
 Metaspace       used 100044K, committed 101568K, reserved 1179648K
  class space    used 10108K, committed 10816K, reserved 1048576K
}
Event: 2845.137 GC heap after
{Heap after GC invocations=1775 (full 51):
 PSYoungGen      total 10240K, used 1066K [0x00000000eab00000, 0x00000000eb680000, 0x0000000100000000)
  eden space 8704K, 0% used [0x00000000eab00000,0x00000000eab00000,0x00000000eb380000)
  from space 1536K, 69% used [0x00000000eb500000,0x00000000eb60a910,0x00000000eb680000)
  to   space 1536K, 0% used [0x00000000eb380000,0x00000000eb380000,0x00000000eb500000)
 ParOldGen       total 628224K, used 545433K [0x00000000c0000000, 0x00000000e6580000, 0x00000000eab00000)
  object space 628224K, 86% used [0x00000000c0000000,0x00000000e14a6410,0x00000000e6580000)
 Metaspace       used 100044K, committed 101568K, reserved 1179648K
  class space    used 10108K, committed 10816K, reserved 1048576K
}
Event: 2845.578 GC heap before
{Heap before GC invocations=1776 (full 51):
 PSYoungGen      total 10240K, used 9770K [0x00000000eab00000, 0x00000000eb680000, 0x0000000100000000)
  eden space 8704K, 100% used [0x00000000eab00000,0x00000000eb380000,0x00000000eb380000)
  from space 1536K, 69% used [0x00000000eb500000,0x00000000eb60a910,0x00000000eb680000)
  to   space 1536K, 0% used [0x00000000eb380000,0x00000000eb380000,0x00000000eb500000)
 ParOldGen       total 628224K, used 545433K [0x00000000c0000000, 0x00000000e6580000, 0x00000000eab00000)
  object space 628224K, 86% used [0x00000000c0000000,0x00000000e14a6410,0x00000000e6580000)
 Metaspace       used 100053K, committed 101632K, reserved 1179648K
  class space    used 10108K, committed 10816K, reserved 1048576K
}
Event: 2845.581 GC heap after
{Heap after GC invocations=1776 (full 51):
 PSYoungGen      total 10240K, used 672K [0x00000000eab00000, 0x00000000eb700000, 0x0000000100000000)
  eden space 8704K, 0% used [0x00000000eab00000,0x00000000eab00000,0x00000000eb380000)
  from space 1536K, 43% used [0x00000000eb380000,0x00000000eb428000,0x00000000eb500000)
  to   space 1024K, 0% used [0x00000000eb600000,0x00000000eb600000,0x00000000eb700000)
 ParOldGen       total 628224K, used 546277K [0x00000000c0000000, 0x00000000e6580000, 0x00000000eab00000)
  object space 628224K, 86% used [0x00000000c0000000,0x00000000e1579650,0x00000000e6580000)
 Metaspace       used 100053K, committed 101632K, reserved 1179648K
  class space    used 10108K, committed 10816K, reserved 1048576K
}
Event: 2845.676 GC heap before
{Heap before GC invocations=1777 (full 51):
 PSYoungGen      total 10240K, used 9376K [0x00000000eab00000, 0x00000000eb700000, 0x0000000100000000)
  eden space 8704K, 100% used [0x00000000eab00000,0x00000000eb380000,0x00000000eb380000)
  from space 1536K, 43% used [0x00000000eb380000,0x00000000eb428000,0x00000000eb500000)
  to   space 1024K, 0% used [0x00000000eb600000,0x00000000eb600000,0x00000000eb700000)
 ParOldGen       total 628224K, used 546277K [0x00000000c0000000, 0x00000000e6580000, 0x00000000eab00000)
  object space 628224K, 86% used [0x00000000c0000000,0x00000000e1579650,0x00000000e6580000)
 Metaspace       used 100053K, committed 101632K, reserved 1179648K
  class space    used 10108K, committed 10816K, reserved 1048576K
}
Event: 2845.678 GC heap after
{Heap after GC invocations=1777 (full 51):
 PSYoungGen      total 9728K, used 996K [0x00000000eab00000, 0x00000000eb780000, 0x0000000100000000)
  eden space 8704K, 0% used [0x00000000eab00000,0x00000000eab00000,0x00000000eb380000)
  from space 1024K, 97% used [0x00000000eb600000,0x00000000eb6f9230,0x00000000eb700000)
  to   space 2048K, 0% used [0x00000000eb380000,0x00000000eb380000,0x00000000eb580000)
 ParOldGen       total 628224K, used 546789K [0x00000000c0000000, 0x00000000e6580000, 0x00000000eab00000)
  object space 628224K, 87% used [0x00000000c0000000,0x00000000e15f96c0,0x00000000e6580000)
 Metaspace       used 100053K, committed 101632K, reserved 1179648K
  class space    used 10108K, committed 10816K, reserved 1048576K
}
Event: 2846.342 GC heap before
{Heap before GC invocations=1778 (full 51):
 PSYoungGen      total 9728K, used 9700K [0x00000000eab00000, 0x00000000eb780000, 0x0000000100000000)
  eden space 8704K, 100% used [0x00000000eab00000,0x00000000eb380000,0x00000000eb380000)
  from space 1024K, 97% used [0x00000000eb600000,0x00000000eb6f9230,0x00000000eb700000)
  to   space 2048K, 0% used [0x00000000eb380000,0x00000000eb380000,0x00000000eb580000)
 ParOldGen       total 628224K, used 546789K [0x00000000c0000000, 0x00000000e6580000, 0x00000000eab00000)
  object space 628224K, 87% used [0x00000000c0000000,0x00000000e15f96c0,0x00000000e6580000)
 Metaspace       used 100053K, committed 101632K, reserved 1179648K
  class space    used 10108K, committed 10816K, reserved 1048576K
}
Event: 2846.345 GC heap after
{Heap after GC invocations=1778 (full 51):
 PSYoungGen      total 10752K, used 192K [0x00000000eab00000, 0x00000000eb680000, 0x0000000100000000)
  eden space 8704K, 0% used [0x00000000eab00000,0x00000000eab00000,0x00000000eb380000)
  from space 2048K, 9% used [0x00000000eb380000,0x00000000eb3b0000,0x00000000eb580000)
  to   space 1024K, 0% used [0x00000000eb580000,0x00000000eb580000,0x00000000eb680000)
 ParOldGen       total 628224K, used 547722K [0x00000000c0000000, 0x00000000e6580000, 0x00000000eab00000)
  object space 628224K, 87% used [0x00000000c0000000,0x00000000e16e2910,0x00000000e6580000)
 Metaspace       used 100053K, committed 101632K, reserved 1179648K
  class space    used 10108K, committed 10816K, reserved 1048576K
}
Event: 2847.430 GC heap before
{Heap before GC invocations=1779 (full 51):
 PSYoungGen      total 10752K, used 8896K [0x00000000eab00000, 0x00000000eb680000, 0x0000000100000000)
  eden space 8704K, 100% used [0x00000000eab00000,0x00000000eb380000,0x00000000eb380000)
  from space 2048K, 9% used [0x00000000eb380000,0x00000000eb3b0000,0x00000000eb580000)
  to   space 1024K, 0% used [0x00000000eb580000,0x00000000eb580000,0x00000000eb680000)
 ParOldGen       total 628224K, used 547722K [0x00000000c0000000, 0x00000000e6580000, 0x00000000eab00000)
  object space 628224K, 87% used [0x00000000c0000000,0x00000000e16e2910,0x00000000e6580000)
 Metaspace       used 100053K, committed 101632K, reserved 1179648K
  class space    used 10108K, committed 10816K, reserved 1048576K
}
Event: 2847.432 GC heap after
{Heap after GC invocations=1779 (full 51):
 PSYoungGen      total 9216K, used 442K [0x00000000eab00000, 0x00000000eb600000, 0x0000000100000000)
  eden space 8704K, 0% used [0x00000000eab00000,0x00000000eab00000,0x00000000eb380000)
  from space 512K, 86% used [0x00000000eb580000,0x00000000eb5ee900,0x00000000eb600000)
  to   space 512K, 0% used [0x00000000eb500000,0x00000000eb500000,0x00000000eb580000)
 ParOldGen       total 628224K, used 547738K [0x00000000c0000000, 0x00000000e6580000, 0x00000000eab00000)
  object space 628224K, 87% used [0x00000000c0000000,0x00000000e16e6910,0x00000000e6580000)
 Metaspace       used 100053K, committed 101632K, reserved 1179648K
  class space    used 10108K, committed 10816K, reserved 1048576K
}
Event: 2847.444 GC heap before
{Heap before GC invocations=1780 (full 51):
 PSYoungGen      total 9216K, used 9146K [0x00000000eab00000, 0x00000000eb600000, 0x0000000100000000)
  eden space 8704K, 100% used [0x00000000eab00000,0x00000000eb380000,0x00000000eb380000)
  from space 512K, 86% used [0x00000000eb580000,0x00000000eb5ee900,0x00000000eb600000)
  to   space 512K, 0% used [0x00000000eb500000,0x00000000eb500000,0x00000000eb580000)
 ParOldGen       total 628224K, used 547738K [0x00000000c0000000, 0x00000000e6580000, 0x00000000eab00000)
  object space 628224K, 87% used [0x00000000c0000000,0x00000000e16e6910,0x00000000e6580000)
 Metaspace       used 100053K, committed 101632K, reserved 1179648K
  class space    used 10108K, committed 10816K, reserved 1048576K
}
Event: 2847.447 GC heap after
{Heap after GC invocations=1780 (full 51):
 PSYoungGen      total 9216K, used 480K [0x00000000eab00000, 0x00000000eb680000, 0x0000000100000000)
  eden space 8704K, 0% used [0x00000000eab00000,0x00000000eab00000,0x00000000eb380000)
  from space 512K, 93% used [0x00000000eb500000,0x00000000eb578020,0x00000000eb580000)
  to   space 1024K, 0% used [0x00000000eb580000,0x00000000eb580000,0x00000000eb680000)
 ParOldGen       total 628224K, used 548518K [0x00000000c0000000, 0x00000000e6580000, 0x00000000eab00000)
  object space 628224K, 87% used [0x00000000c0000000,0x00000000e17a9b70,0x00000000e6580000)
 Metaspace       used 100053K, committed 101632K, reserved 1179648K
  class space    used 10108K, committed 10816K, reserved 1048576K
}
Event: 2847.459 GC heap before
{Heap before GC invocations=1781 (full 51):
 PSYoungGen      total 9216K, used 9184K [0x00000000eab00000, 0x00000000eb680000, 0x0000000100000000)
  eden space 8704K, 100% used [0x00000000eab00000,0x00000000eb380000,0x00000000eb380000)
  from space 512K, 93% used [0x00000000eb500000,0x00000000eb578020,0x00000000eb580000)
  to   space 1024K, 0% used [0x00000000eb580000,0x00000000eb580000,0x00000000eb680000)
 ParOldGen       total 628224K, used 548518K [0x00000000c0000000, 0x00000000e6580000, 0x00000000eab00000)
  object space 628224K, 87% used [0x00000000c0000000,0x00000000e17a9b70,0x00000000e6580000)
 Metaspace       used 100053K, committed 101632K, reserved 1179648K
  class space    used 10108K, committed 10816K, reserved 1048576K
}
Event: 2847.461 GC heap after
{Heap after GC invocations=1781 (full 51):
 PSYoungGen      total 9728K, used 602K [0x00000000eab00000, 0x00000000eb680000, 0x0000000100000000)
  eden space 8704K, 0% used [0x00000000eab00000,0x00000000eab00000,0x00000000eb380000)
  from space 1024K, 58% used [0x00000000eb580000,0x00000000eb616900,0x00000000eb680000)
  to   space 1024K, 0% used [0x00000000eb480000,0x00000000eb480000,0x00000000eb580000)
 ParOldGen       total 628224K, used 548838K [0x00000000c0000000, 0x00000000e6580000, 0x00000000eab00000)
  object space 628224K, 87% used [0x00000000c0000000,0x00000000e17f9b90,0x00000000e6580000)
 Metaspace       used 100053K, committed 101632K, reserved 1179648K
  class space    used 10108K, committed 10816K, reserved 1048576K
}
Event: 2847.477 GC heap before
{Heap before GC invocations=1782 (full 51):
 PSYoungGen      total 9728K, used 9306K [0x00000000eab00000, 0x00000000eb680000, 0x0000000100000000)
  eden space 8704K, 100% used [0x00000000eab00000,0x00000000eb380000,0x00000000eb380000)
  from space 1024K, 58% used [0x00000000eb580000,0x00000000eb616900,0x00000000eb680000)
  to   space 1024K, 0% used [0x00000000eb480000,0x00000000eb480000,0x00000000eb580000)
 ParOldGen       total 628224K, used 548838K [0x00000000c0000000, 0x00000000e6580000, 0x00000000eab00000)
  object space 628224K, 87% used [0x00000000c0000000,0x00000000e17f9b90,0x00000000e6580000)
 Metaspace       used 100053K, committed 101632K, reserved 1179648K
  class space    used 10108K, committed 10816K, reserved 1048576K
}
Event: 2847.480 GC heap after
{Heap after GC invocations=1782 (full 51):
 PSYoungGen      total 9728K, used 1018K [0x00000000eab00000, 0x00000000eb780000, 0x0000000100000000)
  eden space 8704K, 0% used [0x00000000eab00000,0x00000000eab00000,0x00000000eb380000)
  from space 1024K, 99% used [0x00000000eb480000,0x00000000eb57e900,0x00000000eb580000)
  to   space 2048K, 0% used [0x00000000eb580000,0x00000000eb580000,0x00000000eb780000)
 ParOldGen       total 628224K, used 549235K [0x00000000c0000000, 0x00000000e6580000, 0x00000000eab00000)
  object space 628224K, 87% used [0x00000000c0000000,0x00000000e185cdb0,0x00000000e6580000)
 Metaspace       used 100053K, committed 101632K, reserved 1179648K
  class space    used 10108K, committed 10816K, reserved 1048576K
}
Event: 2847.494 GC heap before
{Heap before GC invocations=1783 (full 51):
 PSYoungGen      total 9728K, used 9722K [0x00000000eab00000, 0x00000000eb780000, 0x0000000100000000)
  eden space 8704K, 100% used [0x00000000eab00000,0x00000000eb380000,0x00000000eb380000)
  from space 1024K, 99% used [0x00000000eb480000,0x00000000eb57e900,0x00000000eb580000)
  to   space 2048K, 0% used [0x00000000eb580000,0x00000000eb580000,0x00000000eb780000)
 ParOldGen       total 628224K, used 549235K [0x00000000c0000000, 0x00000000e6580000, 0x00000000eab00000)
  object space 628224K, 87% used [0x00000000c0000000,0x00000000e185cdb0,0x00000000e6580000)
 Metaspace       used 100053K, committed 101632K, reserved 1179648K
  class space    used 10108K, committed 10816K, reserved 1048576K
}
Event: 2847.497 GC heap after
{Heap after GC invocations=1783 (full 51):
 PSYoungGen      total 9728K, used 666K [0x00000000eab00000, 0x00000000eb680000, 0x0000000100000000)
  eden space 8704K, 0% used [0x00000000eab00000,0x00000000eab00000,0x00000000eb380000)
  from space 1024K, 65% used [0x00000000eb580000,0x00000000eb626900,0x00000000eb680000)
  to   space 1024K, 0% used [0x00000000eb480000,0x00000000eb480000,0x00000000eb580000)
 ParOldGen       total 628224K, used 549867K [0x00000000c0000000, 0x00000000e6580000, 0x00000000eab00000)
  object space 628224K, 87% used [0x00000000c0000000,0x00000000e18fadf0,0x00000000e6580000)
 Metaspace       used 100053K, committed 101632K, reserved 1179648K
  class space    used 10108K, committed 10816K, reserved 1048576K
}
Event: 2847.827 GC heap before
{Heap before GC invocations=1784 (full 51):
 PSYoungGen      total 9728K, used 9370K [0x00000000eab00000, 0x00000000eb680000, 0x0000000100000000)
  eden space 8704K, 100% used [0x00000000eab00000,0x00000000eb380000,0x00000000eb380000)
  from space 1024K, 65% used [0x00000000eb580000,0x00000000eb626900,0x00000000eb680000)
  to   space 1024K, 0% used [0x00000000eb480000,0x00000000eb480000,0x00000000eb580000)
 ParOldGen       total 628224K, used 549867K [0x00000000c0000000, 0x00000000e6580000, 0x00000000eab00000)
  object space 628224K, 87% used [0x00000000c0000000,0x00000000e18fadf0,0x00000000e6580000)
 Metaspace       used 100053K, committed 101632K, reserved 1179648K
  class space    used 10108K, committed 10816K, reserved 1048576K
}
Event: 2847.831 GC heap after
{Heap after GC invocations=1784 (full 51):
 PSYoungGen      total 9728K, used 1002K [0x00000000eab00000, 0x00000000eb780000, 0x0000000100000000)
  eden space 8704K, 0% used [0x00000000eab00000,0x00000000eab00000,0x00000000eb380000)
  from space 1024K, 97% used [0x00000000eb480000,0x00000000eb57a950,0x00000000eb580000)
  to   space 2048K, 0% used [0x00000000eb580000,0x00000000eb580000,0x00000000eb780000)
 ParOldGen       total 628224K, used 550416K [0x00000000c0000000, 0x00000000e6580000, 0x00000000eab00000)
  object space 628224K, 87% used [0x00000000c0000000,0x00000000e1984010,0x00000000e6580000)
 Metaspace       used 100053K, committed 101632K, reserved 1179648K
  class space    used 10108K, committed 10816K, reserved 1048576K
}

