# JRE version: OpenJDK Runtime Environment Temurin-17.0.10+7 (17.0.10+7) (build 17.0.10+7)
# Java VM: OpenJDK 64-Bit Server VM Temurin-17.0.10+7 (17.0.10+7, mixed mode, emulated-client, tiered, compressed oops, compressed class ptrs, g1 gc, windows-amd64)
GC Precious Log:
 CPUs: 16 total, 16 available
 Memory: 7599M
 Large Page Support: Disabled
 NUMA Support: Disabled
 Compressed Oops: Enabled (32-bit)
 Heap Region Size: 1M
 Heap Min Capacity: 8M
 Heap Initial Capacity: 120M
 Heap Max Capacity: 1G
 Pre-touch: Disabled
 Parallel Workers: 13
 Concurrent Workers: 3
 Concurrent Refinement Workers: 13
 Periodic GC: Disabled
Heap:
 garbage-first heap   total 122880K, used 38592K [0x00000000c0000000, 0x0000000100000000)
  region size 1024K, 1 young (1024K), 0 survivors (0K)
 Metaspace       used 59016K, committed 59520K, reserved 1114112K
  class space    used 7341K, committed 7552K, reserved 1048576K
GC Heap History (20 events):
Event: 852.866 GC heap before
{Heap before GC invocations=69 (full 39):
 garbage-first heap   total 122880K, used 101651K [0x00000000c0000000, 0x0000000100000000)
  region size 1024K, 64 young (65536K), 2 survivors (2048K)
 Metaspace       used 59035K, committed 59456K, reserved 1114112K
  class space    used 7348K, committed 7552K, reserved 1048576K
}
Event: 852.870 GC heap after
{Heap after GC invocations=70 (full 39):
 garbage-first heap   total 122880K, used 38988K [0x00000000c0000000, 0x0000000100000000)
  region size 1024K, 3 young (3072K), 3 survivors (3072K)
 Metaspace       used 59035K, committed 59456K, reserved 1114112K
  class space    used 7348K, committed 7552K, reserved 1048576K
}
Event: 856.438 GC heap before
{Heap before GC invocations=70 (full 39):
 garbage-first heap   total 122880K, used 101452K [0x00000000c0000000, 0x0000000100000000)
  region size 1024K, 64 young (65536K), 3 survivors (3072K)
 Metaspace       used 59035K, committed 59456K, reserved 1114112K
  class space    used 7348K, committed 7552K, reserved 1048576K
}
Event: 856.443 GC heap after
{Heap after GC invocations=71 (full 39):
 garbage-first heap   total 122880K, used 39091K [0x00000000c0000000, 0x0000000100000000)
  region size 1024K, 3 young (3072K), 3 survivors (3072K)
 Metaspace       used 59035K, committed 59456K, reserved 1114112K
  class space    used 7348K, committed 7552K, reserved 1048576K
}
Event: 866.508 GC heap before
{Heap before GC invocations=71 (full 39):
 garbage-first heap   total 122880K, used 101555K [0x00000000c0000000, 0x0000000100000000)
  region size 1024K, 64 young (65536K), 3 survivors (3072K)
 Metaspace       used 59041K, committed 59520K, reserved 1114112K
  class space    used 7349K, committed 7552K, reserved 1048576K
}
Event: 866.510 GC heap after
{Heap after GC invocations=72 (full 39):
 garbage-first heap   total 122880K, used 38769K [0x00000000c0000000, 0x0000000100000000)
  region size 1024K, 3 young (3072K), 3 survivors (3072K)
 Metaspace       used 59041K, committed 59520K, reserved 1114112K
  class space    used 7349K, committed 7552K, reserved 1048576K
}
Event: 869.122 GC heap before
{Heap before GC invocations=72 (full 39):
 garbage-first heap   total 122880K, used 102257K [0x00000000c0000000, 0x0000000100000000)
  region size 1024K, 65 young (66560K), 3 survivors (3072K)
 Metaspace       used 59041K, committed 59520K, reserved 1114112K
  class space    used 7349K, committed 7552K, reserved 1048576K
}
Event: 869.127 GC heap after
{Heap after GC invocations=73 (full 39):
 garbage-first heap   total 122880K, used 40622K [0x00000000c0000000, 0x0000000100000000)
  region size 1024K, 5 young (5120K), 5 survivors (5120K)
 Metaspace       used 59041K, committed 59520K, reserved 1114112K
  class space    used 7349K, committed 7552K, reserved 1048576K
}
Event: 873.666 GC heap before
{Heap before GC invocations=73 (full 39):
 garbage-first heap   total 122880K, used 100014K [0x00000000c0000000, 0x0000000100000000)
  region size 1024K, 63 young (64512K), 5 survivors (5120K)
 Metaspace       used 59045K, committed 59520K, reserved 1114112K
  class space    used 7349K, committed 7552K, reserved 1048576K
}
Event: 873.669 GC heap after
{Heap after GC invocations=74 (full 39):
 garbage-first heap   total 122880K, used 39569K [0x00000000c0000000, 0x0000000100000000)
  region size 1024K, 4 young (4096K), 4 survivors (4096K)
 Metaspace       used 59045K, committed 59520K, reserved 1114112K
  class space    used 7349K, committed 7552K, reserved 1048576K
}
Event: 876.427 GC heap before
{Heap before GC invocations=74 (full 39):
 garbage-first heap   total 122880K, used 99985K [0x00000000c0000000, 0x0000000100000000)
  region size 1024K, 63 young (64512K), 4 survivors (4096K)
 Metaspace       used 59045K, committed 59520K, reserved 1114112K
  class space    used 7349K, committed 7552K, reserved 1048576K
}
Event: 876.432 GC heap after
{Heap after GC invocations=75 (full 39):
 garbage-first heap   total 122880K, used 40450K [0x00000000c0000000, 0x0000000100000000)
  region size 1024K, 4 young (4096K), 4 survivors (4096K)
 Metaspace       used 59045K, committed 59520K, reserved 1114112K
  class space    used 7349K, committed 7552K, reserved 1048576K
}
Event: 929.631 GC heap before
{Heap before GC invocations=75 (full 39):
 garbage-first heap   total 122880K, used 65026K [0x00000000c0000000, 0x0000000100000000)
  region size 1024K, 29 young (29696K), 4 survivors (4096K)
 Metaspace       used 59045K, committed 59520K, reserved 1114112K
  class space    used 7349K, committed 7552K, reserved 1048576K
}
Event: 929.678 GC heap after
{Heap after GC invocations=76 (full 40):
 garbage-first heap   total 122880K, used 36816K [0x00000000c0000000, 0x0000000100000000)
  region size 1024K, 0 young (0K), 0 survivors (0K)
 Metaspace       used 59028K, committed 59520K, reserved 1114112K
  class space    used 7345K, committed 7552K, reserved 1048576K
}
Event: 939.824 GC heap before
{Heap before GC invocations=76 (full 40):
 garbage-first heap   total 122880K, used 36816K [0x00000000c0000000, 0x0000000100000000)
  region size 1024K, 1 young (1024K), 0 survivors (0K)
 Metaspace       used 59028K, committed 59520K, reserved 1114112K
  class space    used 7345K, committed 7552K, reserved 1048576K
}
Event: 939.852 GC heap after
{Heap after GC invocations=77 (full 41):
 garbage-first heap   total 122880K, used 36440K [0x00000000c0000000, 0x0000000100000000)
  region size 1024K, 0 young (0K), 0 survivors (0K)
 Metaspace       used 59028K, committed 59520K, reserved 1114112K
  class space    used 7345K, committed 7552K, reserved 1048576K
}
Event: 1080.125 GC heap before
{Heap before GC invocations=77 (full 41):
 garbage-first heap   total 122880K, used 64088K [0x00000000c0000000, 0x0000000100000000)
  region size 1024K, 29 young (29696K), 0 survivors (0K)
 Metaspace       used 59040K, committed 59520K, reserved 1114112K
  class space    used 7345K, committed 7552K, reserved 1048576K
}
Event: 1080.167 GC heap after
{Heap after GC invocations=78 (full 42):
 garbage-first heap   total 122880K, used 38932K [0x00000000c0000000, 0x0000000100000000)
  region size 1024K, 0 young (0K), 0 survivors (0K)
 Metaspace       used 59040K, committed 59520K, reserved 1114112K
  class space    used 7345K, committed 7552K, reserved 1048576K
}
Event: 1090.288 GC heap before
{Heap before GC invocations=78 (full 42):
 garbage-first heap   total 122880K, used 38932K [0x00000000c0000000, 0x0000000100000000)
  region size 1024K, 1 young (1024K), 0 survivors (0K)
 Metaspace       used 59040K, committed 59520K, reserved 1114112K
  class space    used 7345K, committed 7552K, reserved 1048576K
}
Event: 1090.323 GC heap after
{Heap after GC invocations=79 (full 43):
 garbage-first heap   total 122880K, used 38592K [0x00000000c0000000, 0x0000000100000000)
  region size 1024K, 0 young (0K), 0 survivors (0K)
 Metaspace       used 59016K, committed 59520K, reserved 1114112K
  class space    used 7341K, committed 7552K, reserved 1048576K
}

