# JRE version: OpenJDK Runtime Environment Temurin-17.0.10+7 (17.0.10+7) (build 17.0.10+7)
# Java VM: OpenJDK 64-Bit Server VM Temurin-17.0.10+7 (17.0.10+7, mixed mode, tiered, compressed oops, compressed class ptrs, parallel gc, windows-amd64)
GC Precious Log:
 CPUs: 16 total, 16 available
 Memory: 7599M
 Large Page Support: Disabled
 NUMA Support: Disabled
 Compressed Oops: Enabled (32-bit)
 Alignments: Space 512K, Generation 512K, Heap 2M
 Heap Min Capacity: 100M
 Heap Initial Capacity: 100M
 Heap Max Capacity: 1G
 Pre-touch: Disabled
 Parallel Workers: 13
Heap:
 PSYoungGen      total 8704K, used 3518K [0x00000000eab00000, 0x00000000eb780000, 0x0000000100000000)
  eden space 7680K, 33% used [0x00000000eab00000,0x00000000ead81130,0x00000000eb280000)
  from space 1024K, 93% used [0x00000000eb680000,0x00000000eb76e900,0x00000000eb780000)
  to   space 1536K, 0% used [0x00000000eb480000,0x00000000eb480000,0x00000000eb600000)
 ParOldGen       total 308224K, used 266763K [0x00000000c0000000, 0x00000000d2d00000, 0x00000000eab00000)
  object space 308224K, 86% used [0x00000000c0000000,0x00000000d0482e30,0x00000000d2d00000)
 Metaspace       used 100156K, committed 101824K, reserved 1179648K
  class space    used 10169K, committed 10944K, reserved 1048576K
GC Heap History (20 events):
Event: 1112.448 GC heap before
{Heap before GC invocations=2375 (full 60):
 PSYoungGen      total 7680K, used 7572K [0x00000000eab00000, 0x00000000ebb80000, 0x0000000100000000)
  eden space 7168K, 100% used [0x00000000eab00000,0x00000000eb200000,0x00000000eb200000)
  from space 512K, 79% used [0x00000000ebb00000,0x00000000ebb65200,0x00000000ebb80000)
  to   space 3072K, 0% used [0x00000000eb580000,0x00000000eb580000,0x00000000eb880000)
 ParOldGen       total 308224K, used 253667K [0x00000000c0000000, 0x00000000d2d00000, 0x00000000eab00000)
  object space 308224K, 82% used [0x00000000c0000000,0x00000000cf7b8e10,0x00000000d2d00000)
 Metaspace       used 100154K, committed 101824K, reserved 1179648K
  class space    used 10169K, committed 10944K, reserved 1048576K
}
Event: 1112.450 GC heap after
{Heap after GC invocations=2375 (full 60):
 PSYoungGen      total 10240K, used 1152K [0x00000000eab00000, 0x00000000ebb80000, 0x0000000100000000)
  eden space 7168K, 0% used [0x00000000eab00000,0x00000000eab00000,0x00000000eb200000)
  from space 3072K, 37% used [0x00000000eb580000,0x00000000eb6a0000,0x00000000eb880000)
  to   space 1536K, 0% used [0x00000000eba00000,0x00000000eba00000,0x00000000ebb80000)
 ParOldGen       total 308224K, used 253816K [0x00000000c0000000, 0x00000000d2d00000, 0x00000000eab00000)
  object space 308224K, 82% used [0x00000000c0000000,0x00000000cf7de010,0x00000000d2d00000)
 Metaspace       used 100154K, committed 101824K, reserved 1179648K
  class space    used 10169K, committed 10944K, reserved 1048576K
}
Event: 1112.464 GC heap before
{Heap before GC invocations=2376 (full 60):
 PSYoungGen      total 10240K, used 8320K [0x00000000eab00000, 0x00000000ebb80000, 0x0000000100000000)
  eden space 7168K, 100% used [0x00000000eab00000,0x00000000eb200000,0x00000000eb200000)
  from space 3072K, 37% used [0x00000000eb580000,0x00000000eb6a0000,0x00000000eb880000)
  to   space 1536K, 0% used [0x00000000eba00000,0x00000000eba00000,0x00000000ebb80000)
 ParOldGen       total 308224K, used 253816K [0x00000000c0000000, 0x00000000d2d00000, 0x00000000eab00000)
  object space 308224K, 82% used [0x00000000c0000000,0x00000000cf7de010,0x00000000d2d00000)
 Metaspace       used 100154K, committed 101824K, reserved 1179648K
  class space    used 10169K, committed 10944K, reserved 1048576K
}
Event: 1112.466 GC heap after
{Heap after GC invocations=2376 (full 60):
 PSYoungGen      total 8192K, used 800K [0x00000000eab00000, 0x00000000ebb00000, 0x0000000100000000)
  eden space 7168K, 0% used [0x00000000eab00000,0x00000000eab00000,0x00000000eb200000)
  from space 1024K, 78% used [0x00000000eba00000,0x00000000ebac8000,0x00000000ebb00000)
  to   space 1024K, 0% used [0x00000000eb900000,0x00000000eb900000,0x00000000eba00000)
 ParOldGen       total 308224K, used 254826K [0x00000000c0000000, 0x00000000d2d00000, 0x00000000eab00000)
  object space 308224K, 82% used [0x00000000c0000000,0x00000000cf8da878,0x00000000d2d00000)
 Metaspace       used 100154K, committed 101824K, reserved 1179648K
  class space    used 10169K, committed 10944K, reserved 1048576K
}
Event: 1112.493 GC heap before
{Heap before GC invocations=2377 (full 60):
 PSYoungGen      total 8192K, used 7968K [0x00000000eab00000, 0x00000000ebb00000, 0x0000000100000000)
  eden space 7168K, 100% used [0x00000000eab00000,0x00000000eb200000,0x00000000eb200000)
  from space 1024K, 78% used [0x00000000eba00000,0x00000000ebac8000,0x00000000ebb00000)
  to   space 1024K, 0% used [0x00000000eb900000,0x00000000eb900000,0x00000000eba00000)
 ParOldGen       total 308224K, used 254826K [0x00000000c0000000, 0x00000000d2d00000, 0x00000000eab00000)
  object space 308224K, 82% used [0x00000000c0000000,0x00000000cf8da878,0x00000000d2d00000)
 Metaspace       used 100154K, committed 101824K, reserved 1179648K
  class space    used 10169K, committed 10944K, reserved 1048576K
}
Event: 1112.495 GC heap after
{Heap after GC invocations=2377 (full 60):
 PSYoungGen      total 8192K, used 820K [0x00000000eab00000, 0x00000000eba80000, 0x0000000100000000)
  eden space 7168K, 0% used [0x00000000eab00000,0x00000000eab00000,0x00000000eb200000)
  from space 1024K, 80% used [0x00000000eb900000,0x00000000eb9cd200,0x00000000eba00000)
  to   space 512K, 0% used [0x00000000eba00000,0x00000000eba00000,0x00000000eba80000)
 ParOldGen       total 308224K, used 255466K [0x00000000c0000000, 0x00000000d2d00000, 0x00000000eab00000)
  object space 308224K, 82% used [0x00000000c0000000,0x00000000cf97a8f8,0x00000000d2d00000)
 Metaspace       used 100154K, committed 101824K, reserved 1179648K
  class space    used 10169K, committed 10944K, reserved 1048576K
}
Event: 1112.513 GC heap before
{Heap before GC invocations=2378 (full 60):
 PSYoungGen      total 8192K, used 7988K [0x00000000eab00000, 0x00000000eba80000, 0x0000000100000000)
  eden space 7168K, 100% used [0x00000000eab00000,0x00000000eb200000,0x00000000eb200000)
  from space 1024K, 80% used [0x00000000eb900000,0x00000000eb9cd200,0x00000000eba00000)
  to   space 512K, 0% used [0x00000000eba00000,0x00000000eba00000,0x00000000eba80000)
 ParOldGen       total 308224K, used 255466K [0x00000000c0000000, 0x00000000d2d00000, 0x00000000eab00000)
  object space 308224K, 82% used [0x00000000c0000000,0x00000000cf97a8f8,0x00000000d2d00000)
 Metaspace       used 100154K, committed 101824K, reserved 1179648K
  class space    used 10169K, committed 10944K, reserved 1048576K
}
Event: 1112.515 GC heap after
{Heap after GC invocations=2378 (full 60):
 PSYoungGen      total 7680K, used 512K [0x00000000eab00000, 0x00000000eba80000, 0x0000000100000000)
  eden space 7168K, 0% used [0x00000000eab00000,0x00000000eab00000,0x00000000eb200000)
  from space 512K, 100% used [0x00000000eba00000,0x00000000eba80000,0x00000000eba80000)
  to   space 2048K, 0% used [0x00000000eb680000,0x00000000eb680000,0x00000000eb880000)
 ParOldGen       total 308224K, used 256498K [0x00000000c0000000, 0x00000000d2d00000, 0x00000000eab00000)
  object space 308224K, 83% used [0x00000000c0000000,0x00000000cfa7cbf8,0x00000000d2d00000)
 Metaspace       used 100154K, committed 101824K, reserved 1179648K
  class space    used 10169K, committed 10944K, reserved 1048576K
}
Event: 1112.536 GC heap before
{Heap before GC invocations=2379 (full 60):
 PSYoungGen      total 7680K, used 7680K [0x00000000eab00000, 0x00000000eba80000, 0x0000000100000000)
  eden space 7168K, 100% used [0x00000000eab00000,0x00000000eb200000,0x00000000eb200000)
  from space 512K, 100% used [0x00000000eba00000,0x00000000eba80000,0x00000000eba80000)
  to   space 2048K, 0% used [0x00000000eb680000,0x00000000eb680000,0x00000000eb880000)
 ParOldGen       total 308224K, used 256498K [0x00000000c0000000, 0x00000000d2d00000, 0x00000000eab00000)
  object space 308224K, 83% used [0x00000000c0000000,0x00000000cfa7cbf8,0x00000000d2d00000)
 Metaspace       used 100154K, committed 101824K, reserved 1179648K
  class space    used 10169K, committed 10944K, reserved 1048576K
}
Event: 1112.542 GC heap after
{Heap after GC invocations=2379 (full 60):
 PSYoungGen      total 9216K, used 2047K [0x00000000eab00000, 0x00000000ec100000, 0x0000000100000000)
  eden space 7168K, 0% used [0x00000000eab00000,0x00000000eab00000,0x00000000eb200000)
  from space 2048K, 99% used [0x00000000eb680000,0x00000000eb87fe30,0x00000000eb880000)
  to   space 7680K, 0% used [0x00000000eb980000,0x00000000eb980000,0x00000000ec100000)
 ParOldGen       total 308224K, used 260995K [0x00000000c0000000, 0x00000000d2d00000, 0x00000000eab00000)
  object space 308224K, 84% used [0x00000000c0000000,0x00000000cfee0c18,0x00000000d2d00000)
 Metaspace       used 100154K, committed 101824K, reserved 1179648K
  class space    used 10169K, committed 10944K, reserved 1048576K
}
Event: 1112.557 GC heap before
{Heap before GC invocations=2380 (full 60):
 PSYoungGen      total 9216K, used 9215K [0x00000000eab00000, 0x00000000ec100000, 0x0000000100000000)
  eden space 7168K, 99% used [0x00000000eab00000,0x00000000eb1fffc0,0x00000000eb200000)
  from space 2048K, 99% used [0x00000000eb680000,0x00000000eb87fe30,0x00000000eb880000)
  to   space 7680K, 0% used [0x00000000eb980000,0x00000000eb980000,0x00000000ec100000)
 ParOldGen       total 308224K, used 260995K [0x00000000c0000000, 0x00000000d2d00000, 0x00000000eab00000)
  object space 308224K, 84% used [0x00000000c0000000,0x00000000cfee0c18,0x00000000d2d00000)
 Metaspace       used 100154K, committed 101824K, reserved 1179648K
  class space    used 10169K, committed 10944K, reserved 1048576K
}
Event: 1112.561 GC heap after
{Heap after GC invocations=2380 (full 60):
 PSYoungGen      total 13312K, used 6032K [0x00000000eab00000, 0x00000000ebf80000, 0x0000000100000000)
  eden space 7168K, 0% used [0x00000000eab00000,0x00000000eab00000,0x00000000eb200000)
  from space 6144K, 98% used [0x00000000eb980000,0x00000000ebf641d0,0x00000000ebf80000)
  to   space 6656K, 0% used [0x00000000eb280000,0x00000000eb280000,0x00000000eb900000)
 ParOldGen       total 308224K, used 263076K [0x00000000c0000000, 0x00000000d2d00000, 0x00000000eab00000)
  object space 308224K, 85% used [0x00000000c0000000,0x00000000d00e9348,0x00000000d2d00000)
 Metaspace       used 100154K, committed 101824K, reserved 1179648K
  class space    used 10169K, committed 10944K, reserved 1048576K
}
Event: 1112.577 GC heap before
{Heap before GC invocations=2381 (full 60):
 PSYoungGen      total 13312K, used 13200K [0x00000000eab00000, 0x00000000ebf80000, 0x0000000100000000)
  eden space 7168K, 100% used [0x00000000eab00000,0x00000000eb200000,0x00000000eb200000)
  from space 6144K, 98% used [0x00000000eb980000,0x00000000ebf641d0,0x00000000ebf80000)
  to   space 6656K, 0% used [0x00000000eb280000,0x00000000eb280000,0x00000000eb900000)
 ParOldGen       total 308224K, used 263076K [0x00000000c0000000, 0x00000000d2d00000, 0x00000000eab00000)
  object space 308224K, 85% used [0x00000000c0000000,0x00000000d00e9348,0x00000000d2d00000)
 Metaspace       used 100154K, committed 101824K, reserved 1179648K
  class space    used 10169K, committed 10944K, reserved 1048576K
}
Event: 1112.582 GC heap after
{Heap after GC invocations=2381 (full 60):
 PSYoungGen      total 9216K, used 1050K [0x00000000eab00000, 0x00000000eba00000, 0x0000000100000000)
  eden space 7680K, 0% used [0x00000000eab00000,0x00000000eab00000,0x00000000eb280000)
  from space 1536K, 68% used [0x00000000eb280000,0x00000000eb386900,0x00000000eb400000)
  to   space 3072K, 0% used [0x00000000eb700000,0x00000000eb700000,0x00000000eba00000)
 ParOldGen       total 308224K, used 264436K [0x00000000c0000000, 0x00000000d2d00000, 0x00000000eab00000)
  object space 308224K, 85% used [0x00000000c0000000,0x00000000d023d348,0x00000000d2d00000)
 Metaspace       used 100154K, committed 101824K, reserved 1179648K
  class space    used 10169K, committed 10944K, reserved 1048576K
}
Event: 1112.593 GC heap before
{Heap before GC invocations=2382 (full 60):
 PSYoungGen      total 9216K, used 8730K [0x00000000eab00000, 0x00000000eba00000, 0x0000000100000000)
  eden space 7680K, 100% used [0x00000000eab00000,0x00000000eb280000,0x00000000eb280000)
  from space 1536K, 68% used [0x00000000eb280000,0x00000000eb386900,0x00000000eb400000)
  to   space 3072K, 0% used [0x00000000eb700000,0x00000000eb700000,0x00000000eba00000)
 ParOldGen       total 308224K, used 264436K [0x00000000c0000000, 0x00000000d2d00000, 0x00000000eab00000)
  object space 308224K, 85% used [0x00000000c0000000,0x00000000d023d348,0x00000000d2d00000)
 Metaspace       used 100154K, committed 101824K, reserved 1179648K
  class space    used 10169K, committed 10944K, reserved 1048576K
}
Event: 1112.595 GC heap after
{Heap after GC invocations=2382 (full 60):
 PSYoungGen      total 8704K, used 736K [0x00000000eab00000, 0x00000000eb800000, 0x0000000100000000)
  eden space 7680K, 0% used [0x00000000eab00000,0x00000000eab00000,0x00000000eb280000)
  from space 1024K, 71% used [0x00000000eb700000,0x00000000eb7b8000,0x00000000eb800000)
  to   space 1536K, 0% used [0x00000000eb500000,0x00000000eb500000,0x00000000eb680000)
 ParOldGen       total 308224K, used 265327K [0x00000000c0000000, 0x00000000d2d00000, 0x00000000eab00000)
  object space 308224K, 86% used [0x00000000c0000000,0x00000000d031bda0,0x00000000d2d00000)
 Metaspace       used 100154K, committed 101824K, reserved 1179648K
  class space    used 10169K, committed 10944K, reserved 1048576K
}
Event: 1112.616 GC heap before
{Heap before GC invocations=2383 (full 60):
 PSYoungGen      total 8704K, used 8416K [0x00000000eab00000, 0x00000000eb800000, 0x0000000100000000)
  eden space 7680K, 100% used [0x00000000eab00000,0x00000000eb280000,0x00000000eb280000)
  from space 1024K, 71% used [0x00000000eb700000,0x00000000eb7b8000,0x00000000eb800000)
  to   space 1536K, 0% used [0x00000000eb500000,0x00000000eb500000,0x00000000eb680000)
 ParOldGen       total 308224K, used 265327K [0x00000000c0000000, 0x00000000d2d00000, 0x00000000eab00000)
  object space 308224K, 86% used [0x00000000c0000000,0x00000000d031bda0,0x00000000d2d00000)
 Metaspace       used 100155K, committed 101824K, reserved 1179648K
  class space    used 10169K, committed 10944K, reserved 1048576K
}
Event: 1112.619 GC heap after
{Heap after GC invocations=2383 (full 60):
 PSYoungGen      total 9216K, used 1146K [0x00000000eab00000, 0x00000000eb780000, 0x0000000100000000)
  eden space 7680K, 0% used [0x00000000eab00000,0x00000000eab00000,0x00000000eb280000)
  from space 1536K, 74% used [0x00000000eb500000,0x00000000eb61e900,0x00000000eb680000)
  to   space 1024K, 0% used [0x00000000eb680000,0x00000000eb680000,0x00000000eb780000)
 ParOldGen       total 308224K, used 265831K [0x00000000c0000000, 0x00000000d2d00000, 0x00000000eab00000)
  object space 308224K, 86% used [0x00000000c0000000,0x00000000d0399de0,0x00000000d2d00000)
 Metaspace       used 100155K, committed 101824K, reserved 1179648K
  class space    used 10169K, committed 10944K, reserved 1048576K
}
Event: 1112.633 GC heap before
{Heap before GC invocations=2384 (full 60):
 PSYoungGen      total 9216K, used 8826K [0x00000000eab00000, 0x00000000eb780000, 0x0000000100000000)
  eden space 7680K, 100% used [0x00000000eab00000,0x00000000eb280000,0x00000000eb280000)
  from space 1536K, 74% used [0x00000000eb500000,0x00000000eb61e900,0x00000000eb680000)
  to   space 1024K, 0% used [0x00000000eb680000,0x00000000eb680000,0x00000000eb780000)
 ParOldGen       total 308224K, used 265831K [0x00000000c0000000, 0x00000000d2d00000, 0x00000000eab00000)
  object space 308224K, 86% used [0x00000000c0000000,0x00000000d0399de0,0x00000000d2d00000)
 Metaspace       used 100156K, committed 101824K, reserved 1179648K
  class space    used 10169K, committed 10944K, reserved 1048576K
}
Event: 1112.635 GC heap after
{Heap after GC invocations=2384 (full 60):
 PSYoungGen      total 8704K, used 954K [0x00000000eab00000, 0x00000000eb780000, 0x0000000100000000)
  eden space 7680K, 0% used [0x00000000eab00000,0x00000000eab00000,0x00000000eb280000)
  from space 1024K, 93% used [0x00000000eb680000,0x00000000eb76e900,0x00000000eb780000)
  to   space 1536K, 0% used [0x00000000eb480000,0x00000000eb480000,0x00000000eb600000)
 ParOldGen       total 308224K, used 266763K [0x00000000c0000000, 0x00000000d2d00000, 0x00000000eab00000)
  object space 308224K, 86% used [0x00000000c0000000,0x00000000d0482e30,0x00000000d2d00000)
 Metaspace       used 100156K, committed 101824K, reserved 1179648K
  class space    used 10169K, committed 10944K, reserved 1048576K
}

