# JRE version: OpenJDK Runtime Environment Temurin-17.0.10+7 (17.0.10+7) (build 17.0.10+7)
# Java VM: OpenJDK 64-Bit Server VM Temurin-17.0.10+7 (17.0.10+7, mixed mode, tiered, compressed oops, compressed class ptrs, parallel gc, windows-amd64)
GC Precious Log:
 CPUs: 16 total, 16 available
 Memory: 7599M
 Large Page Support: Disabled
 NUMA Support: Disabled
 Compressed Oops: Enabled (32-bit)
 Alignments: Space 512K, Generation 512K, Heap 2M
 Heap Min Capacity: 100M
 Heap Initial Capacity: 100M
 Heap Max Capacity: 1G
 Pre-touch: Disabled
 Parallel Workers: 13
Heap:
 PSYoungGen      total 12800K, used 10649K [0x00000000eab00000, 0x00000000eb900000, 0x0000000100000000)
  eden space 11264K, 82% used [0x00000000eab00000,0x00000000eb414ec8,0x00000000eb600000)
  from space 1536K, 87% used [0x00000000eb780000,0x00000000eb8d1778,0x00000000eb900000)
  to   space 1536K, 0% used [0x00000000eb600000,0x00000000eb600000,0x00000000eb780000)
 ParOldGen       total 68608K, used 65605K [0x00000000c0000000, 0x00000000c4300000, 0x00000000eab00000)
  object space 68608K, 95% used [0x00000000c0000000,0x00000000c4011640,0x00000000c4300000)
 Metaspace       used 71316K, committed 72576K, reserved 1114112K
  class space    used 7479K, committed 8000K, reserved 1048576K
GC Heap History (20 events):
Event: 9.710 GC heap before
{Heap before GC invocations=50 (full 3):
 PSYoungGen      total 13824K, used 13824K [0x00000000eab00000, 0x00000000ebe00000, 0x0000000100000000)
  eden space 12800K, 100% used [0x00000000eab00000,0x00000000eb780000,0x00000000eb780000)
  from space 1024K, 100% used [0x00000000eba80000,0x00000000ebb80000,0x00000000ebb80000)
  to   space 3072K, 0% used [0x00000000eb780000,0x00000000eb780000,0x00000000eba80000)
 ParOldGen       total 68608K, used 56832K [0x00000000c0000000, 0x00000000c4300000, 0x00000000eab00000)
  object space 68608K, 82% used [0x00000000c0000000,0x00000000c3780080,0x00000000c4300000)
 Metaspace       used 66398K, committed 67648K, reserved 1114112K
  class space    used 7015K, committed 7552K, reserved 1048576K
}
Event: 9.712 GC heap after
{Heap after GC invocations=50 (full 3):
 PSYoungGen      total 14336K, used 1472K [0x00000000eab00000, 0x00000000ebb80000, 0x0000000100000000)
  eden space 12800K, 0% used [0x00000000eab00000,0x00000000eab00000,0x00000000eb780000)
  from space 1536K, 95% used [0x00000000eb780000,0x00000000eb8f0000,0x00000000eb900000)
  to   space 2048K, 0% used [0x00000000eb980000,0x00000000eb980000,0x00000000ebb80000)
 ParOldGen       total 68608K, used 57864K [0x00000000c0000000, 0x00000000c4300000, 0x00000000eab00000)
  object space 68608K, 84% used [0x00000000c0000000,0x00000000c3882080,0x00000000c4300000)
 Metaspace       used 66398K, committed 67648K, reserved 1114112K
  class space    used 7015K, committed 7552K, reserved 1048576K
}
Event: 9.850 GC heap before
{Heap before GC invocations=51 (full 3):
 PSYoungGen      total 14336K, used 14272K [0x00000000eab00000, 0x00000000ebb80000, 0x0000000100000000)
  eden space 12800K, 100% used [0x00000000eab00000,0x00000000eb780000,0x00000000eb780000)
  from space 1536K, 95% used [0x00000000eb780000,0x00000000eb8f0000,0x00000000eb900000)
  to   space 2048K, 0% used [0x00000000eb980000,0x00000000eb980000,0x00000000ebb80000)
 ParOldGen       total 68608K, used 57864K [0x00000000c0000000, 0x00000000c4300000, 0x00000000eab00000)
  object space 68608K, 84% used [0x00000000c0000000,0x00000000c3882080,0x00000000c4300000)
 Metaspace       used 67232K, committed 68416K, reserved 1114112K
  class space    used 7104K, committed 7616K, reserved 1048576K
}
Event: 9.854 GC heap after
{Heap after GC invocations=51 (full 3):
 PSYoungGen      total 14336K, used 1306K [0x00000000eab00000, 0x00000000ebb00000, 0x0000000100000000)
  eden space 12800K, 0% used [0x00000000eab00000,0x00000000eab00000,0x00000000eb780000)
  from space 1536K, 85% used [0x00000000eb980000,0x00000000ebac6920,0x00000000ebb00000)
  to   space 1536K, 0% used [0x00000000eb780000,0x00000000eb780000,0x00000000eb900000)
 ParOldGen       total 68608K, used 59192K [0x00000000c0000000, 0x00000000c4300000, 0x00000000eab00000)
  object space 68608K, 86% used [0x00000000c0000000,0x00000000c39ce0a0,0x00000000c4300000)
 Metaspace       used 67232K, committed 68416K, reserved 1114112K
  class space    used 7104K, committed 7616K, reserved 1048576K
}
Event: 10.074 GC heap before
{Heap before GC invocations=52 (full 3):
 PSYoungGen      total 14336K, used 14106K [0x00000000eab00000, 0x00000000ebb00000, 0x0000000100000000)
  eden space 12800K, 100% used [0x00000000eab00000,0x00000000eb780000,0x00000000eb780000)
  from space 1536K, 85% used [0x00000000eb980000,0x00000000ebac6920,0x00000000ebb00000)
  to   space 1536K, 0% used [0x00000000eb780000,0x00000000eb780000,0x00000000eb900000)
 ParOldGen       total 68608K, used 59192K [0x00000000c0000000, 0x00000000c4300000, 0x00000000eab00000)
  object space 68608K, 86% used [0x00000000c0000000,0x00000000c39ce0a0,0x00000000c4300000)
 Metaspace       used 67764K, committed 68928K, reserved 1114112K
  class space    used 7150K, committed 7616K, reserved 1048576K
}
Event: 10.077 GC heap after
{Heap after GC invocations=52 (full 3):
 PSYoungGen      total 14336K, used 991K [0x00000000eab00000, 0x00000000eba80000, 0x0000000100000000)
  eden space 12800K, 0% used [0x00000000eab00000,0x00000000eab00000,0x00000000eb780000)
  from space 1536K, 64% used [0x00000000eb780000,0x00000000eb877ff0,0x00000000eb900000)
  to   space 1536K, 0% used [0x00000000eb900000,0x00000000eb900000,0x00000000eba80000)
 ParOldGen       total 68608K, used 60256K [0x00000000c0000000, 0x00000000c4300000, 0x00000000eab00000)
  object space 68608K, 87% used [0x00000000c0000000,0x00000000c3ad8038,0x00000000c4300000)
 Metaspace       used 67764K, committed 68928K, reserved 1114112K
  class space    used 7150K, committed 7616K, reserved 1048576K
}
Event: 10.196 GC heap before
{Heap before GC invocations=53 (full 3):
 PSYoungGen      total 14336K, used 13791K [0x00000000eab00000, 0x00000000eba80000, 0x0000000100000000)
  eden space 12800K, 100% used [0x00000000eab00000,0x00000000eb780000,0x00000000eb780000)
  from space 1536K, 64% used [0x00000000eb780000,0x00000000eb877ff0,0x00000000eb900000)
  to   space 1536K, 0% used [0x00000000eb900000,0x00000000eb900000,0x00000000eba80000)
 ParOldGen       total 68608K, used 60256K [0x00000000c0000000, 0x00000000c4300000, 0x00000000eab00000)
  object space 68608K, 87% used [0x00000000c0000000,0x00000000c3ad8038,0x00000000c4300000)
 Metaspace       used 68049K, committed 69248K, reserved 1114112K
  class space    used 7163K, committed 7680K, reserved 1048576K
}
Event: 10.198 GC heap after
{Heap after GC invocations=53 (full 3):
 PSYoungGen      total 14336K, used 1070K [0x00000000eab00000, 0x00000000eba80000, 0x0000000100000000)
  eden space 12800K, 0% used [0x00000000eab00000,0x00000000eab00000,0x00000000eb780000)
  from space 1536K, 69% used [0x00000000eb900000,0x00000000eba0bb00,0x00000000eba80000)
  to   space 1536K, 0% used [0x00000000eb780000,0x00000000eb780000,0x00000000eb900000)
 ParOldGen       total 68608K, used 60948K [0x00000000c0000000, 0x00000000c4300000, 0x00000000eab00000)
  object space 68608K, 88% used [0x00000000c0000000,0x00000000c3b85038,0x00000000c4300000)
 Metaspace       used 68049K, committed 69248K, reserved 1114112K
  class space    used 7163K, committed 7680K, reserved 1048576K
}
Event: 10.385 GC heap before
{Heap before GC invocations=54 (full 3):
 PSYoungGen      total 14336K, used 13870K [0x00000000eab00000, 0x00000000eba80000, 0x0000000100000000)
  eden space 12800K, 100% used [0x00000000eab00000,0x00000000eb780000,0x00000000eb780000)
  from space 1536K, 69% used [0x00000000eb900000,0x00000000eba0bb00,0x00000000eba80000)
  to   space 1536K, 0% used [0x00000000eb780000,0x00000000eb780000,0x00000000eb900000)
 ParOldGen       total 68608K, used 60948K [0x00000000c0000000, 0x00000000c4300000, 0x00000000eab00000)
  object space 68608K, 88% used [0x00000000c0000000,0x00000000c3b85038,0x00000000c4300000)
 Metaspace       used 68570K, committed 69824K, reserved 1114112K
  class space    used 7224K, committed 7744K, reserved 1048576K
}
Event: 10.387 GC heap after
{Heap after GC invocations=54 (full 3):
 PSYoungGen      total 13824K, used 640K [0x00000000eab00000, 0x00000000eb980000, 0x0000000100000000)
  eden space 12800K, 0% used [0x00000000eab00000,0x00000000eab00000,0x00000000eb780000)
  from space 1024K, 62% used [0x00000000eb780000,0x00000000eb820000,0x00000000eb880000)
  to   space 1024K, 0% used [0x00000000eb880000,0x00000000eb880000,0x00000000eb980000)
 ParOldGen       total 68608K, used 61769K [0x00000000c0000000, 0x00000000c4300000, 0x00000000eab00000)
  object space 68608K, 90% used [0x00000000c0000000,0x00000000c3c52748,0x00000000c4300000)
 Metaspace       used 68570K, committed 69824K, reserved 1114112K
  class space    used 7224K, committed 7744K, reserved 1048576K
}
Event: 10.475 GC heap before
{Heap before GC invocations=55 (full 3):
 PSYoungGen      total 13824K, used 13440K [0x00000000eab00000, 0x00000000eb980000, 0x0000000100000000)
  eden space 12800K, 100% used [0x00000000eab00000,0x00000000eb780000,0x00000000eb780000)
  from space 1024K, 62% used [0x00000000eb780000,0x00000000eb820000,0x00000000eb880000)
  to   space 1024K, 0% used [0x00000000eb880000,0x00000000eb880000,0x00000000eb980000)
 ParOldGen       total 68608K, used 61769K [0x00000000c0000000, 0x00000000c4300000, 0x00000000eab00000)
  object space 68608K, 90% used [0x00000000c0000000,0x00000000c3c52748,0x00000000c4300000)
 Metaspace       used 68816K, committed 70016K, reserved 1114112K
  class space    used 7242K, committed 7744K, reserved 1048576K
}
Event: 10.477 GC heap after
{Heap after GC invocations=55 (full 3):
 PSYoungGen      total 13312K, used 992K [0x00000000eab00000, 0x00000000eba80000, 0x0000000100000000)
  eden space 12288K, 0% used [0x00000000eab00000,0x00000000eab00000,0x00000000eb700000)
  from space 1024K, 96% used [0x00000000eb880000,0x00000000eb978000,0x00000000eb980000)
  to   space 1536K, 0% used [0x00000000eb700000,0x00000000eb700000,0x00000000eb880000)
 ParOldGen       total 68608K, used 62209K [0x00000000c0000000, 0x00000000c4300000, 0x00000000eab00000)
  object space 68608K, 90% used [0x00000000c0000000,0x00000000c3cc0798,0x00000000c4300000)
 Metaspace       used 68816K, committed 70016K, reserved 1114112K
  class space    used 7242K, committed 7744K, reserved 1048576K
}
Event: 10.541 GC heap before
{Heap before GC invocations=56 (full 3):
 PSYoungGen      total 13312K, used 13280K [0x00000000eab00000, 0x00000000eba80000, 0x0000000100000000)
  eden space 12288K, 100% used [0x00000000eab00000,0x00000000eb700000,0x00000000eb700000)
  from space 1024K, 96% used [0x00000000eb880000,0x00000000eb978000,0x00000000eb980000)
  to   space 1536K, 0% used [0x00000000eb700000,0x00000000eb700000,0x00000000eb880000)
 ParOldGen       total 68608K, used 62209K [0x00000000c0000000, 0x00000000c4300000, 0x00000000eab00000)
  object space 68608K, 90% used [0x00000000c0000000,0x00000000c3cc0798,0x00000000c4300000)
 Metaspace       used 68927K, committed 70144K, reserved 1114112K
  class space    used 7245K, committed 7744K, reserved 1048576K
}
Event: 10.544 GC heap after
{Heap after GC invocations=56 (full 3):
 PSYoungGen      total 13312K, used 768K [0x00000000eab00000, 0x00000000eb900000, 0x0000000100000000)
  eden space 12288K, 0% used [0x00000000eab00000,0x00000000eab00000,0x00000000eb700000)
  from space 1024K, 75% used [0x00000000eb700000,0x00000000eb7c0280,0x00000000eb800000)
  to   space 1024K, 0% used [0x00000000eb800000,0x00000000eb800000,0x00000000eb900000)
 ParOldGen       total 68608K, used 63019K [0x00000000c0000000, 0x00000000c4300000, 0x00000000eab00000)
  object space 68608K, 91% used [0x00000000c0000000,0x00000000c3d8ac48,0x00000000c4300000)
 Metaspace       used 68927K, committed 70144K, reserved 1114112K
  class space    used 7245K, committed 7744K, reserved 1048576K
}
Event: 10.652 GC heap before
{Heap before GC invocations=57 (full 3):
 PSYoungGen      total 13312K, used 13056K [0x00000000eab00000, 0x00000000eb900000, 0x0000000100000000)
  eden space 12288K, 100% used [0x00000000eab00000,0x00000000eb700000,0x00000000eb700000)
  from space 1024K, 75% used [0x00000000eb700000,0x00000000eb7c0280,0x00000000eb800000)
  to   space 1024K, 0% used [0x00000000eb800000,0x00000000eb800000,0x00000000eb900000)
 ParOldGen       total 68608K, used 63019K [0x00000000c0000000, 0x00000000c4300000, 0x00000000eab00000)
  object space 68608K, 91% used [0x00000000c0000000,0x00000000c3d8ac48,0x00000000c4300000)
 Metaspace       used 69434K, committed 70592K, reserved 1114112K
  class space    used 7277K, committed 7744K, reserved 1048576K
}
Event: 10.656 GC heap after
{Heap after GC invocations=57 (full 3):
 PSYoungGen      total 12288K, used 1017K [0x00000000eab00000, 0x00000000ebb00000, 0x0000000100000000)
  eden space 11264K, 0% used [0x00000000eab00000,0x00000000eab00000,0x00000000eb600000)
  from space 1024K, 99% used [0x00000000eb800000,0x00000000eb8fe580,0x00000000eb900000)
  to   space 2048K, 0% used [0x00000000eb600000,0x00000000eb600000,0x00000000eb800000)
 ParOldGen       total 68608K, used 63629K [0x00000000c0000000, 0x00000000c4300000, 0x00000000eab00000)
  object space 68608K, 92% used [0x00000000c0000000,0x00000000c3e23510,0x00000000c4300000)
 Metaspace       used 69434K, committed 70592K, reserved 1114112K
  class space    used 7277K, committed 7744K, reserved 1048576K
}
Event: 10.826 GC heap before
{Heap before GC invocations=58 (full 3):
 PSYoungGen      total 12288K, used 12281K [0x00000000eab00000, 0x00000000ebb00000, 0x0000000100000000)
  eden space 11264K, 100% used [0x00000000eab00000,0x00000000eb600000,0x00000000eb600000)
  from space 1024K, 99% used [0x00000000eb800000,0x00000000eb8fe580,0x00000000eb900000)
  to   space 2048K, 0% used [0x00000000eb600000,0x00000000eb600000,0x00000000eb800000)
 ParOldGen       total 68608K, used 63629K [0x00000000c0000000, 0x00000000c4300000, 0x00000000eab00000)
  object space 68608K, 92% used [0x00000000c0000000,0x00000000c3e23510,0x00000000c4300000)
 Metaspace       used 70103K, committed 71296K, reserved 1114112K
  class space    used 7349K, committed 7872K, reserved 1048576K
}
Event: 10.829 GC heap after
{Heap after GC invocations=58 (full 3):
 PSYoungGen      total 12800K, used 1348K [0x00000000eab00000, 0x00000000eb900000, 0x0000000100000000)
  eden space 11264K, 0% used [0x00000000eab00000,0x00000000eab00000,0x00000000eb600000)
  from space 1536K, 87% used [0x00000000eb600000,0x00000000eb751230,0x00000000eb780000)
  to   space 1536K, 0% used [0x00000000eb780000,0x00000000eb780000,0x00000000eb900000)
 ParOldGen       total 68608K, used 64497K [0x00000000c0000000, 0x00000000c4300000, 0x00000000eab00000)
  object space 68608K, 94% used [0x00000000c0000000,0x00000000c3efc498,0x00000000c4300000)
 Metaspace       used 70103K, committed 71296K, reserved 1114112K
  class space    used 7349K, committed 7872K, reserved 1048576K
}
Event: 11.002 GC heap before
{Heap before GC invocations=59 (full 3):
 PSYoungGen      total 12800K, used 12612K [0x00000000eab00000, 0x00000000eb900000, 0x0000000100000000)
  eden space 11264K, 100% used [0x00000000eab00000,0x00000000eb600000,0x00000000eb600000)
  from space 1536K, 87% used [0x00000000eb600000,0x00000000eb751230,0x00000000eb780000)
  to   space 1536K, 0% used [0x00000000eb780000,0x00000000eb780000,0x00000000eb900000)
 ParOldGen       total 68608K, used 64497K [0x00000000c0000000, 0x00000000c4300000, 0x00000000eab00000)
  object space 68608K, 94% used [0x00000000c0000000,0x00000000c3efc498,0x00000000c4300000)
 Metaspace       used 70852K, committed 72128K, reserved 1114112K
  class space    used 7423K, committed 7936K, reserved 1048576K
}
Event: 11.005 GC heap after
{Heap after GC invocations=59 (full 3):
 PSYoungGen      total 12800K, used 1349K [0x00000000eab00000, 0x00000000eb900000, 0x0000000100000000)
  eden space 11264K, 0% used [0x00000000eab00000,0x00000000eab00000,0x00000000eb600000)
  from space 1536K, 87% used [0x00000000eb780000,0x00000000eb8d1778,0x00000000eb900000)
  to   space 1536K, 0% used [0x00000000eb600000,0x00000000eb600000,0x00000000eb780000)
 ParOldGen       total 68608K, used 65605K [0x00000000c0000000, 0x00000000c4300000, 0x00000000eab00000)
  object space 68608K, 95% used [0x00000000c0000000,0x00000000c4011640,0x00000000c4300000)
 Metaspace       used 70852K, committed 72128K, reserved 1114112K
  class space    used 7423K, committed 7936K, reserved 1048576K
}

