# JRE version: OpenJDK Runtime Environment Temurin-17.0.10+7 (17.0.10+7) (build 17.0.10+7)
# Java VM: OpenJDK 64-Bit Server VM Temurin-17.0.10+7 (17.0.10+7, mixed mode, emulated-client, tiered, compressed oops, compressed class ptrs, g1 gc, windows-amd64)
GC Precious Log:
 CPUs: 16 total, 16 available
 Memory: 7599M
 Large Page Support: Disabled
 NUMA Support: Disabled
 Compressed Oops: Enabled (32-bit)
 Heap Region Size: 1M
 Heap Min Capacity: 8M
 Heap Initial Capacity: 120M
 Heap Max Capacity: 1G
 Pre-touch: Disabled
 Parallel Workers: 13
 Concurrent Workers: 3
 Concurrent Refinement Workers: 13
 Periodic GC: Disabled
Heap:
 garbage-first heap   total 91136K, used 29741K [0x00000000c0000000, 0x0000000100000000)
  region size 1024K, 1 young (1024K), 0 survivors (0K)
 Metaspace       used 57826K, committed 58240K, reserved 1114112K
  class space    used 7144K, committed 7360K, reserved 1048576K
GC Heap History (20 events):
Event: 4945.826 GC heap before
{Heap before GC invocations=476 (full 462):
 garbage-first heap   total 91136K, used 29741K [0x00000000c0000000, 0x0000000100000000)
  region size 1024K, 1 young (1024K), 0 survivors (0K)
 Metaspace       used 57826K, committed 58240K, reserved 1114112K
  class space    used 7144K, committed 7360K, reserved 1048576K
}
Event: 4945.862 GC heap after
{Heap after GC invocations=477 (full 463):
 garbage-first heap   total 91136K, used 29741K [0x00000000c0000000, 0x0000000100000000)
  region size 1024K, 0 young (0K), 0 survivors (0K)
 Metaspace       used 57826K, committed 58240K, reserved 1114112K
  class space    used 7144K, committed 7360K, reserved 1048576K
}
Event: 4956.049 GC heap before
{Heap before GC invocations=477 (full 463):
 garbage-first heap   total 91136K, used 29741K [0x00000000c0000000, 0x0000000100000000)
  region size 1024K, 1 young (1024K), 0 survivors (0K)
 Metaspace       used 57826K, committed 58240K, reserved 1114112K
  class space    used 7144K, committed 7360K, reserved 1048576K
}
Event: 4956.081 GC heap after
{Heap after GC invocations=478 (full 464):
 garbage-first heap   total 91136K, used 29741K [0x00000000c0000000, 0x0000000100000000)
  region size 1024K, 0 young (0K), 0 survivors (0K)
 Metaspace       used 57826K, committed 58240K, reserved 1114112K
  class space    used 7144K, committed 7360K, reserved 1048576K
}
Event: 4966.216 GC heap before
{Heap before GC invocations=478 (full 464):
 garbage-first heap   total 91136K, used 29741K [0x00000000c0000000, 0x0000000100000000)
  region size 1024K, 1 young (1024K), 0 survivors (0K)
 Metaspace       used 57826K, committed 58240K, reserved 1114112K
  class space    used 7144K, committed 7360K, reserved 1048576K
}
Event: 4966.237 GC heap after
{Heap after GC invocations=479 (full 465):
 garbage-first heap   total 91136K, used 29741K [0x00000000c0000000, 0x0000000100000000)
  region size 1024K, 0 young (0K), 0 survivors (0K)
 Metaspace       used 57826K, committed 58240K, reserved 1114112K
  class space    used 7144K, committed 7360K, reserved 1048576K
}
Event: 4976.369 GC heap before
{Heap before GC invocations=479 (full 465):
 garbage-first heap   total 91136K, used 29741K [0x00000000c0000000, 0x0000000100000000)
  region size 1024K, 1 young (1024K), 0 survivors (0K)
 Metaspace       used 57826K, committed 58240K, reserved 1114112K
  class space    used 7144K, committed 7360K, reserved 1048576K
}
Event: 4976.391 GC heap after
{Heap after GC invocations=480 (full 466):
 garbage-first heap   total 91136K, used 29741K [0x00000000c0000000, 0x0000000100000000)
  region size 1024K, 0 young (0K), 0 survivors (0K)
 Metaspace       used 57826K, committed 58240K, reserved 1114112K
  class space    used 7144K, committed 7360K, reserved 1048576K
}
Event: 4986.510 GC heap before
{Heap before GC invocations=480 (full 466):
 garbage-first heap   total 91136K, used 29741K [0x00000000c0000000, 0x0000000100000000)
  region size 1024K, 1 young (1024K), 0 survivors (0K)
 Metaspace       used 57826K, committed 58240K, reserved 1114112K
  class space    used 7144K, committed 7360K, reserved 1048576K
}
Event: 4986.532 GC heap after
{Heap after GC invocations=481 (full 467):
 garbage-first heap   total 91136K, used 29741K [0x00000000c0000000, 0x0000000100000000)
  region size 1024K, 0 young (0K), 0 survivors (0K)
 Metaspace       used 57826K, committed 58240K, reserved 1114112K
  class space    used 7144K, committed 7360K, reserved 1048576K
}
Event: 4996.657 GC heap before
{Heap before GC invocations=481 (full 467):
 garbage-first heap   total 91136K, used 29741K [0x00000000c0000000, 0x0000000100000000)
  region size 1024K, 1 young (1024K), 0 survivors (0K)
 Metaspace       used 57826K, committed 58240K, reserved 1114112K
  class space    used 7144K, committed 7360K, reserved 1048576K
}
Event: 4996.683 GC heap after
{Heap after GC invocations=482 (full 468):
 garbage-first heap   total 91136K, used 29741K [0x00000000c0000000, 0x0000000100000000)
  region size 1024K, 0 young (0K), 0 survivors (0K)
 Metaspace       used 57826K, committed 58240K, reserved 1114112K
  class space    used 7144K, committed 7360K, reserved 1048576K
}
Event: 5006.871 GC heap before
{Heap before GC invocations=482 (full 468):
 garbage-first heap   total 91136K, used 29741K [0x00000000c0000000, 0x0000000100000000)
  region size 1024K, 1 young (1024K), 0 survivors (0K)
 Metaspace       used 57826K, committed 58240K, reserved 1114112K
  class space    used 7144K, committed 7360K, reserved 1048576K
}
Event: 5006.898 GC heap after
{Heap after GC invocations=483 (full 469):
 garbage-first heap   total 91136K, used 29741K [0x00000000c0000000, 0x0000000100000000)
  region size 1024K, 0 young (0K), 0 survivors (0K)
 Metaspace       used 57826K, committed 58240K, reserved 1114112K
  class space    used 7144K, committed 7360K, reserved 1048576K
}
Event: 5017.026 GC heap before
{Heap before GC invocations=483 (full 469):
 garbage-first heap   total 91136K, used 29741K [0x00000000c0000000, 0x0000000100000000)
  region size 1024K, 1 young (1024K), 0 survivors (0K)
 Metaspace       used 57826K, committed 58240K, reserved 1114112K
  class space    used 7144K, committed 7360K, reserved 1048576K
}
Event: 5017.048 GC heap after
{Heap after GC invocations=484 (full 470):
 garbage-first heap   total 91136K, used 29741K [0x00000000c0000000, 0x0000000100000000)
  region size 1024K, 0 young (0K), 0 survivors (0K)
 Metaspace       used 57826K, committed 58240K, reserved 1114112K
  class space    used 7144K, committed 7360K, reserved 1048576K
}
Event: 5027.212 GC heap before
{Heap before GC invocations=484 (full 470):
 garbage-first heap   total 91136K, used 29741K [0x00000000c0000000, 0x0000000100000000)
  region size 1024K, 1 young (1024K), 0 survivors (0K)
 Metaspace       used 57826K, committed 58240K, reserved 1114112K
  class space    used 7144K, committed 7360K, reserved 1048576K
}
Event: 5027.240 GC heap after
{Heap after GC invocations=485 (full 471):
 garbage-first heap   total 91136K, used 29741K [0x00000000c0000000, 0x0000000100000000)
  region size 1024K, 0 young (0K), 0 survivors (0K)
 Metaspace       used 57826K, committed 58240K, reserved 1114112K
  class space    used 7144K, committed 7360K, reserved 1048576K
}
Event: 5037.389 GC heap before
{Heap before GC invocations=485 (full 471):
 garbage-first heap   total 91136K, used 29741K [0x00000000c0000000, 0x0000000100000000)
  region size 1024K, 1 young (1024K), 0 survivors (0K)
 Metaspace       used 57826K, committed 58240K, reserved 1114112K
  class space    used 7144K, committed 7360K, reserved 1048576K
}
Event: 5037.412 GC heap after
{Heap after GC invocations=486 (full 472):
 garbage-first heap   total 91136K, used 29741K [0x00000000c0000000, 0x0000000100000000)
  region size 1024K, 0 young (0K), 0 survivors (0K)
 Metaspace       used 57826K, committed 58240K, reserved 1114112K
  class space    used 7144K, committed 7360K, reserved 1048576K
}

