# JRE version: OpenJDK Runtime Environment Temurin-17.0.10+7 (17.0.10+7) (build 17.0.10+7)
# Java VM: OpenJDK 64-Bit Server VM Temurin-17.0.10+7 (17.0.10+7, mixed mode, emulated-client, tiered, compressed oops, compressed class ptrs, g1 gc, windows-amd64)
GC Precious Log:
 CPUs: 16 total, 16 available
 Memory: 7599M
 Large Page Support: Disabled
 NUMA Support: Disabled
 Compressed Oops: Enabled (32-bit)
 Heap Region Size: 1M
 Heap Min Capacity: 8M
 Heap Initial Capacity: 120M
 Heap Max Capacity: 1G
 Pre-touch: Disabled
 Parallel Workers: 13
 Concurrent Workers: 3
 Concurrent Refinement Workers: 13
 Periodic GC: Disabled
Heap:
 garbage-first heap   total 126976K, used 37343K [0x00000000c0000000, 0x0000000100000000)
  region size 1024K, 1 young (1024K), 0 survivors (0K)
 Metaspace       used 59263K, committed 59776K, reserved 1114112K
  class space    used 7386K, committed 7616K, reserved 1048576K
GC Heap History (20 events):
Event: 6368.543 GC heap before
{Heap before GC invocations=600 (full 565):
 garbage-first heap   total 126976K, used 36865K [0x00000000c0000000, 0x0000000100000000)
  region size 1024K, 1 young (1024K), 0 survivors (0K)
 Metaspace       used 59262K, committed 59776K, reserved 1114112K
  class space    used 7386K, committed 7616K, reserved 1048576K
}
Event: 6368.578 GC heap after
{Heap after GC invocations=601 (full 566):
 garbage-first heap   total 126976K, used 36865K [0x00000000c0000000, 0x0000000100000000)
  region size 1024K, 0 young (0K), 0 survivors (0K)
 Metaspace       used 59262K, committed 59776K, reserved 1114112K
  class space    used 7386K, committed 7616K, reserved 1048576K
}
Event: 6378.719 GC heap before
{Heap before GC invocations=601 (full 566):
 garbage-first heap   total 126976K, used 36865K [0x00000000c0000000, 0x0000000100000000)
  region size 1024K, 1 young (1024K), 0 survivors (0K)
 Metaspace       used 59262K, committed 59776K, reserved 1114112K
  class space    used 7386K, committed 7616K, reserved 1048576K
}
Event: 6378.753 GC heap after
{Heap after GC invocations=602 (full 567):
 garbage-first heap   total 126976K, used 36865K [0x00000000c0000000, 0x0000000100000000)
  region size 1024K, 0 young (0K), 0 survivors (0K)
 Metaspace       used 59262K, committed 59776K, reserved 1114112K
  class space    used 7386K, committed 7616K, reserved 1048576K
}
Event: 6388.865 GC heap before
{Heap before GC invocations=602 (full 567):
 garbage-first heap   total 126976K, used 36865K [0x00000000c0000000, 0x0000000100000000)
  region size 1024K, 1 young (1024K), 0 survivors (0K)
 Metaspace       used 59262K, committed 59776K, reserved 1114112K
  class space    used 7386K, committed 7616K, reserved 1048576K
}
Event: 6388.894 GC heap after
{Heap after GC invocations=603 (full 568):
 garbage-first heap   total 126976K, used 36865K [0x00000000c0000000, 0x0000000100000000)
  region size 1024K, 0 young (0K), 0 survivors (0K)
 Metaspace       used 59262K, committed 59776K, reserved 1114112K
  class space    used 7386K, committed 7616K, reserved 1048576K
}
Event: 6399.027 GC heap before
{Heap before GC invocations=603 (full 568):
 garbage-first heap   total 126976K, used 36865K [0x00000000c0000000, 0x0000000100000000)
  region size 1024K, 1 young (1024K), 0 survivors (0K)
 Metaspace       used 59262K, committed 59776K, reserved 1114112K
  class space    used 7386K, committed 7616K, reserved 1048576K
}
Event: 6399.064 GC heap after
{Heap after GC invocations=604 (full 569):
 garbage-first heap   total 126976K, used 36865K [0x00000000c0000000, 0x0000000100000000)
  region size 1024K, 0 young (0K), 0 survivors (0K)
 Metaspace       used 59262K, committed 59776K, reserved 1114112K
  class space    used 7386K, committed 7616K, reserved 1048576K
}
Event: 6481.886 GC heap before
{Heap before GC invocations=604 (full 569):
 garbage-first heap   total 126976K, used 105473K [0x00000000c0000000, 0x0000000100000000)
  region size 1024K, 67 young (68608K), 0 survivors (0K)
 Metaspace       used 59262K, committed 59776K, reserved 1114112K
  class space    used 7386K, committed 7616K, reserved 1048576K
}
Event: 6481.895 GC heap after
{Heap after GC invocations=605 (full 569):
 garbage-first heap   total 126976K, used 38020K [0x00000000c0000000, 0x0000000100000000)
  region size 1024K, 2 young (2048K), 2 survivors (2048K)
 Metaspace       used 59262K, committed 59776K, reserved 1114112K
  class space    used 7386K, committed 7616K, reserved 1048576K
}
Event: 6489.999 GC heap before
{Heap before GC invocations=606 (full 569):
 garbage-first heap   total 126976K, used 103507K [0x00000000c0000000, 0x0000000100000000)
  region size 1024K, 67 young (68608K), 2 survivors (2048K)
 Metaspace       used 59263K, committed 59776K, reserved 1114112K
  class space    used 7386K, committed 7616K, reserved 1048576K
}
Event: 6490.001 GC heap after
{Heap after GC invocations=607 (full 569):
 garbage-first heap   total 126976K, used 37069K [0x00000000c0000000, 0x0000000100000000)
  region size 1024K, 2 young (2048K), 2 survivors (2048K)
 Metaspace       used 59263K, committed 59776K, reserved 1114112K
  class space    used 7386K, committed 7616K, reserved 1048576K
}
Event: 6490.025 GC heap before
{Heap before GC invocations=607 (full 569):
 garbage-first heap   total 126976K, used 41165K [0x00000000c0000000, 0x0000000100000000)
  region size 1024K, 6 young (6144K), 2 survivors (2048K)
 Metaspace       used 59263K, committed 59776K, reserved 1114112K
  class space    used 7386K, committed 7616K, reserved 1048576K
}
Event: 6490.030 GC heap after
{Heap after GC invocations=608 (full 569):
 garbage-first heap   total 126976K, used 37671K [0x00000000c0000000, 0x0000000100000000)
  region size 1024K, 1 young (1024K), 1 survivors (1024K)
 Metaspace       used 59263K, committed 59776K, reserved 1114112K
  class space    used 7386K, committed 7616K, reserved 1048576K
}
Event: 6529.271 GC heap before
{Heap before GC invocations=608 (full 569):
 garbage-first heap   total 126976K, used 39719K [0x00000000c0000000, 0x0000000100000000)
  region size 1024K, 4 young (4096K), 1 survivors (1024K)
 Metaspace       used 59263K, committed 59776K, reserved 1114112K
  class space    used 7386K, committed 7616K, reserved 1048576K
}
Event: 6529.305 GC heap after
{Heap after GC invocations=609 (full 570):
 garbage-first heap   total 126976K, used 37343K [0x00000000c0000000, 0x0000000100000000)
  region size 1024K, 0 young (0K), 0 survivors (0K)
 Metaspace       used 59263K, committed 59776K, reserved 1114112K
  class space    used 7386K, committed 7616K, reserved 1048576K
}
Event: 6539.437 GC heap before
{Heap before GC invocations=609 (full 570):
 garbage-first heap   total 126976K, used 37343K [0x00000000c0000000, 0x0000000100000000)
  region size 1024K, 1 young (1024K), 0 survivors (0K)
 Metaspace       used 59263K, committed 59776K, reserved 1114112K
  class space    used 7386K, committed 7616K, reserved 1048576K
}
Event: 6539.465 GC heap after
{Heap after GC invocations=610 (full 571):
 garbage-first heap   total 126976K, used 37343K [0x00000000c0000000, 0x0000000100000000)
  region size 1024K, 0 young (0K), 0 survivors (0K)
 Metaspace       used 59263K, committed 59776K, reserved 1114112K
  class space    used 7386K, committed 7616K, reserved 1048576K
}
Event: 6549.601 GC heap before
{Heap before GC invocations=610 (full 571):
 garbage-first heap   total 126976K, used 37343K [0x00000000c0000000, 0x0000000100000000)
  region size 1024K, 1 young (1024K), 0 survivors (0K)
 Metaspace       used 59263K, committed 59776K, reserved 1114112K
  class space    used 7386K, committed 7616K, reserved 1048576K
}
Event: 6549.637 GC heap after
{Heap after GC invocations=611 (full 572):
 garbage-first heap   total 126976K, used 37343K [0x00000000c0000000, 0x0000000100000000)
  region size 1024K, 0 young (0K), 0 survivors (0K)
 Metaspace       used 59263K, committed 59776K, reserved 1114112K
  class space    used 7386K, committed 7616K, reserved 1048576K
}

