# JRE version: OpenJDK Runtime Environment Temurin-17.0.10+7 (17.0.10+7) (build 17.0.10+7)
# Java VM: OpenJDK 64-Bit Server VM Temurin-17.0.10+7 (17.0.10+7, mixed mode, emulated-client, tiered, compressed oops, compressed class ptrs, g1 gc, windows-amd64)
GC Precious Log:
 CPUs: 16 total, 16 available
 Memory: 7599M
 Large Page Support: Disabled
 NUMA Support: Disabled
 Compressed Oops: Enabled (32-bit)
 Heap Region Size: 1M
 Heap Min Capacity: 8M
 Heap Initial Capacity: 120M
 Heap Max Capacity: 1G
 Pre-touch: Disabled
 Parallel Workers: 13
 Concurrent Workers: 3
 Concurrent Refinement Workers: 13
 Periodic GC: Disabled
Heap:
 garbage-first heap   total 91136K, used 30611K [0x00000000c0000000, 0x0000000100000000)
  region size 1024K, 1 young (1024K), 0 survivors (0K)
 Metaspace       used 57298K, committed 57984K, reserved 1114112K
  class space    used 7079K, committed 7360K, reserved 1048576K
GC Heap History (20 events):
Event: 13.902 GC heap before
{Heap before GC invocations=10 (full 0):
 garbage-first heap   total 75776K, used 56225K [0x00000000c0000000, 0x0000000100000000)
  region size 1024K, 26 young (26624K), 3 survivors (3072K)
 Metaspace       used 47513K, committed 48000K, reserved 1114112K
  class space    used 5894K, committed 6144K, reserved 1048576K
}
Event: 13.906 GC heap after
{Heap after GC invocations=11 (full 0):
 garbage-first heap   total 75776K, used 37952K [0x00000000c0000000, 0x0000000100000000)
  region size 1024K, 4 young (4096K), 4 survivors (4096K)
 Metaspace       used 47513K, committed 48000K, reserved 1114112K
  class space    used 5894K, committed 6144K, reserved 1048576K
}
Event: 14.035 GC heap before
{Heap before GC invocations=11 (full 0):
 garbage-first heap   total 75776K, used 57408K [0x00000000c0000000, 0x0000000100000000)
  region size 1024K, 23 young (23552K), 4 survivors (4096K)
 Metaspace       used 49467K, committed 49920K, reserved 1114112K
  class space    used 6157K, committed 6400K, reserved 1048576K
}
Event: 14.038 GC heap after
{Heap after GC invocations=12 (full 0):
 garbage-first heap   total 75776K, used 40273K [0x00000000c0000000, 0x0000000100000000)
  region size 1024K, 3 young (3072K), 3 survivors (3072K)
 Metaspace       used 49467K, committed 49920K, reserved 1114112K
  class space    used 6157K, committed 6400K, reserved 1048576K
}
Event: 14.258 GC heap before
{Heap before GC invocations=13 (full 0):
 garbage-first heap   total 75776K, used 57681K [0x00000000c0000000, 0x0000000100000000)
  region size 1024K, 21 young (21504K), 3 survivors (3072K)
 Metaspace       used 52910K, committed 53312K, reserved 1114112K
  class space    used 6533K, committed 6720K, reserved 1048576K
}
Event: 14.261 GC heap after
{Heap after GC invocations=14 (full 0):
 garbage-first heap   total 91136K, used 41937K [0x00000000c0000000, 0x0000000100000000)
  region size 1024K, 2 young (2048K), 2 survivors (2048K)
 Metaspace       used 52910K, committed 53312K, reserved 1114112K
  class space    used 6533K, committed 6720K, reserved 1048576K
}
Event: 52.916 GC heap before
{Heap before GC invocations=14 (full 0):
 garbage-first heap   total 91136K, used 61393K [0x00000000c0000000, 0x0000000100000000)
  region size 1024K, 22 young (22528K), 2 survivors (2048K)
 Metaspace       used 57536K, committed 57984K, reserved 1114112K
  class space    used 7133K, committed 7360K, reserved 1048576K
}
Event: 52.999 GC heap after
{Heap after GC invocations=15 (full 1):
 garbage-first heap   total 91136K, used 34974K [0x00000000c0000000, 0x0000000100000000)
  region size 1024K, 0 young (0K), 0 survivors (0K)
 Metaspace       used 57536K, committed 57984K, reserved 1114112K
  class space    used 7133K, committed 7360K, reserved 1048576K
}
Event: 63.150 GC heap before
{Heap before GC invocations=15 (full 1):
 garbage-first heap   total 91136K, used 34974K [0x00000000c0000000, 0x0000000100000000)
  region size 1024K, 1 young (1024K), 0 survivors (0K)
 Metaspace       used 57536K, committed 57984K, reserved 1114112K
  class space    used 7133K, committed 7360K, reserved 1048576K
}
Event: 63.174 GC heap after
{Heap after GC invocations=16 (full 2):
 garbage-first heap   total 91136K, used 34979K [0x00000000c0000000, 0x0000000100000000)
  region size 1024K, 0 young (0K), 0 survivors (0K)
 Metaspace       used 57536K, committed 57984K, reserved 1114112K
  class space    used 7133K, committed 7360K, reserved 1048576K
}
Event: 103.377 GC heap before
{Heap before GC invocations=16 (full 2):
 garbage-first heap   total 91136K, used 36003K [0x00000000c0000000, 0x0000000100000000)
  region size 1024K, 2 young (2048K), 0 survivors (0K)
 Metaspace       used 57536K, committed 57984K, reserved 1114112K
  class space    used 7133K, committed 7360K, reserved 1048576K
}
Event: 103.419 GC heap after
{Heap after GC invocations=17 (full 3):
 garbage-first heap   total 91136K, used 34311K [0x00000000c0000000, 0x0000000100000000)
  region size 1024K, 0 young (0K), 0 survivors (0K)
 Metaspace       used 57515K, committed 57984K, reserved 1114112K
  class space    used 7128K, committed 7360K, reserved 1048576K
}
Event: 113.604 GC heap before
{Heap before GC invocations=17 (full 3):
 garbage-first heap   total 91136K, used 34311K [0x00000000c0000000, 0x0000000100000000)
  region size 1024K, 1 young (1024K), 0 survivors (0K)
 Metaspace       used 57515K, committed 57984K, reserved 1114112K
  class space    used 7128K, committed 7360K, reserved 1048576K
}
Event: 113.655 GC heap after
{Heap after GC invocations=18 (full 4):
 garbage-first heap   total 91136K, used 30611K [0x00000000c0000000, 0x0000000100000000)
  region size 1024K, 0 young (0K), 0 survivors (0K)
 Metaspace       used 57298K, committed 57984K, reserved 1114112K
  class space    used 7079K, committed 7360K, reserved 1048576K
}
Event: 123.849 GC heap before
{Heap before GC invocations=18 (full 4):
 garbage-first heap   total 91136K, used 30611K [0x00000000c0000000, 0x0000000100000000)
  region size 1024K, 1 young (1024K), 0 survivors (0K)
 Metaspace       used 57298K, committed 57984K, reserved 1114112K
  class space    used 7079K, committed 7360K, reserved 1048576K
}
Event: 123.884 GC heap after
{Heap after GC invocations=19 (full 5):
 garbage-first heap   total 91136K, used 30611K [0x00000000c0000000, 0x0000000100000000)
  region size 1024K, 0 young (0K), 0 survivors (0K)
 Metaspace       used 57298K, committed 57984K, reserved 1114112K
  class space    used 7079K, committed 7360K, reserved 1048576K
}
Event: 134.046 GC heap before
{Heap before GC invocations=19 (full 5):
 garbage-first heap   total 91136K, used 30611K [0x00000000c0000000, 0x0000000100000000)
  region size 1024K, 1 young (1024K), 0 survivors (0K)
 Metaspace       used 57298K, committed 57984K, reserved 1114112K
  class space    used 7079K, committed 7360K, reserved 1048576K
}
Event: 134.072 GC heap after
{Heap after GC invocations=20 (full 6):
 garbage-first heap   total 91136K, used 30611K [0x00000000c0000000, 0x0000000100000000)
  region size 1024K, 0 young (0K), 0 survivors (0K)
 Metaspace       used 57298K, committed 57984K, reserved 1114112K
  class space    used 7079K, committed 7360K, reserved 1048576K
}
Event: 144.258 GC heap before
{Heap before GC invocations=20 (full 6):
 garbage-first heap   total 91136K, used 30611K [0x00000000c0000000, 0x0000000100000000)
  region size 1024K, 1 young (1024K), 0 survivors (0K)
 Metaspace       used 57298K, committed 57984K, reserved 1114112K
  class space    used 7079K, committed 7360K, reserved 1048576K
}
Event: 144.283 GC heap after
{Heap after GC invocations=21 (full 7):
 garbage-first heap   total 91136K, used 30611K [0x00000000c0000000, 0x0000000100000000)
  region size 1024K, 0 young (0K), 0 survivors (0K)
 Metaspace       used 57298K, committed 57984K, reserved 1114112K
  class space    used 7079K, committed 7360K, reserved 1048576K
}

