# JRE version: OpenJDK Runtime Environment Temurin-17.0.10+7 (17.0.10+7) (build 17.0.10+7)
# Java VM: OpenJDK 64-Bit Server VM Temurin-17.0.10+7 (17.0.10+7, mixed mode, emulated-client, tiered, compressed oops, compressed class ptrs, g1 gc, windows-amd64)
GC Precious Log:
 CPUs: 16 total, 16 available
 Memory: 7599M
 Large Page Support: Disabled
 NUMA Support: Disabled
 Compressed Oops: Enabled (32-bit)
 Heap Region Size: 1M
 Heap Min Capacity: 8M
 Heap Initial Capacity: 120M
 Heap Max Capacity: 1G
 Pre-touch: Disabled
 Parallel Workers: 13
 Concurrent Workers: 3
 Concurrent Refinement Workers: 13
 Periodic GC: Disabled
Heap:
 garbage-first heap   total 118784K, used 35266K [0x00000000c0000000, 0x0000000100000000)
  region size 1024K, 1 young (1024K), 0 survivors (0K)
 Metaspace       used 58748K, committed 59456K, reserved 1114112K
  class space    used 7294K, committed 7552K, reserved 1048576K
GC Heap History (20 events):
Event: 1139.103 GC heap before
{Heap before GC invocations=114 (full 98):
 garbage-first heap   total 118784K, used 35266K [0x00000000c0000000, 0x0000000100000000)
  region size 1024K, 1 young (1024K), 0 survivors (0K)
 Metaspace       used 58748K, committed 59456K, reserved 1114112K
  class space    used 7294K, committed 7552K, reserved 1048576K
}
Event: 1139.128 GC heap after
{Heap after GC invocations=115 (full 99):
 garbage-first heap   total 118784K, used 35266K [0x00000000c0000000, 0x0000000100000000)
  region size 1024K, 0 young (0K), 0 survivors (0K)
 Metaspace       used 58748K, committed 59456K, reserved 1114112K
  class space    used 7294K, committed 7552K, reserved 1048576K
}
Event: 1149.256 GC heap before
{Heap before GC invocations=115 (full 99):
 garbage-first heap   total 118784K, used 35266K [0x00000000c0000000, 0x0000000100000000)
  region size 1024K, 1 young (1024K), 0 survivors (0K)
 Metaspace       used 58748K, committed 59456K, reserved 1114112K
  class space    used 7294K, committed 7552K, reserved 1048576K
}
Event: 1149.280 GC heap after
{Heap after GC invocations=116 (full 100):
 garbage-first heap   total 118784K, used 35266K [0x00000000c0000000, 0x0000000100000000)
  region size 1024K, 0 young (0K), 0 survivors (0K)
 Metaspace       used 58748K, committed 59456K, reserved 1114112K
  class space    used 7294K, committed 7552K, reserved 1048576K
}
Event: 1159.427 GC heap before
{Heap before GC invocations=116 (full 100):
 garbage-first heap   total 118784K, used 35266K [0x00000000c0000000, 0x0000000100000000)
  region size 1024K, 1 young (1024K), 0 survivors (0K)
 Metaspace       used 58748K, committed 59456K, reserved 1114112K
  class space    used 7294K, committed 7552K, reserved 1048576K
}
Event: 1159.461 GC heap after
{Heap after GC invocations=117 (full 101):
 garbage-first heap   total 118784K, used 35266K [0x00000000c0000000, 0x0000000100000000)
  region size 1024K, 0 young (0K), 0 survivors (0K)
 Metaspace       used 58748K, committed 59456K, reserved 1114112K
  class space    used 7294K, committed 7552K, reserved 1048576K
}
Event: 1169.590 GC heap before
{Heap before GC invocations=117 (full 101):
 garbage-first heap   total 118784K, used 35266K [0x00000000c0000000, 0x0000000100000000)
  region size 1024K, 1 young (1024K), 0 survivors (0K)
 Metaspace       used 58748K, committed 59456K, reserved 1114112K
  class space    used 7294K, committed 7552K, reserved 1048576K
}
Event: 1169.616 GC heap after
{Heap after GC invocations=118 (full 102):
 garbage-first heap   total 118784K, used 35266K [0x00000000c0000000, 0x0000000100000000)
  region size 1024K, 0 young (0K), 0 survivors (0K)
 Metaspace       used 58748K, committed 59456K, reserved 1114112K
  class space    used 7294K, committed 7552K, reserved 1048576K
}
Event: 1179.744 GC heap before
{Heap before GC invocations=118 (full 102):
 garbage-first heap   total 118784K, used 35266K [0x00000000c0000000, 0x0000000100000000)
  region size 1024K, 1 young (1024K), 0 survivors (0K)
 Metaspace       used 58748K, committed 59456K, reserved 1114112K
  class space    used 7294K, committed 7552K, reserved 1048576K
}
Event: 1179.766 GC heap after
{Heap after GC invocations=119 (full 103):
 garbage-first heap   total 118784K, used 35266K [0x00000000c0000000, 0x0000000100000000)
  region size 1024K, 0 young (0K), 0 survivors (0K)
 Metaspace       used 58748K, committed 59456K, reserved 1114112K
  class space    used 7294K, committed 7552K, reserved 1048576K
}
Event: 1190.002 GC heap before
{Heap before GC invocations=119 (full 103):
 garbage-first heap   total 118784K, used 35266K [0x00000000c0000000, 0x0000000100000000)
  region size 1024K, 1 young (1024K), 0 survivors (0K)
 Metaspace       used 58748K, committed 59456K, reserved 1114112K
  class space    used 7294K, committed 7552K, reserved 1048576K
}
Event: 1190.051 GC heap after
{Heap after GC invocations=120 (full 104):
 garbage-first heap   total 118784K, used 35266K [0x00000000c0000000, 0x0000000100000000)
  region size 1024K, 0 young (0K), 0 survivors (0K)
 Metaspace       used 58748K, committed 59456K, reserved 1114112K
  class space    used 7294K, committed 7552K, reserved 1048576K
}
Event: 1200.187 GC heap before
{Heap before GC invocations=120 (full 104):
 garbage-first heap   total 118784K, used 35266K [0x00000000c0000000, 0x0000000100000000)
  region size 1024K, 1 young (1024K), 0 survivors (0K)
 Metaspace       used 58748K, committed 59456K, reserved 1114112K
  class space    used 7294K, committed 7552K, reserved 1048576K
}
Event: 1200.210 GC heap after
{Heap after GC invocations=121 (full 105):
 garbage-first heap   total 118784K, used 35266K [0x00000000c0000000, 0x0000000100000000)
  region size 1024K, 0 young (0K), 0 survivors (0K)
 Metaspace       used 58748K, committed 59456K, reserved 1114112K
  class space    used 7294K, committed 7552K, reserved 1048576K
}
Event: 1210.496 GC heap before
{Heap before GC invocations=121 (full 105):
 garbage-first heap   total 118784K, used 35266K [0x00000000c0000000, 0x0000000100000000)
  region size 1024K, 1 young (1024K), 0 survivors (0K)
 Metaspace       used 58748K, committed 59456K, reserved 1114112K
  class space    used 7294K, committed 7552K, reserved 1048576K
}
Event: 1210.538 GC heap after
{Heap after GC invocations=122 (full 106):
 garbage-first heap   total 118784K, used 35266K [0x00000000c0000000, 0x0000000100000000)
  region size 1024K, 0 young (0K), 0 survivors (0K)
 Metaspace       used 58748K, committed 59456K, reserved 1114112K
  class space    used 7294K, committed 7552K, reserved 1048576K
}
Event: 1220.679 GC heap before
{Heap before GC invocations=122 (full 106):
 garbage-first heap   total 118784K, used 35266K [0x00000000c0000000, 0x0000000100000000)
  region size 1024K, 1 young (1024K), 0 survivors (0K)
 Metaspace       used 58748K, committed 59456K, reserved 1114112K
  class space    used 7294K, committed 7552K, reserved 1048576K
}
Event: 1220.708 GC heap after
{Heap after GC invocations=123 (full 107):
 garbage-first heap   total 118784K, used 35266K [0x00000000c0000000, 0x0000000100000000)
  region size 1024K, 0 young (0K), 0 survivors (0K)
 Metaspace       used 58748K, committed 59456K, reserved 1114112K
  class space    used 7294K, committed 7552K, reserved 1048576K
}
Event: 1230.875 GC heap before
{Heap before GC invocations=123 (full 107):
 garbage-first heap   total 118784K, used 35266K [0x00000000c0000000, 0x0000000100000000)
  region size 1024K, 1 young (1024K), 0 survivors (0K)
 Metaspace       used 58748K, committed 59456K, reserved 1114112K
  class space    used 7294K, committed 7552K, reserved 1048576K
}
Event: 1230.905 GC heap after
{Heap after GC invocations=124 (full 108):
 garbage-first heap   total 118784K, used 35266K [0x00000000c0000000, 0x0000000100000000)
  region size 1024K, 0 young (0K), 0 survivors (0K)
 Metaspace       used 58748K, committed 59456K, reserved 1114112K
  class space    used 7294K, committed 7552K, reserved 1048576K
}

